Log file open, 03/16/20 12:20:10
LogWindows: Failed to load 'aqProf.dll' (GetLastError=126)
LogWindows: File 'aqProf.dll' does not exist
LogWindows: Failed to load 'VtuneApi.dll' (GetLastError=126)
LogWindows: File 'VtuneApi.dll' does not exist
LogWindows: Failed to load 'VtuneApi32e.dll' (GetLastError=126)
LogWindows: File 'VtuneApi32e.dll' does not exist
LogInit: Display: Running engine for game: ArenaBattle
LogPlatformFile: Not using cached read wrapper
LogInit: Display: RandInit(141640665) SRandInit(141640665).
LogInit: Read version file with build ID '3944462'
LogInit: Overriding engine version to CL 4033788, compatible CL 3944462
LogInit: Registered custom module enumerator with build ID '3944462'
LogTaskGraph: Started task graph with 5 named threads and 23 total threads with 3 sets of task threads.
LogStats: Stats thread started at 0.306556
LogD3D11RHI: Aftermath initialized
LogICUInternationalization: Display: ICU TimeZone Detection - Raw Offset: +9:00, Platform Override: ''
LogPluginManager: Mounting plugin Paper2D
LogPluginManager: Mounting plugin LiveLink
LogPluginManager: Mounting plugin LightPropagationVolume
LogPluginManager: Mounting plugin CLionSourceCodeAccess
LogPluginManager: Mounting plugin CodeLiteSourceCodeAccess
LogPluginManager: Mounting plugin GitSourceControl
LogPluginManager: Mounting plugin KDevelopSourceCodeAccess
LogPluginManager: Mounting plugin NullSourceCodeAccess
LogPluginManager: Mounting plugin PerforceSourceControl
LogPluginManager: Mounting plugin SubversionSourceControl
LogPluginManager: Mounting plugin UObjectPlugin
LogPluginManager: Mounting plugin VisualStudioCodeSourceCodeAccess
LogPluginManager: Mounting plugin VisualStudioSourceCodeAccess
LogPluginManager: Mounting plugin XCodeSourceCodeAccess
LogPluginManager: Mounting plugin AssetManagerEditor
LogPluginManager: Mounting plugin CryptoKeys
LogPluginManager: Mounting plugin DataValidation
LogPluginManager: Mounting plugin FacialAnimation
LogPluginManager: Mounting plugin GameplayTagsEditor
LogPluginManager: Mounting plugin MobileLauncherProfileWizard
LogPluginManager: Mounting plugin PluginBrowser
LogPluginManager: Mounting plugin SpeedTreeImporter
LogPluginManager: Mounting plugin DatasmithContent
LogPluginManager: Mounting plugin AlembicImporter
LogPluginManager: Mounting plugin CharacterAI
LogPluginManager: Mounting plugin HTML5Networking
LogPluginManager: Mounting plugin AndroidMedia
LogPluginManager: Mounting plugin AvfMedia
LogPluginManager: Mounting plugin ImgMedia
LogPluginManager: Mounting plugin LinearTimecode
LogPluginManager: Mounting plugin MediaCompositing
LogPluginManager: Mounting plugin MediaPlayerEditor
LogPluginManager: Mounting plugin WmfMedia
LogPluginManager: Mounting plugin TcpMessaging
LogPluginManager: Mounting plugin UdpMessaging
LogPluginManager: Mounting plugin ActorSequence
LogPluginManager: Mounting plugin LevelSequenceEditor
LogPluginManager: Mounting plugin MatineeToLevelSequence
LogPluginManager: Mounting plugin NetcodeUnitTest
LogPluginManager: Mounting plugin NUTUnrealEngine4
LogPluginManager: Mounting plugin OnlineSubsystemGooglePlay
LogPluginManager: Mounting plugin OnlineSubsystemIOS
LogPluginManager: Mounting plugin OnlineSubsystem
LogPluginManager: Mounting plugin OnlineSubsystemNull
LogPluginManager: Mounting plugin OnlineSubsystemUtils
LogPluginManager: Mounting plugin AndroidDeviceProfileSelector
LogPluginManager: Mounting plugin AndroidMoviePlayer
LogPluginManager: Mounting plugin AndroidPermission
LogPluginManager: Mounting plugin AppleARKit
LogPluginManager: Mounting plugin AppleMoviePlayer
LogPluginManager: Mounting plugin ArchVisCharacter
LogPluginManager: Mounting plugin AudioCapture
LogPluginManager: Mounting plugin CableComponent
LogPluginManager: Mounting plugin CustomMeshComponent
LogPluginManager: Mounting plugin ExampleDeviceProfileSelector
LogPluginManager: Mounting plugin GoogleCloudMessaging
LogPluginManager: Mounting plugin ImmediatePhysics
LogPluginManager: Mounting plugin IOSDeviceProfileSelector
LogPluginManager: Mounting plugin LinuxDeviceProfileSelector
LogPluginManager: Mounting plugin LocationServicesBPLibrary
LogPluginManager: Mounting plugin MobilePatchingUtils
LogPluginManager: Mounting plugin OculusVR
LogPluginManager: Plugin shader directory ../../../Engine/Plugins/Runtime/Oculus/OculusVR/Shaders found
LogPluginManager: Mapping shader source directory ../../../Engine/Plugins/Runtime/Oculus/OculusVR/Shaders to virtual directory /Plugin/OculusVR
LogPluginManager: Mounting plugin PhysXVehicles
LogPluginManager: Mounting plugin ProceduralMeshComponent
LogPluginManager: Mounting plugin RuntimePhysXCooking
LogPluginManager: Mounting plugin SteamVR
LogPluginManager: Mounting plugin WindowsMoviePlayer
LogStreaming: Display: Took  0.169s to configure plugins.
LogModuleManager: Display: Found up-to-date module file ../../../../../../dev/ArenaBattle/Binaries/Win64/UE4Editor-ArenaBattleSetting-227.dll (API version 3944462).
LogModuleManager: Display: Found up-to-date module file ../../../../../../dev/ArenaBattle/Binaries/Win64/UE4Editor-ArenaBattle-2609.dll (API version 3944462).
LogModuleManager: Display: Found up-to-date module file ../../../Engine/Plugins/2D/Paper2D/Binaries/Win64/UE4Editor-Paper2D.dll (API version 3944462).
LogModuleManager: Display: Found up-to-date module file ../../../Engine/Plugins/2D/Paper2D/Binaries/Win64/UE4Editor-Paper2DEditor.dll (API version 3944462).
LogModuleManager: Display: Found up-to-date module file ../../../Engine/Plugins/2D/Paper2D/Binaries/Win64/UE4Editor-PaperSpriteSheetImporter.dll (API version 3944462).
LogModuleManager: Display: Found up-to-date module file ../../../Engine/Plugins/2D/Paper2D/Binaries/Win64/UE4Editor-PaperTiledImporter.dll (API version 3944462).
LogModuleManager: Display: Found up-to-date module file ../../../Engine/Plugins/2D/Paper2D/Binaries/Win64/UE4Editor-SmartSnapping.dll (API version 3944462).
LogModuleManager: Display: Found up-to-date module file ../../../Engine/Plugins/Animation/LiveLink/Binaries/Win64/UE4Editor-LiveLink.dll (API version 3944462).
LogModuleManager: Display: Found up-to-date module file ../../../Engine/Plugins/Animation/LiveLink/Binaries/Win64/UE4Editor-LiveLinkEditor.dll (API version 3944462).
LogModuleManager: Display: Found up-to-date module file ../../../Engine/Plugins/Blendables/LightPropagationVolume/Binaries/Win64/UE4Editor-LightPropagationVolumeRuntime.dll (API version 3944462).
LogModuleManager: Display: Found up-to-date module file ../../../Engine/Plugins/Blendables/LightPropagationVolume/Binaries/Win64/UE4Editor-LightPropagationVolumeEditor.dll (API version 3944462).
LogModuleManager: Display: Found up-to-date module file ../../../Engine/Plugins/Developer/CLionSourceCodeAccess/Binaries/Win64/UE4Editor-CLionSourceCodeAccess.dll (API version 3944462).
LogModuleManager: Display: Found up-to-date module file ../../../Engine/Plugins/Developer/GitSourceControl/Binaries/Win64/UE4Editor-GitSourceControl.dll (API version 3944462).
LogModuleManager: Display: Found up-to-date module file ../../../Engine/Plugins/Developer/PerforceSourceControl/Binaries/Win64/UE4Editor-PerforceSourceControl.dll (API version 3944462).
LogModuleManager: Display: Found up-to-date module file ../../../Engine/Plugins/Developer/SubversionSourceControl/Binaries/Win64/UE4Editor-SubversionSourceControl.dll (API version 3944462).
LogModuleManager: Display: Found up-to-date module file ../../../Engine/Plugins/Developer/UObjectPlugin/Binaries/Win64/UE4Editor-UObjectPlugin.dll (API version 3944462).
LogModuleManager: Display: Found up-to-date module file ../../../Engine/Plugins/Developer/VisualStudioCodeSourceCodeAccess/Binaries/Win64/UE4Editor-VisualStudioCodeSourceCodeAccess.dll (API version 3944462).
LogModuleManager: Display: Found up-to-date module file ../../../Engine/Plugins/Developer/VisualStudioSourceCodeAccess/Binaries/Win64/UE4Editor-VisualStudioSourceCodeAccess.dll (API version 3944462).
LogModuleManager: Display: Found up-to-date module file ../../../Engine/Plugins/Editor/AssetManagerEditor/Binaries/Win64/UE4Editor-AssetManagerEditor.dll (API version 3944462).
LogModuleManager: Display: Found up-to-date module file ../../../Engine/Plugins/Editor/CryptoKeys/Binaries/Win64/UE4Editor-CryptoKeys.dll (API version 3944462).
LogModuleManager: Display: Found up-to-date module file ../../../Engine/Plugins/Editor/CryptoKeys/Binaries/Win64/UE4Editor-CryptoKeysOpenSSL.dll (API version 3944462).
LogModuleManager: Display: Found up-to-date module file ../../../Engine/Plugins/Editor/DataValidation/Binaries/Win64/UE4Editor-DataValidation.dll (API version 3944462).
LogModuleManager: Display: Found up-to-date module file ../../../Engine/Plugins/Editor/FacialAnimation/Binaries/Win64/UE4Editor-FacialAnimation.dll (API version 3944462).
LogModuleManager: Display: Found up-to-date module file ../../../Engine/Plugins/Editor/FacialAnimation/Binaries/Win64/UE4Editor-FacialAnimationEditor.dll (API version 3944462).
LogModuleManager: Display: Found up-to-date module file ../../../Engine/Plugins/Editor/GameplayTagsEditor/Binaries/Win64/UE4Editor-GameplayTagsEditor.dll (API version 3944462).
LogModuleManager: Display: Found up-to-date module file ../../../Engine/Plugins/Editor/MobileLauncherProfileWizard/Binaries/Win64/UE4Editor-MobileLauncherProfileWizard.dll (API version 3944462).
LogModuleManager: Display: Found up-to-date module file ../../../Engine/Plugins/Editor/PluginBrowser/Binaries/Win64/UE4Editor-PluginBrowser.dll (API version 3944462).
LogModuleManager: Display: Found up-to-date module file ../../../Engine/Plugins/Editor/SpeedTreeImporter/Binaries/Win64/UE4Editor-SpeedTreeImporter.dll (API version 3944462).
LogModuleManager: Display: Found up-to-date module file ../../../Engine/Plugins/Enterprise/DatasmithContent/Binaries/Win64/UE4Editor-DatasmithContent.dll (API version 3944462).
LogModuleManager: Display: Found up-to-date module file ../../../Engine/Plugins/Experimental/AlembicImporter/Binaries/Win64/UE4Editor-AlembicImporter.dll (API version 3944462).
LogModuleManager: Display: Found up-to-date module file ../../../Engine/Plugins/Experimental/AlembicImporter/Binaries/Win64/UE4Editor-AlembicLibrary.dll (API version 3944462).
LogModuleManager: Display: Found up-to-date module file ../../../Engine/Plugins/Experimental/CharacterAI/Binaries/Win64/UE4Editor-CharacterAI.dll (API version 3944462).
LogModuleManager: Display: Found up-to-date module file ../../../Engine/Plugins/Experimental/HTML5Networking/Binaries/Win64/UE4Editor-HTML5Networking.dll (API version 3944462).
LogModuleManager: Display: Found up-to-date module file ../../../Engine/Plugins/Media/AndroidMedia/Binaries/Win64/UE4Editor-AndroidMediaEditor.dll (API version 3944462).
LogModuleManager: Display: Found up-to-date module file ../../../Engine/Plugins/Media/AndroidMedia/Binaries/Win64/UE4Editor-AndroidMediaFactory.dll (API version 3944462).
LogModuleManager: Display: Found up-to-date module file ../../../Engine/Plugins/Media/AvfMedia/Binaries/Win64/UE4Editor-AvfMediaEditor.dll (API version 3944462).
LogModuleManager: Display: Found up-to-date module file ../../../Engine/Plugins/Media/AvfMedia/Binaries/Win64/UE4Editor-AvfMediaFactory.dll (API version 3944462).
LogModuleManager: Display: Found up-to-date module file ../../../Engine/Plugins/Media/AvfMedia/Binaries/Win64/UE4Editor-AvfMediaFactory.dll (API version 3944462).
LogModuleManager: Display: Found up-to-date module file ../../../Engine/Plugins/Media/ImgMedia/Binaries/Win64/UE4Editor-ImgMedia.dll (API version 3944462).
LogModuleManager: Display: Found up-to-date module file ../../../Engine/Plugins/Media/ImgMedia/Binaries/Win64/UE4Editor-ImgMediaEditor.dll (API version 3944462).
LogModuleManager: Display: Found up-to-date module file ../../../Engine/Plugins/Media/ImgMedia/Binaries/Win64/UE4Editor-ImgMediaFactory.dll (API version 3944462).
LogModuleManager: Display: Found up-to-date module file ../../../Engine/Plugins/Media/ImgMedia/Binaries/Win64/UE4Editor-ImgMediaFactory.dll (API version 3944462).
LogModuleManager: Display: Found up-to-date module file ../../../Engine/Plugins/Media/ImgMedia/Binaries/Win64/UE4Editor-OpenExrWrapper.dll (API version 3944462).
LogModuleManager: Display: Found up-to-date module file ../../../Engine/Plugins/Media/LinearTimecode/Binaries/Win64/UE4Editor-LinearTimecode.dll (API version 3944462).
LogModuleManager: Display: Found up-to-date module file ../../../Engine/Plugins/Media/MediaCompositing/Binaries/Win64/UE4Editor-MediaCompositing.dll (API version 3944462).
LogModuleManager: Display: Found up-to-date module file ../../../Engine/Plugins/Media/MediaCompositing/Binaries/Win64/UE4Editor-MediaCompositingEditor.dll (API version 3944462).
LogModuleManager: Display: Found up-to-date module file ../../../Engine/Plugins/Media/MediaPlayerEditor/Binaries/Win64/UE4Editor-MediaPlayerEditor.dll (API version 3944462).
LogModuleManager: Display: Found up-to-date module file ../../../Engine/Plugins/Media/WmfMedia/Binaries/Win64/UE4Editor-WmfMedia.dll (API version 3944462).
LogModuleManager: Display: Found up-to-date module file ../../../Engine/Plugins/Media/WmfMedia/Binaries/Win64/UE4Editor-WmfMediaEditor.dll (API version 3944462).
LogModuleManager: Display: Found up-to-date module file ../../../Engine/Plugins/Media/WmfMedia/Binaries/Win64/UE4Editor-WmfMediaFactory.dll (API version 3944462).
LogModuleManager: Display: Found up-to-date module file ../../../Engine/Plugins/Media/WmfMedia/Binaries/Win64/UE4Editor-WmfMediaFactory.dll (API version 3944462).
LogModuleManager: Display: Found up-to-date module file ../../../Engine/Plugins/Messaging/TcpMessaging/Binaries/Win64/UE4Editor-TcpMessaging.dll (API version 3944462).
LogModuleManager: Display: Found up-to-date module file ../../../Engine/Plugins/Messaging/UdpMessaging/Binaries/Win64/UE4Editor-UdpMessaging.dll (API version 3944462).
LogModuleManager: Display: Found up-to-date module file ../../../Engine/Plugins/MovieScene/ActorSequence/Binaries/Win64/UE4Editor-ActorSequence.dll (API version 3944462).
LogModuleManager: Display: Found up-to-date module file ../../../Engine/Plugins/MovieScene/LevelSequenceEditor/Binaries/Win64/UE4Editor-LevelSequenceEditor.dll (API version 3944462).
LogModuleManager: Display: Found up-to-date module file ../../../Engine/Plugins/MovieScene/MatineeToLevelSequence/Binaries/Win64/UE4Editor-MatineeToLevelSequence.dll (API version 3944462).
LogModuleManager: Display: Found up-to-date module file ../../../Engine/Plugins/NetcodeUnitTest/NetcodeUnitTest/Binaries/Win64/UE4Editor-NetcodeUnitTest.dll (API version 3944462).
LogModuleManager: Display: Found up-to-date module file ../../../Engine/Plugins/NetcodeUnitTest/NUTUnrealEngine4/Binaries/Win64/UE4Editor-NUTUnrealEngine4.dll (API version 3944462).
LogModuleManager: Display: Found up-to-date module file ../../../Engine/Plugins/Online/OnlineSubsystem/Binaries/Win64/UE4Editor-OnlineSubsystem.dll (API version 3944462).
LogModuleManager: Display: Found up-to-date module file ../../../Engine/Plugins/Online/OnlineSubsystemNull/Binaries/Win64/UE4Editor-OnlineSubsystemNull.dll (API version 3944462).
LogModuleManager: Display: Found up-to-date module file ../../../Engine/Plugins/Online/OnlineSubsystemUtils/Binaries/Win64/UE4Editor-OnlineSubsystemUtils.dll (API version 3944462).
LogModuleManager: Display: Found up-to-date module file ../../../Engine/Plugins/Online/OnlineSubsystemUtils/Binaries/Win64/UE4Editor-OnlineBlueprintSupport.dll (API version 3944462).
LogModuleManager: Display: Found up-to-date module file ../../../Engine/Plugins/Runtime/AndroidDeviceProfileSelector/Binaries/Win64/UE4Editor-AndroidDeviceProfileSelector.dll (API version 3944462).
LogModuleManager: Display: Found up-to-date module file ../../../Engine/Plugins/Runtime/AndroidPermission/Binaries/Win64/UE4Editor-AndroidPermission.dll (API version 3944462).
LogModuleManager: Display: Found up-to-date module file ../../../Engine/Plugins/Runtime/AppleARKit/Binaries/Win64/UE4Editor-AppleARKit.dll (API version 3944462).
LogModuleManager: Display: Found up-to-date module file ../../../Engine/Plugins/Runtime/ArchVisCharacter/Binaries/Win64/UE4Editor-ArchVisCharacter.dll (API version 3944462).
LogModuleManager: Display: Found up-to-date module file ../../../Engine/Plugins/Runtime/AudioCapture/Binaries/Win64/UE4Editor-AudioCapture.dll (API version 3944462).
LogModuleManager: Display: Found up-to-date module file ../../../Engine/Plugins/Runtime/AudioCapture/Binaries/Win64/UE4Editor-AudioCaptureEditor.dll (API version 3944462).
LogModuleManager: Display: Found up-to-date module file ../../../Engine/Plugins/Runtime/CableComponent/Binaries/Win64/UE4Editor-CableComponent.dll (API version 3944462).
LogModuleManager: Display: Found up-to-date module file ../../../Engine/Plugins/Runtime/CustomMeshComponent/Binaries/Win64/UE4Editor-CustomMeshComponent.dll (API version 3944462).
LogModuleManager: Display: Found up-to-date module file ../../../Engine/Plugins/Runtime/ExampleDeviceProfileSelector/Binaries/Win64/UE4Editor-ExampleDeviceProfileSelector.dll (API version 3944462).
LogModuleManager: Display: Found up-to-date module file ../../../Engine/Plugins/Runtime/ImmediatePhysics/Binaries/Win64/UE4Editor-ImmediatePhysics.dll (API version 3944462).
LogModuleManager: Display: Found up-to-date module file ../../../Engine/Plugins/Runtime/ImmediatePhysics/Binaries/Win64/UE4Editor-ImmediatePhysicsEditor.dll (API version 3944462).
LogModuleManager: Display: Found up-to-date module file ../../../Engine/Plugins/Runtime/LocationServicesBPLibrary/Binaries/Win64/UE4Editor-LocationServicesBPLibrary.dll (API version 3944462).
LogModuleManager: Display: Found up-to-date module file ../../../Engine/Plugins/Runtime/MobilePatchingUtils/Binaries/Win64/UE4Editor-MobilePatchingUtils.dll (API version 3944462).
LogModuleManager: Display: Found up-to-date module file ../../../Engine/Plugins/Runtime/Oculus/OculusVR/Binaries/Win64/UE4Editor-OculusHMD.dll (API version 3944462).
LogModuleManager: Display: Found up-to-date module file ../../../Engine/Plugins/Runtime/Oculus/OculusVR/Binaries/Win64/UE4Editor-OculusInput.dll (API version 3944462).
LogModuleManager: Display: Found up-to-date module file ../../../Engine/Plugins/Runtime/Oculus/OculusVR/Binaries/Win64/UE4Editor-OculusEditor.dll (API version 3944462).
LogModuleManager: Display: Found up-to-date module file ../../../Engine/Plugins/Runtime/PhysXVehicles/Binaries/Win64/UE4Editor-PhysXVehicles.dll (API version 3944462).
LogModuleManager: Display: Found up-to-date module file ../../../Engine/Plugins/Runtime/PhysXVehicles/Binaries/Win64/UE4Editor-PhysXVehiclesEditor.dll (API version 3944462).
LogModuleManager: Display: Found up-to-date module file ../../../Engine/Plugins/Runtime/ProceduralMeshComponent/Binaries/Win64/UE4Editor-ProceduralMeshComponent.dll (API version 3944462).
LogModuleManager: Display: Found up-to-date module file ../../../Engine/Plugins/Runtime/ProceduralMeshComponent/Binaries/Win64/UE4Editor-ProceduralMeshComponentEditor.dll (API version 3944462).
LogModuleManager: Display: Found up-to-date module file ../../../Engine/Plugins/Runtime/RuntimePhysXCooking/Binaries/Win64/UE4Editor-RuntimePhysXCooking.dll (API version 3944462).
LogModuleManager: Display: Found up-to-date module file ../../../Engine/Plugins/Runtime/Steam/SteamVR/Binaries/Win64/UE4Editor-SteamVR.dll (API version 3944462).
LogModuleManager: Display: Found up-to-date module file ../../../Engine/Plugins/Runtime/Steam/SteamVR/Binaries/Win64/UE4Editor-SteamVRController.dll (API version 3944462).
LogModuleManager: Display: Found up-to-date module file ../../../Engine/Plugins/Runtime/WindowsMoviePlayer/Binaries/Win64/UE4Editor-WindowsMoviePlayer.dll (API version 3944462).
LogInit: Using libcurl 7.47.1
LogInit:  - built for x86_64-pc-win32
LogInit:  - supports SSL with OpenSSL/1.0.2g
LogInit:  - supports HTTP deflate (compression) using libz 1.2.8
LogInit:  - other features:
LogInit:      CURL_VERSION_SSL
LogInit:      CURL_VERSION_LIBZ
LogInit:      CURL_VERSION_IPV6
LogInit:      CURL_VERSION_ASYNCHDNS
LogInit:      CURL_VERSION_LARGEFILE
LogInit:      CURL_VERSION_IDN
LogInit:  CurlRequestOptions (configurable via config and command line):
LogInit:  - bVerifyPeer = false  - Libcurl will NOT verify peer certificate
LogInit:  - bUseHttpProxy = false  - Libcurl will NOT use HTTP proxy
LogInit:  - bDontReuseConnections = false  - Libcurl will reuse connections
LogInit:  - CertBundlePath = nullptr  - Libcurl will use whatever was configured at build time.
LogInit:  - MaxHostConnections = 16  - Libcurl will limit the number of connections to a host
LogInit:  - LocalHostAddr = Default
LogInit: WinSock: version 1.1 (2.2), MaxSocks=32767, MaxUdp=65467
LogInit: WinSock: I am DESKTOP-2UPP01C (192.168.0.73:0)
LogInit: Build: ++UE4+Release-4.19-CL-4033788
LogInit: Engine Version: 4.19.2-4033788+++UE4+Release-4.19
LogInit: Compatible Engine Version: 4.19.0-3944462+++UE4+Release-4.19
LogInit: Net CL: 3944462
LogDevObjectVersion: Number of dev versions registered: 18
LogDevObjectVersion:   Dev-Blueprints (B0D832E4-1F89-4F0D-ACCF-7EB736FD4AA2): 10
LogDevObjectVersion:   Dev-Build (E1C64328-A22C-4D53-A36C-8E866417BD8C): 0
LogDevObjectVersion:   Dev-Core (375EC13C-06E4-48FB-B500-84F0262A717E): 2
LogDevObjectVersion:   Dev-Editor (E4B068ED-F494-42E9-A231-DA0B2E46BB41): 23
LogDevObjectVersion:   Dev-Framework (CFFC743F-43B0-4480-9391-14DF171D2073): 33
LogDevObjectVersion:   Dev-Mobile (B02B49B5-BB20-44E9-A304-32B752E40360): 2
LogDevObjectVersion:   Dev-Networking (A4E4105C-59A1-49B5-A7C5-40C4547EDFEE): 0
LogDevObjectVersion:   Dev-Online (39C831C9-5AE6-47DC-9A44-9C173E1C8E7C): 0
LogDevObjectVersion:   Dev-Physics (78F01B33-EBEA-4F98-B9B4-84EACCB95AA2): 0
LogDevObjectVersion:   Dev-Platform (6631380F-2D4D-43E0-8009-CF276956A95A): 0
LogDevObjectVersion:   Dev-Rendering (12F88B9F-8875-4AFC-A67C-D90C383ABD29): 25
LogDevObjectVersion:   Dev-Sequencer (7B5AE74C-D270-4C10-A958-57980B212A5A): 6
LogDevObjectVersion:   Dev-VR (D7296918-1DD6-4BDD-9DE2-64A83CC13884): 1
LogDevObjectVersion:   Dev-LoadTimes (C2A15278-BFE7-4AFE-6C17-90FF531DF755): 1
LogDevObjectVersion:   Private-Geometry (6EACA3D4-40EC-4CC1-B786-8BED09428FC5): 2
LogDevObjectVersion:   Dev-AnimPhys (29E575DD-E0A3-4627-9D10-D276232CDCEA): 16
LogDevObjectVersion:   Dev-ReflectionCapture (6B266CEC-1EC7-4B8F-A30B-E4D90942FC07): 1
LogDevObjectVersion:   Dev-Automation (0DF73D61-A23F-47EA-B727-89E90C41499A): 1
LogInit: Compiled (64-bit): Apr 27 2018 02:06:57
LogInit: Compiled with Visual C++: 19.00.24215.01
LogInit: Build Configuration: Development
LogInit: Branch Name: ++UE4+Release-4.19
LogInit: Command Line: 
LogInit: Base Directory: C:/Program Files/Epic Games/UE_4.19/Engine/Binaries/Win64/
LogInit: Installed Engine Build: 1
LogStreaming: Display: Took  0.009s to delete old logs.
LogInit: Presizing for max 8388607 objects, including 0 objects not considered by GC, pre-allocating 0 bytes for permanent pool.
LogInit: Object subsystem initialized
[2020.03.16-03.20.13:340][  0]LogInit: Selected Device Profile: [Windows]
[2020.03.16-03.20.13:341][  0]LogInit: Applying CVar settings loaded from the selected device profile: [Windows]
[2020.03.16-03.20.13:351][  0]LogInit: Computer: DESKTOP-2UPP01C
[2020.03.16-03.20.13:351][  0]LogInit: User: pth08
[2020.03.16-03.20.13:351][  0]LogInit: CPU Page size=4096, Cores=4
[2020.03.16-03.20.13:351][  0]LogInit: High frequency timer resolution =10.000000 MHz
[2020.03.16-03.20.13:351][  0]LogMemory: Memory total: Physical=15.9GB (16GB approx)
[2020.03.16-03.20.13:351][  0]LogMemory: Platform Memory Stats for Windows
[2020.03.16-03.20.13:351][  0]LogMemory: Process Physical Memory: 278.75 MB used, 278.75 MB peak
[2020.03.16-03.20.13:351][  0]LogMemory: Process Virtual Memory: 264.71 MB used, 264.71 MB peak
[2020.03.16-03.20.13:351][  0]LogMemory: Physical Memory: 9597.53 MB used,  6701.76 MB free, 16299.29 MB total
[2020.03.16-03.20.13:351][  0]LogMemory: Virtual Memory: 4779.44 MB used,  6701.76 MB free, 134217728.00 MB total
[2020.03.16-03.20.13:375][  0]LogInit: Using OS detected language (ko-KR).
[2020.03.16-03.20.13:375][  0]LogInit: Using OS detected locale (ko-KR).
[2020.03.16-03.20.13:380][  0]LogTextLocalizationManager: No specific localization for 'ko-KR' exists, so the 'ko' localization will be used.
[2020.03.16-03.20.13:758][  0]LogStreaming: Display: Took  0.383s to EndInitTextLocalization.
[2020.03.16-03.20.13:759][  0]LogInit: Setting process to per monitor DPI aware
[2020.03.16-03.20.13:859][  0]LogSlate: New Slate User Created.  User Index 0, Is Virtual User: 0
[2020.03.16-03.20.13:859][  0]LogSlate: Slate User Registered.  User Index 0, Is Virtual User: 0
[2020.03.16-03.20.14:296][  0]LogD3D11RHI: D3D11 adapters:
[2020.03.16-03.20.14:312][  0]LogD3D11RHI:    0. 'Intel(R) UHD Graphics 620' (Feature Level 11_0)
[2020.03.16-03.20.14:312][  0]LogD3D11RHI:       128/0/8149 MB DedicatedVideo/DedicatedSystem/SharedSystem, Outputs:2, VendorId:0x8086
[2020.03.16-03.20.14:343][  0]LogD3D11RHI:    1. 'Radeon(TM) 540 Graphics' (Feature Level 11_0)
[2020.03.16-03.20.14:343][  0]LogD3D11RHI:       1995/0/8149 MB DedicatedVideo/DedicatedSystem/SharedSystem, Outputs:0, VendorId:0x1002
[2020.03.16-03.20.14:346][  0]LogD3D11RHI:    2. 'Microsoft Basic Render Driver' (Feature Level 11_0)
[2020.03.16-03.20.14:346][  0]LogD3D11RHI:       0/0/8149 MB DedicatedVideo/DedicatedSystem/SharedSystem, Outputs:0, VendorId:0x1414
[2020.03.16-03.20.14:346][  0]LogD3D11RHI: Chosen D3D11 Adapter: 1
[2020.03.16-03.20.14:356][  0]LogD3D11RHI: Creating new Direct3DDevice
[2020.03.16-03.20.14:356][  0]LogD3D11RHI:     GPU DeviceId: 0x699f (for the marketing name, search the web for "GPU Device Id")
[2020.03.16-03.20.14:356][  0]LogWindows: EnumDisplayDevices:
[2020.03.16-03.20.14:357][  0]LogWindows:    0. 'Intel(R) UHD Graphics 620' (P:0 D:1)
[2020.03.16-03.20.14:358][  0]LogWindows:    1. 'Intel(R) UHD Graphics 620' (P:1 D:1)
[2020.03.16-03.20.14:358][  0]LogWindows:    2. 'Intel(R) UHD Graphics 620' (P:0 D:0)
[2020.03.16-03.20.14:359][  0]LogWindows:    3. 'Radeon(TM) 540 Graphics' (P:0 D:0)
[2020.03.16-03.20.14:360][  0]LogWindows:    4. 'Radeon(TM) 540 Graphics' (P:0 D:0)
[2020.03.16-03.20.14:360][  0]LogWindows:    5. 'Radeon(TM) 540 Graphics' (P:0 D:0)
[2020.03.16-03.20.14:361][  0]LogWindows:    6. 'Radeon(TM) 540 Graphics' (P:0 D:0)
[2020.03.16-03.20.14:362][  0]LogWindows:    7. 'Radeon(TM) 540 Graphics' (P:0 D:0)
[2020.03.16-03.20.14:362][  0]LogWindows:    8. 'Radeon(TM) 540 Graphics' (P:0 D:0)
[2020.03.16-03.20.14:363][  0]LogWindows:    9. 'Radeon(TM) 540 Graphics' (P:0 D:0)
[2020.03.16-03.20.14:364][  0]LogWindows:    10. 'Radeon(TM) 540 Graphics' (P:0 D:0)
[2020.03.16-03.20.14:364][  0]LogWindows:    11. 'Radeon(TM) 540 Graphics' (P:0 D:0)
[2020.03.16-03.20.14:365][  0]LogWindows:    12. 'Radeon(TM) 540 Graphics' (P:0 D:0)
[2020.03.16-03.20.14:365][  0]LogWindows:    13. 'Radeon(TM) 540 Graphics' (P:0 D:0)
[2020.03.16-03.20.14:366][  0]LogWindows:    14. 'Radeon(TM) 540 Graphics' (P:0 D:0)
[2020.03.16-03.20.14:367][  0]LogWindows:    15. 'Radeon(TM) 540 Graphics' (P:0 D:0)
[2020.03.16-03.20.14:368][  0]LogWindows:    16. 'Radeon(TM) 540 Graphics' (P:0 D:0)
[2020.03.16-03.20.14:369][  0]LogWindows:    17. 'Radeon(TM) 540 Graphics' (P:0 D:0)
[2020.03.16-03.20.14:369][  0]LogWindows:    18. 'Radeon(TM) 540 Graphics' (P:0 D:0)
[2020.03.16-03.20.14:370][  0]LogWindows: DebugString: GetVideoDriverDetailsInvalid PrimaryIsNotTheChoosenAdapter GetVideoDriverDetailsInvalid PrimaryIsNotTheChoosenAdapter GetVideoDriverDetailsInvalid PrimaryIsNotTheChoosenAdapter GetVideoDriverDetailsInvalid PrimaryIsNotTheChoosenAdapter GetVideoDriverDetailsInvalid PrimaryIsNotTheChoosenAdapter GetVideoDriverDetailsInvalid PrimaryIsNotTheChoosenAdapter GetVideoDriverDetailsInvalid PrimaryIsNotTheChoosenAdapter GetVideoDriverDetailsInvalid PrimaryIsNotTheChoosenAdapter GetVideoDriverDetailsInvalid PrimaryIsNotTheChoosenAdapter GetVideoDriverDetailsInvalid PrimaryIsNotTheChoosenAdapter GetVideoDriverDetailsInvalid PrimaryIsNotTheChoosenAdapter GetVideoDriverDetailsInvalid PrimaryIsNotTheChoosenAdapter GetVideoDriverDetailsInvalid PrimaryIsNotTheChoosenAdapter GetVideoDriverDetailsInvalid PrimaryIsNotTheChoosenAdapter GetVideoDriverDetailsInvalid PrimaryIsNotTheChoosenAdapter GetVideoDriverDetailsInvalid PrimaryIsNotTheChoosenAdapter GetVideoDriverDetailsInvalid PrimaryIsNotTheChoosenAdapter GetVideoDriverDetailsInvalid PrimaryIsNotTheChoosenAdapter GetVideoDriverDetailsInvalid PrimaryIsNotTheChoosenAdapter FoundDriverCount:0 
[2020.03.16-03.20.14:370][  0]LogD3D11RHI:     Adapter Name: Radeon(TM) 540 Graphics
[2020.03.16-03.20.14:370][  0]LogD3D11RHI:   Driver Version: Unknown (internal:Unknown, unified:Unknown)
[2020.03.16-03.20.14:370][  0]LogD3D11RHI:      Driver Date: Unknown
[2020.03.16-03.20.14:370][  0]LogRHI: Texture pool is 1396 MB (70% of 1995 MB)
[2020.03.16-03.20.14:499][  0]LogD3D11RHI: Async texture creation enabled
[2020.03.16-03.20.14:511][  0]LogD3D11RHI: GPU Timing Frequency: 25.000000 (Debug: 2 1)
[2020.03.16-03.20.14:513][  0]LogShaderCompilers: Guid format shader working directory is 12 characters bigger than the processId version (../../../../../../dev/ArenaBattle/Intermediate/Shaders/WorkingDirectory/28092/).
[2020.03.16-03.20.14:513][  0]LogShaderCompilers: Cleaned the shader compiler working directory 'C:/Users/pth08/AppData/Local/Temp/UnrealShaderWorkingDir/9737DBCA49D7471918D7099C16C27210/'.
[2020.03.16-03.20.14:851][  0]LogTemp: Display: Loaded TP AllDesktopTargetPlatform
[2020.03.16-03.20.14:869][  0]LogTemp: Display: Loaded TP MacClientTargetPlatform
[2020.03.16-03.20.14:888][  0]LogTemp: Display: Loaded TP MacNoEditorTargetPlatform
[2020.03.16-03.20.14:905][  0]LogTemp: Display: Loaded TP MacServerTargetPlatform
[2020.03.16-03.20.14:923][  0]LogTemp: Display: Loaded TP MacTargetPlatform
[2020.03.16-03.20.14:941][  0]LogTemp: Display: Loaded TP WindowsClientTargetPlatform
[2020.03.16-03.20.14:959][  0]LogTemp: Display: Loaded TP WindowsNoEditorTargetPlatform
[2020.03.16-03.20.14:977][  0]LogTemp: Display: Loaded TP WindowsServerTargetPlatform
[2020.03.16-03.20.14:986][  0]LogTemp: Display: Loaded TP WindowsTargetPlatform
[2020.03.16-03.20.15:000][  0]LogTemp: Display: Loaded TP Android_ASTCTargetPlatform
[2020.03.16-03.20.15:015][  0]LogTemp: Display: Loaded TP Android_ATCTargetPlatform
[2020.03.16-03.20.15:029][  0]LogTemp: Display: Loaded TP Android_DXTTargetPlatform
[2020.03.16-03.20.15:044][  0]LogTemp: Display: Loaded TP Android_ETC1aTargetPlatform
[2020.03.16-03.20.15:058][  0]LogTemp: Display: Loaded TP Android_ETC1TargetPlatform
[2020.03.16-03.20.15:072][  0]LogTemp: Display: Loaded TP Android_ETC2TargetPlatform
[2020.03.16-03.20.15:100][  0]LogTemp: Display: Loaded TP Android_MultiTargetPlatform
[2020.03.16-03.20.15:100][  0]LogTemp: Display: Loaded TP Android_PVRTCTargetPlatform
[2020.03.16-03.20.15:114][  0]LogTemp: Display: Loaded TP AndroidTargetPlatform
[2020.03.16-03.20.15:117][  0]LogTemp: Display: Loaded TP HTML5TargetPlatform
[2020.03.16-03.20.15:157][  0]LogTemp: Display: Loaded TP IOSTargetPlatform
[2020.03.16-03.20.15:171][  0]LogTemp: Display: Loaded TP TVOSTargetPlatform
[2020.03.16-03.20.15:184][  0]LogTemp: Display: Loaded TP LinuxClientTargetPlatform
[2020.03.16-03.20.15:197][  0]LogTemp: Display: Loaded TP LinuxNoEditorTargetPlatform
[2020.03.16-03.20.15:211][  0]LogTemp: Display: Loaded TP LinuxServerTargetPlatform
[2020.03.16-03.20.15:225][  0]LogTemp: Display: Loaded TP LinuxTargetPlatform
[2020.03.16-03.20.15:225][  0]LogTargetPlatformManager: Display: Building Assets For Windows
[2020.03.16-03.20.15:415][  0]LogXGEController: Cannot use XGE Controller as Incredibuild is not installed on this machine.
[2020.03.16-03.20.15:415][  0]LogShaderCompilers: Cannot use XGE Shader Compiler as Incredibuild is not installed on this machine.
[2020.03.16-03.20.15:415][  0]LogShaderCompilers: Display: Using Local Shader Compiler.
[2020.03.16-03.20.16:400][  0]LogDerivedDataCache: Display: Max Cache Size: 512 MB
[2020.03.16-03.20.16:464][  0]LogDerivedDataCache: Loaded boot cache 0.06s 85MB C:/Users/pth08/AppData/Local/UnrealEngine/4.19/DerivedDataCache/Boot.ddc.
[2020.03.16-03.20.16:464][  0]LogDerivedDataCache: Display: Loaded Boot cache: C:/Users/pth08/AppData/Local/UnrealEngine/4.19/DerivedDataCache/Boot.ddc
[2020.03.16-03.20.16:465][  0]LogDerivedDataCache: FDerivedDataBackendGraph:  Pak pak cache file ../../../../../../dev/ArenaBattle/DerivedDataCache/DDC.ddp not found, will not use a pak cache.
[2020.03.16-03.20.16:465][  0]LogDerivedDataCache: Unable to find inner node Pak for hierarchical cache Hierarchy.
[2020.03.16-03.20.16:465][  0]LogDerivedDataCache: FDerivedDataBackendGraph:  CompressedPak pak cache file ../../../../../../dev/ArenaBattle/DerivedDataCache/Compressed.ddp not found, will not use a pak cache.
[2020.03.16-03.20.16:465][  0]LogDerivedDataCache: Unable to find inner node CompressedPak for hierarchical cache Hierarchy.
[2020.03.16-03.20.16:480][  0]LogDerivedDataCache: Display: Pak cache opened for reading ../../../Engine/DerivedDataCache/Compressed.ddp.
[2020.03.16-03.20.16:493][  0]LogDerivedDataCache: Using Local data cache path C:/Users/pth08/AppData/Local/UnrealEngine/Common/DerivedDataCache: Writable
[2020.03.16-03.20.16:493][  0]LogDerivedDataCache: Shared data cache path not found in *engine.ini, will not use an Shared cache.
[2020.03.16-03.20.16:493][  0]LogDerivedDataCache: Unable to find inner node Shared for hierarchical cache Hierarchy.
[2020.03.16-03.20.16:504][  0]LogMaterial: Verifying Global Shaders for PCD3D_SM5
[2020.03.16-03.20.16:505][  0]LogSlate: Using Freetype 2.6.0
[2020.03.16-03.20.16:505][  0]LogSlate: SlateFontCache - WITH_FREETYPE: 1, WITH_HARFBUZZ: 1
[2020.03.16-03.20.16:505][  0]LogSlate: SlateFontCache - WITH_FREETYPE: 1, WITH_HARFBUZZ: 1
[2020.03.16-03.20.16:682][  0]LogAssetRegistry: FAssetRegistry took 0.0273 seconds to start up
[2020.03.16-03.20.17:080][  0]LogInit: Selected Device Profile: [Windows]
[2020.03.16-03.20.17:257][  0]LogSimplygon: Simplygon DLL not present - disabling.
[2020.03.16-03.20.17:261][  0]LogMeshReduction: Using SimplygonSwarm for distributed automatic mesh merging
[2020.03.16-03.20.17:261][  0]LogMeshReduction: Using QuadricMeshReduction for automatic static mesh reduction
[2020.03.16-03.20.17:261][  0]LogMeshReduction: No automatic skeletal mesh reduction module available
[2020.03.16-03.20.17:261][  0]LogMeshReduction: No automatic mesh merging module available
[2020.03.16-03.20.17:261][  0]LogMeshMerging: No automatic mesh merging module available
[2020.03.16-03.20.17:311][  0]LogNetVersion: ArenaBattle , NetCL: 3944462, EngineNetVer: 2, GameNetVer: 0 (Checksum: 3555152549)
[2020.03.16-03.20.17:812][  0]LogPackageLocalizationCache: Processed 9 localized package path(s) for 2 prioritized culture(s) in 0.077112 seconds
[2020.03.16-03.20.17:818][  0]LogUObjectArray: 36728 objects as part of root set at end of initial load.
[2020.03.16-03.20.17:818][  0]LogUObjectAllocator: 7314312 out of 0 bytes used by permanent object pool.
[2020.03.16-03.20.17:818][  0]LogUObjectArray: CloseDisregardForGC: 0/0 objects in disregard for GC pool
[2020.03.16-03.20.19:981][  0]LogTcpMessaging: Initializing TcpMessaging bridge
[2020.03.16-03.20.20:022][  0]LogUdpMessaging: Initializing bridge on interface 0.0.0.0:0 to multicast group 230.0.0.1:6666.
[2020.03.16-03.20.20:768][  0]LogSkeletalMesh: Skeletal Mesh found in DDC [0.466100ms] /Game/InfinityBladeWarriors/Character/CompleteCharacters/SK_CharM_Cardboard.SK_CharM_Cardboard
[2020.03.16-03.20.20:789][  0]LogUObjectGlobals: Created PersistentFrame Addr=0x000001b02e074cd0, Size=24, Default__WarriorAnimBlueprint_C Function /Game/Book/Animations/WarriorAnimBlueprint.WarriorAnimBlueprint_C:ExecuteUbergraph_WarriorAnimBlueprint
[2020.03.16-03.20.20:798][  0]LogUObjectGlobals: Destroyed PersistentFrame Addr=0x000001b02e074cd0, Size=24
[2020.03.16-03.20.20:798][  0]LogUObjectGlobals: Created PersistentFrame Addr=0x000001b02e0a48e0, Size=24, Default__WarriorAnimBlueprint_C Function /Engine/Transient.REINST_WarriorAnimBlueprint_C_0:ExecuteUbergraph_WarriorAnimBlueprint
[2020.03.16-03.20.20:808][  0]LogUObjectGlobals: Created PersistentFrame Addr=0x000001b02e0a6ae8, Size=24, Default__WarriorAnimBlueprint_C Function /Game/Book/Animations/WarriorAnimBlueprint.WarriorAnimBlueprint_C:ExecuteUbergraph_WarriorAnimBlueprint
[2020.03.16-03.20.20:991][  0]LogSkeletalMesh: Skeletal Mesh found in DDC [0.066400ms] /Game/InfinityBladeWeapons/Weapons/Blade/Swords/Blade_BlackKnight/SK_Blade_BlackKnight.SK_Blade_BlackKnight
[2020.03.16-03.20.21:196][  0]SourceControl: 소스 콘트롤이 꺼졌습니다.
[2020.03.16-03.20.21:196][  0]SourceControl: 소스 콘트롤이 꺼졌습니다.
[2020.03.16-03.20.21:224][  0]SourceControl: 소스 콘트롤이 꺼졌습니다.
[2020.03.16-03.20.21:250][  0]SourceControl: 소스 콘트롤이 꺼졌습니다.
[2020.03.16-03.20.21:983][  0]LogAndroidPermission: UAndroidPermissionCallbackProxy::GetInstance
[2020.03.16-03.20.22:826][  0]LogOcInput: OculusInput pre-init called
[2020.03.16-03.20.22:959][  0]LogEngine: Initializing Engine...
[2020.03.16-03.20.22:962][  0]LogHMD: Failed to initialize OpenVR with code 110
[2020.03.16-03.20.22:963][  0]LogStats: UGameplayTagsManager::ConstructGameplayTagTree: Construct from data asset -  0.000 s
[2020.03.16-03.20.22:963][  0]LogStats: UGameplayTagsManager::ConstructGameplayTagTree: GameplayTagTreeChangedEvent.Broadcast -  0.000 s
[2020.03.16-03.20.23:180][  0]LogAIModule: Creating AISystem for world Untitled
[2020.03.16-03.20.23:664][  0]LogInit: XAudio2 using '헤드폰(Realtek(R) Audio)' : 2 channels at 48 kHz using 16 bits per sample (channel mask 0x3)
[2020.03.16-03.20.23:800][  0]LogInit: FAudioDevice initialized.
[2020.03.16-03.20.23:858][  0]LogDerivedDataCache: Saved boot cache 0.06s 85MB C:/Users/pth08/AppData/Local/UnrealEngine/4.19/DerivedDataCache/Boot.ddc.
[2020.03.16-03.20.23:870][  0]LogInit: Texture streaming: Enabled
[2020.03.16-03.20.23:898][  0]LogEngineSessionManager: EngineSessionManager initialized
[2020.03.16-03.20.23:919][  0]LogInit: Transaction tracking system initialized
[2020.03.16-03.20.23:962][  0]BlueprintLog: New page: 에디터 로드
[2020.03.16-03.20.24:086][  0]LocalizationService: 현지화 서비스가 비활성화되었습니다.
[2020.03.16-03.20.24:245][  0]LogConsoleResponse: Display: 
[2020.03.16-03.20.24:442][  0]LogCook: Display: Max memory allowance for cook 16384mb min free memory 0mb
[2020.03.16-03.20.24:442][  0]LogCook: Display: Mobile HDR setting 1
[2020.03.16-03.20.24:442][  0]LogGameplayTags: Display: UGameplayTagsManager::DoneAddingNativeTags. DelegateIsBound: 0
[2020.03.16-03.20.24:442][  0]LogStats: UGameplayTagsManager::ConstructGameplayTagTree: Construct from data asset -  0.000 s
[2020.03.16-03.20.24:442][  0]LogStats: UGameplayTagsManager::ConstructGameplayTagTree: GameplayTagTreeChangedEvent.Broadcast -  0.000 s
[2020.03.16-03.20.25:008][  0]LogFileCache: Scanning file cache for directory 'C:/dev/ArenaBattle/Content/' took 0.04s
[2020.03.16-03.20.25:009][  0]SourceControl: 소스 콘트롤이 꺼졌습니다.
[2020.03.16-03.20.25:009][  0]Cmd: MAP LOAD FILE="../../../../../../dev/ArenaBattle/Content/Book/Maps/Gameplay.umap" TEMPLATE=0 SHOWPROGRESS=1 FEATURELEVEL=3
[2020.03.16-03.20.25:010][  0]LightingResults: New page: 라이팅 빌드
[2020.03.16-03.20.25:014][  0]MapCheck: New page: 맵 체크
[2020.03.16-03.20.25:014][  0]LightingResults: New page: 라이팅 빌드
[2020.03.16-03.20.25:021][  0]LogUObjectGlobals: Destroyed PersistentFrame Addr=0x000001b02e0a48e0, Size=24
[2020.03.16-03.20.25:220][  0]LogAIModule: Creating AISystem for world Gameplay
[2020.03.16-03.20.25:227][  0]ArenaBattle: Warning: AABSection::SetState(117)======== Complete ========
[2020.03.16-03.20.25:227][  0]LogEditorServer: Finished looking for orphan Actors (0.000 secs)
[2020.03.16-03.20.25:242][  0]Cmd: MAP CHECKDEP NOCLEARLOG
[2020.03.16-03.20.25:360][  0]MapCheck: 맵 체크 완료: 오류 0 회, 경고 0 회, 소요 시간 117.552ms.
[2020.03.16-03.20.25:360][  0]LogFileHelpers: Loading map 'Gameplay' took 0.351
[2020.03.16-03.20.25:605][  0]LogCollectionManager: Loaded 0 collections in 0.002774 seconds
[2020.03.16-03.20.25:661][  0]LogFileCache: Scanning file cache for directory 'C:/dev/ArenaBattle/Saved/Collections/' took 0.01s
[2020.03.16-03.20.25:661][  0]LogFileCache: Scanning file cache for directory 'C:/dev/ArenaBattle/Content/Developers/pth08/Collections/' took 0.01s
[2020.03.16-03.20.25:661][  0]LogFileCache: Scanning file cache for directory 'C:/dev/ArenaBattle/Content/Collections/' took 0.01s
[2020.03.16-03.20.25:661][  0]LogCollectionManager: Rebuilt the GUID cache for 0 collections in 0.000000 seconds
[2020.03.16-03.20.25:672][  0]LogContentBrowser: Native class hierarchy populated in 0.0112 seconds. Added 2474 classes and 563 folders.
[2020.03.16-03.20.25:684][  0]LogContentBrowser: Native class hierarchy updated for 'WidgetCarousel' in 0.0026 seconds. Added 0 classes and 0 folders.
[2020.03.16-03.20.25:819][  0]LogContentBrowser: Native class hierarchy updated for 'AddContentDialog' in 0.0029 seconds. Added 0 classes and 0 folders.
[2020.03.16-03.20.25:830][  0]LogContentBrowser: Native class hierarchy updated for 'SceneOutliner' in 0.0028 seconds. Added 1 classes and 2 folders.
[2020.03.16-03.20.25:915][  0]LogSlate: Took 0.000413 seconds to synchronously load lazily loaded font '../../../Engine/Content/Slate/Fonts/Roboto-Regular.ttf' (155K)
[2020.03.16-03.20.25:920][  0]LogSlate: Took 0.002909 seconds to synchronously load lazily loaded font '../../../Engine/Content/Editor/Slate/Fonts/NanumGothic.ttf' (4243K)
[2020.03.16-03.20.25:925][  0]LogSlate: Took 0.002648 seconds to synchronously load lazily loaded font '../../../Engine/Content/Editor/Slate/Fonts/NanumGothicBold.ttf' (4188K)
[2020.03.16-03.20.25:925][  0]LogSlate: Took 0.000308 seconds to synchronously load lazily loaded font '../../../Engine/Content/Slate/Fonts/Roboto-Bold.ttf' (160K)
[2020.03.16-03.20.25:930][  0]LogSlate: Took 0.001284 seconds to synchronously load lazily loaded font '../../../Engine/Content/Editor/Slate/Fonts/FontAwesome.ttf' (139K)
[2020.03.16-03.20.25:931][  0]LogSlate: Took 0.000248 seconds to synchronously load lazily loaded font '../../../Engine/Content/Slate/Fonts/DroidSansMono.ttf' (77K)
[2020.03.16-03.20.25:998][  0]LogSlate: Took 0.002636 seconds to synchronously load lazily loaded font '../../../Engine/Content/Editor/Slate/Fonts/NanumGothicExtraBold.ttf' (4074K)
[2020.03.16-03.20.26:116][  0]LogRenderer: Reallocating scene render targets to support 1152x640 Format 10 NumSamples 1 (Frame:1).
[2020.03.16-03.20.26:385][  0]LogContentBrowser: Native class hierarchy updated for 'HierarchicalLODOutliner' in 0.0034 seconds. Added 0 classes and 0 folders.
[2020.03.16-03.20.26:385][  0]LogLoad: (Engine Initialization) Total time: 17.34 seconds
[2020.03.16-03.20.26:385][  0]LogLoad: (Engine Initialization) Total Blueprint compile time: 0.00 seconds
[2020.03.16-03.20.26:426][  0]LogContentStreaming: Texture pool size now 1000 MB
[2020.03.16-03.20.26:615][  2]LogAssetRegistry: Asset discovery search completed in 9.9553 seconds
[2020.03.16-03.20.26:619][  2]LogCollectionManager: Rebuilt the object cache for 0 collections in 0.000000 seconds (found 0 objects)
[2020.03.16-03.20.26:619][  2]LogCollectionManager: Fixed up redirectors for 0 collections in 0.000270 seconds (updated 0 objects)
[2020.03.16-03.20.31:494][155]LogSlate: FSceneViewport::OnFocusLost() reason 0
[2020.03.16-03.20.31:627][160]LogTemp: Repeating last play command: 선택된 뷰포트
[2020.03.16-03.20.31:719][160]LogPlayLevel: PlayLevel: No blueprints needed recompiling
[2020.03.16-03.20.31:722][160]PIE: New page: PIE 세션: Gameplay (2020. 3. 16. 오후 9:20:31)
[2020.03.16-03.20.31:723][160]LogPlayLevel: Creating play world package: /Game/Book/Maps/UEDPIE_0_Gameplay
[2020.03.16-03.20.31:756][160]LogPlayLevel: PIE: StaticDuplicateObject took: (0.032244s)
[2020.03.16-03.20.31:759][160]LogAIModule: Creating AISystem for world Gameplay
[2020.03.16-03.20.31:761][160]LogPlayLevel: PIE: World Init took: (0.003348s)
[2020.03.16-03.20.31:761][160]LogPlayLevel: PIE: Created PIE world by copying editor world from /Game/Book/Maps/Gameplay.Gameplay to /Game/Book/Maps/UEDPIE_0_Gameplay.Gameplay (0.038125s)
[2020.03.16-03.20.31:794][160]ArenaBattle: Warning: UABGameInstance::Init(17)DropExp 20 : 25
[2020.03.16-03.20.32:517][160]LogInit: XAudio2 using '헤드폰(Realtek(R) Audio)' : 2 channels at 48 kHz using 16 bits per sample (channel mask 0x3)
[2020.03.16-03.20.32:605][160]LogInit: FAudioDevice initialized.
[2020.03.16-03.20.32:648][160]LogLoad: Game class is 'ABGameMode'
[2020.03.16-03.20.32:652][160]LogWorld: Bringing World /Game/Book/Maps/UEDPIE_0_Gameplay.Gameplay up for play (max tick rate 60) at 2020.03.16-12.20.32
[2020.03.16-03.20.32:653][160]LogWorld: Bringing up level for play took: 0.003325
[2020.03.16-03.20.32:655][160]ArenaBattle: Warning: AABPlayerController::PostInitializeComponents(20)
[2020.03.16-03.20.32:661][160]LogContentBrowser: Native class hierarchy updated for 'MovieSceneCapture' in 0.0025 seconds. Added 11 classes and 0 folders.
[2020.03.16-03.20.32:662][160]ArenaBattle: Warning: UABCharacterStatComponent::SetNewLevel(52)Level (1 : 100.000000) data set up
[2020.03.16-03.20.32:663][160]ArenaBattle: Warning: UABCharacterWidget::BindCharacterStat(10)NewCharacterStat true
[2020.03.16-03.20.32:663][160]ArenaBattle: Warning: AABPlayerController::Possess(26)
[2020.03.16-03.20.32:664][160]ArenaBattle: Warning: AABSection::SetState(117)======== Complete ========
[2020.03.16-03.20.32:665][160]ArenaBattle: Warning: AABPlayerState::GetExpRatio(68)ratio ...
[2020.03.16-03.20.32:666][160]ArenaBattle: Warning: UABCharacterStatComponent::SetNewLevel(52)Level (2 : 200.000000) data set up
[2020.03.16-03.20.32:666][160]PIE: /Game/Book/Maps/UEDPIE_0_Gameplay 에 대한 에디터에서 플레이 시작 시간: 1.598
[2020.03.16-03.20.32:761][163]LogSkeletalMesh: Skeletal Mesh found in DDC [2.137000ms] /Game/InfinityBladeWarriors/Character/CompleteCharacters/SK_CharM_Forge.SK_CharM_Forge
[2020.03.16-03.20.32:898][167]ArenaBattle: Warning: UABCharacterWidget::BindCharacterStat(10)NewCharacterStat true
[2020.03.16-03.20.40:811][438]ArenaBattle: Warning: AABSection::SetState(100)======== BATTLE Start ========
[2020.03.16-03.20.42:824][502]ArenaBattle: Warning: UABCharacterStatComponent::SetNewLevel(52)Level (1 : 100.000000) data set up
[2020.03.16-03.20.42:826][502]ArenaBattle: Warning: UABCharacterWidget::BindCharacterStat(10)NewCharacterStat true
[2020.03.16-03.20.42:829][502]ArenaBattle: Warning: UABCharacterWidget::BindCharacterStat(10)NewCharacterStat true
[2020.03.16-03.20.46:985][629]ArenaBattle: Warning: AABItemBox::OnCharacterOverlap(59)
[2020.03.16-03.20.46:988][629]ArenaBattle: Warning: AABWeapon::BeginPlay(51)Weapon Damage : 0.569018, Modifier : 0.962064
[2020.03.16-03.20.52:593][806]ArenaBattle: Warning: AABCharacter::PostInitializeComponents::<lambda_10221b73c7bfd6845186d95aa4b0ff75>::operator ()(314)OnNextAttackCheck
[2020.03.16-03.20.52:848][813]ArenaBattle: Warning: AABCharacter::TakeDamage(345)Actor : ABCharacter_0 / DamageCauser : ABCharacter_1 / took Damage : 10.000000 
[2020.03.16-03.20.53:085][822]ArenaBattle: Warning: AABCharacter::PostInitializeComponents::<lambda_10221b73c7bfd6845186d95aa4b0ff75>::operator ()(314)OnNextAttackCheck
[2020.03.16-03.20.55:095][887]ArenaBattle: Warning: AABCharacter::TakeDamage(345)Actor : ABCharacter_0 / DamageCauser : ABCharacter_1 / took Damage : 10.000000 
[2020.03.16-03.20.55:368][894]ArenaBattle: Warning: AABCharacter::PostInitializeComponents::<lambda_10221b73c7bfd6845186d95aa4b0ff75>::operator ()(314)OnNextAttackCheck
[2020.03.16-03.20.55:406][895]ArenaBattle: Warning: AABCharacter::TakeDamage(345)Actor : ABCharacter_1 / DamageCauser : ABCharacter_0 / took Damage : 14.978391 
[2020.03.16-03.20.55:639][904]ArenaBattle: Warning: AABCharacter::PostInitializeComponents::<lambda_10221b73c7bfd6845186d95aa4b0ff75>::operator ()(314)OnNextAttackCheck
[2020.03.16-03.20.55:876][914]ArenaBattle: Warning: AABCharacter::TakeDamage(345)Actor : ABCharacter_1 / DamageCauser : ABCharacter_0 / took Damage : 14.978391 
[2020.03.16-03.20.56:338][931]ArenaBattle: Warning: AABCharacter::PostInitializeComponents::<lambda_10221b73c7bfd6845186d95aa4b0ff75>::operator ()(314)OnNextAttackCheck
[2020.03.16-03.20.56:614][940]ArenaBattle: Warning: AABCharacter::TakeDamage(345)Actor : ABCharacter_1 / DamageCauser : ABCharacter_0 / took Damage : 14.978391 
[2020.03.16-03.20.56:615][940]ArenaBattle: Warning: AABCharacter::TakeDamage(345)Actor : ABCharacter_0 / DamageCauser : ABCharacter_1 / took Damage : 10.000000 
[2020.03.16-03.20.56:860][950]ArenaBattle: Warning: AABCharacter::PostInitializeComponents::<lambda_10221b73c7bfd6845186d95aa4b0ff75>::operator ()(314)OnNextAttackCheck
[2020.03.16-03.20.57:256][962]ArenaBattle: Warning: AABCharacter::PostInitializeComponents::<lambda_10221b73c7bfd6845186d95aa4b0ff75>::operator ()(314)OnNextAttackCheck
[2020.03.16-03.20.58:108][995]ArenaBattle: Warning: AABCharacter::TakeDamage(345)Actor : ABCharacter_1 / DamageCauser : ABCharacter_0 / took Damage : 14.978391 
[2020.03.16-03.20.58:136][996]ArenaBattle: Warning: AABCharacter::TakeDamage(345)Actor : ABCharacter_0 / DamageCauser : ABCharacter_1 / took Damage : 10.000000 
[2020.03.16-03.20.58:385][  5]ArenaBattle: Warning: AABCharacter::PostInitializeComponents::<lambda_10221b73c7bfd6845186d95aa4b0ff75>::operator ()(314)OnNextAttackCheck
[2020.03.16-03.20.59:375][ 37]ArenaBattle: Warning: AABCharacter::TakeDamage(345)Actor : ABCharacter_1 / DamageCauser : ABCharacter_0 / took Damage : 14.978391 
[2020.03.16-03.20.59:626][ 46]ArenaBattle: Warning: AABCharacter::PostInitializeComponents::<lambda_10221b73c7bfd6845186d95aa4b0ff75>::operator ()(314)OnNextAttackCheck
[2020.03.16-03.20.59:657][ 47]ArenaBattle: Warning: AABCharacter::TakeDamage(345)Actor : ABCharacter_0 / DamageCauser : ABCharacter_1 / took Damage : 10.000000 
[2020.03.16-03.20.59:865][ 55]ArenaBattle: Warning: AABCharacter::TakeDamage(345)Actor : ABCharacter_1 / DamageCauser : ABCharacter_0 / took Damage : 14.978391 
[2020.03.16-03.20.59:925][ 57]ArenaBattle: Warning: AABCharacter::PostInitializeComponents::<lambda_10221b73c7bfd6845186d95aa4b0ff75>::operator ()(314)OnNextAttackCheck
[2020.03.16-03.21.00:340][ 71]ArenaBattle: Warning: AABCharacter::PostInitializeComponents::<lambda_10221b73c7bfd6845186d95aa4b0ff75>::operator ()(314)OnNextAttackCheck
[2020.03.16-03.21.00:601][ 79]ArenaBattle: Warning: AABCharacter::TakeDamage(345)Actor : ABCharacter_1 / DamageCauser : ABCharacter_0 / took Damage : 14.978391 
[2020.03.16-03.21.00:603][ 79]ArenaBattle: Warning: AABCharacter::PostInitializeComponents::<lambda_615d847f5d32d3401bde1fe421b4baad>::operator ()(327)OnHPIsZero
[2020.03.16-03.21.00:604][ 79]ArenaBattle: Warning: AABPlayerState::GetExpRatio(68)ratio ...
[2020.03.16-03.21.01:250][ 98]ArenaBattle: Warning: AABCharacter::PostInitializeComponents::<lambda_10221b73c7bfd6845186d95aa4b0ff75>::operator ()(314)OnNextAttackCheck
[2020.03.16-03.21.05:598][215]ArenaBattle: Warning: AABPlayerState::GetExpRatio(68)ratio ...
[2020.03.16-03.21.05:604][215]ArenaBattle: Warning: AABSection::SetState(117)======== Complete ========
[2020.03.16-03.21.11:244][405]ArenaBattle: Warning: AABSection::SetState(100)======== BATTLE Start ========
[2020.03.16-03.21.13:248][497]ArenaBattle: Warning: UABCharacterStatComponent::SetNewLevel(52)Level (1 : 100.000000) data set up
[2020.03.16-03.21.13:250][497]ArenaBattle: Warning: UABCharacterWidget::BindCharacterStat(10)NewCharacterStat true
[2020.03.16-03.21.13:410][502]LogSkeletalMesh: Skeletal Mesh found in DDC [5.698900ms] /Game/InfinityBladeWarriors/Character/CompleteCharacters/sk_CharM_Base.sk_CharM_Base
[2020.03.16-03.21.13:503][505]ArenaBattle: Warning: UABCharacterWidget::BindCharacterStat(10)NewCharacterStat true
[2020.03.16-03.21.14:768][559]ArenaBattle: Warning: AABCharacter::TakeDamage(345)Actor : ABCharacter_2 / DamageCauser : ABCharacter_0 / took Damage : 14.978391 
[2020.03.16-03.21.14:847][561]ArenaBattle: Warning: AABCharacter::TakeDamage(345)Actor : ABCharacter_0 / DamageCauser : ABCharacter_2 / took Damage : 10.000000 
[2020.03.16-03.21.15:040][567]ArenaBattle: Warning: AABCharacter::PostInitializeComponents::<lambda_10221b73c7bfd6845186d95aa4b0ff75>::operator ()(314)OnNextAttackCheck
[2020.03.16-03.21.15:095][569]ArenaBattle: Warning: AABCharacter::PostInitializeComponents::<lambda_10221b73c7bfd6845186d95aa4b0ff75>::operator ()(314)OnNextAttackCheck
[2020.03.16-03.21.15:739][593]ArenaBattle: Warning: AABCharacter::PostInitializeComponents::<lambda_10221b73c7bfd6845186d95aa4b0ff75>::operator ()(314)OnNextAttackCheck
[2020.03.16-03.21.16:643][635]ArenaBattle: Warning: AABCharacter::PostInitializeComponents::<lambda_10221b73c7bfd6845186d95aa4b0ff75>::operator ()(314)OnNextAttackCheck
[2020.03.16-03.21.16:799][643]ArenaBattle: Warning: AABCharacter::PostInitializeComponents::<lambda_10221b73c7bfd6845186d95aa4b0ff75>::operator ()(314)OnNextAttackCheck
[2020.03.16-03.21.19:180][747]ArenaBattle: Warning: AABCharacter::PostInitializeComponents::<lambda_10221b73c7bfd6845186d95aa4b0ff75>::operator ()(314)OnNextAttackCheck
[2020.03.16-03.21.19:433][758]ArenaBattle: Warning: AABCharacter::TakeDamage(345)Actor : ABCharacter_0 / DamageCauser : ABCharacter_2 / took Damage : 10.000000 
[2020.03.16-03.21.19:683][771]ArenaBattle: Warning: AABCharacter::PostInitializeComponents::<lambda_10221b73c7bfd6845186d95aa4b0ff75>::operator ()(314)OnNextAttackCheck
[2020.03.16-03.21.21:353][838]ArenaBattle: Warning: AABCharacter::TakeDamage(345)Actor : ABCharacter_2 / DamageCauser : ABCharacter_0 / took Damage : 14.978391 
[2020.03.16-03.21.21:577][848]ArenaBattle: Warning: AABCharacter::PostInitializeComponents::<lambda_10221b73c7bfd6845186d95aa4b0ff75>::operator ()(314)OnNextAttackCheck
[2020.03.16-03.21.21:729][855]ArenaBattle: Warning: AABCharacter::TakeDamage(345)Actor : ABCharacter_0 / DamageCauser : ABCharacter_2 / took Damage : 10.000000 
[2020.03.16-03.21.21:823][859]ArenaBattle: Warning: AABCharacter::TakeDamage(345)Actor : ABCharacter_2 / DamageCauser : ABCharacter_0 / took Damage : 14.978391 
[2020.03.16-03.21.21:981][867]ArenaBattle: Warning: AABCharacter::PostInitializeComponents::<lambda_10221b73c7bfd6845186d95aa4b0ff75>::operator ()(314)OnNextAttackCheck
[2020.03.16-03.21.22:276][879]ArenaBattle: Warning: AABCharacter::PostInitializeComponents::<lambda_10221b73c7bfd6845186d95aa4b0ff75>::operator ()(314)OnNextAttackCheck
[2020.03.16-03.21.23:500][941]ArenaBattle: Warning: AABCharacter::TakeDamage(345)Actor : ABCharacter_2 / DamageCauser : ABCharacter_0 / took Damage : 14.978391 
[2020.03.16-03.21.23:757][955]ArenaBattle: Warning: AABCharacter::PostInitializeComponents::<lambda_10221b73c7bfd6845186d95aa4b0ff75>::operator ()(314)OnNextAttackCheck
[2020.03.16-03.21.23:801][957]ArenaBattle: Warning: AABCharacter::TakeDamage(345)Actor : ABCharacter_0 / DamageCauser : ABCharacter_2 / took Damage : 10.000000 
[2020.03.16-03.21.24:060][966]ArenaBattle: Warning: AABCharacter::PostInitializeComponents::<lambda_10221b73c7bfd6845186d95aa4b0ff75>::operator ()(314)OnNextAttackCheck
[2020.03.16-03.21.24:476][979]ArenaBattle: Warning: AABCharacter::PostInitializeComponents::<lambda_10221b73c7bfd6845186d95aa4b0ff75>::operator ()(314)OnNextAttackCheck
[2020.03.16-03.21.25:544][ 18]ArenaBattle: Warning: AABCharacter::TakeDamage(345)Actor : ABCharacter_2 / DamageCauser : ABCharacter_0 / took Damage : 14.978391 
[2020.03.16-03.21.25:783][ 26]ArenaBattle: Warning: AABCharacter::PostInitializeComponents::<lambda_10221b73c7bfd6845186d95aa4b0ff75>::operator ()(314)OnNextAttackCheck
[2020.03.16-03.21.25:899][ 30]ArenaBattle: Warning: AABCharacter::TakeDamage(345)Actor : ABCharacter_0 / DamageCauser : ABCharacter_2 / took Damage : 10.000000 
[2020.03.16-03.21.26:049][ 35]ArenaBattle: Warning: AABCharacter::TakeDamage(345)Actor : ABCharacter_2 / DamageCauser : ABCharacter_0 / took Damage : 14.978391 
[2020.03.16-03.21.26:145][ 38]ArenaBattle: Warning: AABCharacter::PostInitializeComponents::<lambda_10221b73c7bfd6845186d95aa4b0ff75>::operator ()(314)OnNextAttackCheck
[2020.03.16-03.21.26:495][ 50]ArenaBattle: Warning: AABCharacter::PostInitializeComponents::<lambda_10221b73c7bfd6845186d95aa4b0ff75>::operator ()(314)OnNextAttackCheck
[2020.03.16-03.21.26:756][ 59]ArenaBattle: Warning: AABCharacter::TakeDamage(345)Actor : ABCharacter_2 / DamageCauser : ABCharacter_0 / took Damage : 14.978391 
[2020.03.16-03.21.26:757][ 59]ArenaBattle: Warning: AABCharacter::PostInitializeComponents::<lambda_615d847f5d32d3401bde1fe421b4baad>::operator ()(327)OnHPIsZero
[2020.03.16-03.21.26:758][ 59]ArenaBattle: Warning: AABPlayerState::GetExpRatio(68)ratio ...
[2020.03.16-03.21.27:413][ 88]ArenaBattle: Warning: AABCharacter::PostInitializeComponents::<lambda_10221b73c7bfd6845186d95aa4b0ff75>::operator ()(314)OnNextAttackCheck
[2020.03.16-03.21.28:387][126]ArenaBattle: Warning: AABItemBox::OnCharacterOverlap(59)
[2020.03.16-03.21.28:389][126]ArenaBattle: Warning: AABWeapon::BeginPlay(51)Weapon Damage : 4.765313, Modifier : 1.116024
[2020.03.16-03.21.31:782][277]ArenaBattle: Warning: AABPlayerState::GetExpRatio(68)ratio ...
[2020.03.16-03.21.31:790][277]ArenaBattle: Warning: AABSection::SetState(117)======== Complete ========
[2020.03.16-03.21.32:862][310]ArenaBattle: Warning: AABCharacter::PostInitializeComponents::<lambda_10221b73c7bfd6845186d95aa4b0ff75>::operator ()(314)OnNextAttackCheck
[2020.03.16-03.21.39:818][533]LogSlate: FSceneViewport::OnFocusLost() reason 2
[2020.03.16-03.21.42:503][612]LogSlate: FSceneViewport::OnFocusLost() reason 0
