Log file open, 03/10/20 13:51:38
LogWindows: Failed to load 'aqProf.dll' (GetLastError=126)
LogWindows: File 'aqProf.dll' does not exist
LogWindows: Failed to load 'VtuneApi.dll' (GetLastError=126)
LogWindows: File 'VtuneApi.dll' does not exist
LogWindows: Failed to load 'VtuneApi32e.dll' (GetLastError=126)
LogWindows: File 'VtuneApi32e.dll' does not exist
LogInit: Display: Running engine for game: ArenaBattle
LogPlatformFile: Not using cached read wrapper
LogInit: Display: RandInit(-2131405) SRandInit(-2131405).
LogInit: Read version file with build ID '3944462'
LogInit: Overriding engine version to CL 4033788, compatible CL 3944462
LogInit: Registered custom module enumerator with build ID '3944462'
LogTaskGraph: Started task graph with 5 named threads and 23 total threads with 3 sets of task threads.
LogStats: Stats thread started at 0.309908
LogD3D11RHI: Aftermath initialized
LogICUInternationalization: Display: ICU TimeZone Detection - Raw Offset: +9:00, Platform Override: ''
LogPluginManager: Mounting plugin Paper2D
LogPluginManager: Mounting plugin LiveLink
LogPluginManager: Mounting plugin LightPropagationVolume
LogPluginManager: Mounting plugin CLionSourceCodeAccess
LogPluginManager: Mounting plugin CodeLiteSourceCodeAccess
LogPluginManager: Mounting plugin GitSourceControl
LogPluginManager: Mounting plugin KDevelopSourceCodeAccess
LogPluginManager: Mounting plugin NullSourceCodeAccess
LogPluginManager: Mounting plugin PerforceSourceControl
LogPluginManager: Mounting plugin SubversionSourceControl
LogPluginManager: Mounting plugin UObjectPlugin
LogPluginManager: Mounting plugin VisualStudioCodeSourceCodeAccess
LogPluginManager: Mounting plugin VisualStudioSourceCodeAccess
LogPluginManager: Mounting plugin XCodeSourceCodeAccess
LogPluginManager: Mounting plugin AssetManagerEditor
LogPluginManager: Mounting plugin CryptoKeys
LogPluginManager: Mounting plugin DataValidation
LogPluginManager: Mounting plugin FacialAnimation
LogPluginManager: Mounting plugin GameplayTagsEditor
LogPluginManager: Mounting plugin MobileLauncherProfileWizard
LogPluginManager: Mounting plugin PluginBrowser
LogPluginManager: Mounting plugin SpeedTreeImporter
LogPluginManager: Mounting plugin DatasmithContent
LogPluginManager: Mounting plugin AlembicImporter
LogPluginManager: Mounting plugin CharacterAI
LogPluginManager: Mounting plugin HTML5Networking
LogPluginManager: Mounting plugin AndroidMedia
LogPluginManager: Mounting plugin AvfMedia
LogPluginManager: Mounting plugin ImgMedia
LogPluginManager: Mounting plugin LinearTimecode
LogPluginManager: Mounting plugin MediaCompositing
LogPluginManager: Mounting plugin MediaPlayerEditor
LogPluginManager: Mounting plugin WmfMedia
LogPluginManager: Mounting plugin TcpMessaging
LogPluginManager: Mounting plugin UdpMessaging
LogPluginManager: Mounting plugin ActorSequence
LogPluginManager: Mounting plugin LevelSequenceEditor
LogPluginManager: Mounting plugin MatineeToLevelSequence
LogPluginManager: Mounting plugin NetcodeUnitTest
LogPluginManager: Mounting plugin NUTUnrealEngine4
LogPluginManager: Mounting plugin OnlineSubsystemGooglePlay
LogPluginManager: Mounting plugin OnlineSubsystemIOS
LogPluginManager: Mounting plugin OnlineSubsystem
LogPluginManager: Mounting plugin OnlineSubsystemNull
LogPluginManager: Mounting plugin OnlineSubsystemUtils
LogPluginManager: Mounting plugin AndroidDeviceProfileSelector
LogPluginManager: Mounting plugin AndroidMoviePlayer
LogPluginManager: Mounting plugin AndroidPermission
LogPluginManager: Mounting plugin AppleARKit
LogPluginManager: Mounting plugin AppleMoviePlayer
LogPluginManager: Mounting plugin ArchVisCharacter
LogPluginManager: Mounting plugin AudioCapture
LogPluginManager: Mounting plugin CableComponent
LogPluginManager: Mounting plugin CustomMeshComponent
LogPluginManager: Mounting plugin ExampleDeviceProfileSelector
LogPluginManager: Mounting plugin GoogleCloudMessaging
LogPluginManager: Mounting plugin ImmediatePhysics
LogPluginManager: Mounting plugin IOSDeviceProfileSelector
LogPluginManager: Mounting plugin LinuxDeviceProfileSelector
LogPluginManager: Mounting plugin LocationServicesBPLibrary
LogPluginManager: Mounting plugin MobilePatchingUtils
LogPluginManager: Mounting plugin OculusVR
LogPluginManager: Plugin shader directory ../../../Engine/Plugins/Runtime/Oculus/OculusVR/Shaders found
LogPluginManager: Mapping shader source directory ../../../Engine/Plugins/Runtime/Oculus/OculusVR/Shaders to virtual directory /Plugin/OculusVR
LogPluginManager: Mounting plugin PhysXVehicles
LogPluginManager: Mounting plugin ProceduralMeshComponent
LogPluginManager: Mounting plugin RuntimePhysXCooking
LogPluginManager: Mounting plugin SteamVR
LogPluginManager: Mounting plugin WindowsMoviePlayer
LogStreaming: Display: Took  0.181s to configure plugins.
LogModuleManager: Display: Found up-to-date module file ../../../../../../dev/ArenaBattle/Binaries/Win64/UE4Editor-ArenaBattle-1894.dll (API version 3944462).
LogModuleManager: Display: Found up-to-date module file ../../../Engine/Plugins/2D/Paper2D/Binaries/Win64/UE4Editor-Paper2D.dll (API version 3944462).
LogModuleManager: Display: Found up-to-date module file ../../../Engine/Plugins/2D/Paper2D/Binaries/Win64/UE4Editor-Paper2DEditor.dll (API version 3944462).
LogModuleManager: Display: Found up-to-date module file ../../../Engine/Plugins/2D/Paper2D/Binaries/Win64/UE4Editor-PaperSpriteSheetImporter.dll (API version 3944462).
LogModuleManager: Display: Found up-to-date module file ../../../Engine/Plugins/2D/Paper2D/Binaries/Win64/UE4Editor-PaperTiledImporter.dll (API version 3944462).
LogModuleManager: Display: Found up-to-date module file ../../../Engine/Plugins/2D/Paper2D/Binaries/Win64/UE4Editor-SmartSnapping.dll (API version 3944462).
LogModuleManager: Display: Found up-to-date module file ../../../Engine/Plugins/Animation/LiveLink/Binaries/Win64/UE4Editor-LiveLink.dll (API version 3944462).
LogModuleManager: Display: Found up-to-date module file ../../../Engine/Plugins/Animation/LiveLink/Binaries/Win64/UE4Editor-LiveLinkEditor.dll (API version 3944462).
LogModuleManager: Display: Found up-to-date module file ../../../Engine/Plugins/Blendables/LightPropagationVolume/Binaries/Win64/UE4Editor-LightPropagationVolumeRuntime.dll (API version 3944462).
LogModuleManager: Display: Found up-to-date module file ../../../Engine/Plugins/Blendables/LightPropagationVolume/Binaries/Win64/UE4Editor-LightPropagationVolumeEditor.dll (API version 3944462).
LogModuleManager: Display: Found up-to-date module file ../../../Engine/Plugins/Developer/CLionSourceCodeAccess/Binaries/Win64/UE4Editor-CLionSourceCodeAccess.dll (API version 3944462).
LogModuleManager: Display: Found up-to-date module file ../../../Engine/Plugins/Developer/GitSourceControl/Binaries/Win64/UE4Editor-GitSourceControl.dll (API version 3944462).
LogModuleManager: Display: Found up-to-date module file ../../../Engine/Plugins/Developer/PerforceSourceControl/Binaries/Win64/UE4Editor-PerforceSourceControl.dll (API version 3944462).
LogModuleManager: Display: Found up-to-date module file ../../../Engine/Plugins/Developer/SubversionSourceControl/Binaries/Win64/UE4Editor-SubversionSourceControl.dll (API version 3944462).
LogModuleManager: Display: Found up-to-date module file ../../../Engine/Plugins/Developer/UObjectPlugin/Binaries/Win64/UE4Editor-UObjectPlugin.dll (API version 3944462).
LogModuleManager: Display: Found up-to-date module file ../../../Engine/Plugins/Developer/VisualStudioCodeSourceCodeAccess/Binaries/Win64/UE4Editor-VisualStudioCodeSourceCodeAccess.dll (API version 3944462).
LogModuleManager: Display: Found up-to-date module file ../../../Engine/Plugins/Developer/VisualStudioSourceCodeAccess/Binaries/Win64/UE4Editor-VisualStudioSourceCodeAccess.dll (API version 3944462).
LogModuleManager: Display: Found up-to-date module file ../../../Engine/Plugins/Editor/AssetManagerEditor/Binaries/Win64/UE4Editor-AssetManagerEditor.dll (API version 3944462).
LogModuleManager: Display: Found up-to-date module file ../../../Engine/Plugins/Editor/CryptoKeys/Binaries/Win64/UE4Editor-CryptoKeys.dll (API version 3944462).
LogModuleManager: Display: Found up-to-date module file ../../../Engine/Plugins/Editor/CryptoKeys/Binaries/Win64/UE4Editor-CryptoKeysOpenSSL.dll (API version 3944462).
LogModuleManager: Display: Found up-to-date module file ../../../Engine/Plugins/Editor/DataValidation/Binaries/Win64/UE4Editor-DataValidation.dll (API version 3944462).
LogModuleManager: Display: Found up-to-date module file ../../../Engine/Plugins/Editor/FacialAnimation/Binaries/Win64/UE4Editor-FacialAnimation.dll (API version 3944462).
LogModuleManager: Display: Found up-to-date module file ../../../Engine/Plugins/Editor/FacialAnimation/Binaries/Win64/UE4Editor-FacialAnimationEditor.dll (API version 3944462).
LogModuleManager: Display: Found up-to-date module file ../../../Engine/Plugins/Editor/GameplayTagsEditor/Binaries/Win64/UE4Editor-GameplayTagsEditor.dll (API version 3944462).
LogModuleManager: Display: Found up-to-date module file ../../../Engine/Plugins/Editor/MobileLauncherProfileWizard/Binaries/Win64/UE4Editor-MobileLauncherProfileWizard.dll (API version 3944462).
LogModuleManager: Display: Found up-to-date module file ../../../Engine/Plugins/Editor/PluginBrowser/Binaries/Win64/UE4Editor-PluginBrowser.dll (API version 3944462).
LogModuleManager: Display: Found up-to-date module file ../../../Engine/Plugins/Editor/SpeedTreeImporter/Binaries/Win64/UE4Editor-SpeedTreeImporter.dll (API version 3944462).
LogModuleManager: Display: Found up-to-date module file ../../../Engine/Plugins/Enterprise/DatasmithContent/Binaries/Win64/UE4Editor-DatasmithContent.dll (API version 3944462).
LogModuleManager: Display: Found up-to-date module file ../../../Engine/Plugins/Experimental/AlembicImporter/Binaries/Win64/UE4Editor-AlembicImporter.dll (API version 3944462).
LogModuleManager: Display: Found up-to-date module file ../../../Engine/Plugins/Experimental/AlembicImporter/Binaries/Win64/UE4Editor-AlembicLibrary.dll (API version 3944462).
LogModuleManager: Display: Found up-to-date module file ../../../Engine/Plugins/Experimental/CharacterAI/Binaries/Win64/UE4Editor-CharacterAI.dll (API version 3944462).
LogModuleManager: Display: Found up-to-date module file ../../../Engine/Plugins/Experimental/HTML5Networking/Binaries/Win64/UE4Editor-HTML5Networking.dll (API version 3944462).
LogModuleManager: Display: Found up-to-date module file ../../../Engine/Plugins/Media/AndroidMedia/Binaries/Win64/UE4Editor-AndroidMediaEditor.dll (API version 3944462).
LogModuleManager: Display: Found up-to-date module file ../../../Engine/Plugins/Media/AndroidMedia/Binaries/Win64/UE4Editor-AndroidMediaFactory.dll (API version 3944462).
LogModuleManager: Display: Found up-to-date module file ../../../Engine/Plugins/Media/AvfMedia/Binaries/Win64/UE4Editor-AvfMediaEditor.dll (API version 3944462).
LogModuleManager: Display: Found up-to-date module file ../../../Engine/Plugins/Media/AvfMedia/Binaries/Win64/UE4Editor-AvfMediaFactory.dll (API version 3944462).
LogModuleManager: Display: Found up-to-date module file ../../../Engine/Plugins/Media/AvfMedia/Binaries/Win64/UE4Editor-AvfMediaFactory.dll (API version 3944462).
LogModuleManager: Display: Found up-to-date module file ../../../Engine/Plugins/Media/ImgMedia/Binaries/Win64/UE4Editor-ImgMedia.dll (API version 3944462).
LogModuleManager: Display: Found up-to-date module file ../../../Engine/Plugins/Media/ImgMedia/Binaries/Win64/UE4Editor-ImgMediaEditor.dll (API version 3944462).
LogModuleManager: Display: Found up-to-date module file ../../../Engine/Plugins/Media/ImgMedia/Binaries/Win64/UE4Editor-ImgMediaFactory.dll (API version 3944462).
LogModuleManager: Display: Found up-to-date module file ../../../Engine/Plugins/Media/ImgMedia/Binaries/Win64/UE4Editor-ImgMediaFactory.dll (API version 3944462).
LogModuleManager: Display: Found up-to-date module file ../../../Engine/Plugins/Media/ImgMedia/Binaries/Win64/UE4Editor-OpenExrWrapper.dll (API version 3944462).
LogModuleManager: Display: Found up-to-date module file ../../../Engine/Plugins/Media/LinearTimecode/Binaries/Win64/UE4Editor-LinearTimecode.dll (API version 3944462).
LogModuleManager: Display: Found up-to-date module file ../../../Engine/Plugins/Media/MediaCompositing/Binaries/Win64/UE4Editor-MediaCompositing.dll (API version 3944462).
LogModuleManager: Display: Found up-to-date module file ../../../Engine/Plugins/Media/MediaCompositing/Binaries/Win64/UE4Editor-MediaCompositingEditor.dll (API version 3944462).
LogModuleManager: Display: Found up-to-date module file ../../../Engine/Plugins/Media/MediaPlayerEditor/Binaries/Win64/UE4Editor-MediaPlayerEditor.dll (API version 3944462).
LogModuleManager: Display: Found up-to-date module file ../../../Engine/Plugins/Media/WmfMedia/Binaries/Win64/UE4Editor-WmfMedia.dll (API version 3944462).
LogModuleManager: Display: Found up-to-date module file ../../../Engine/Plugins/Media/WmfMedia/Binaries/Win64/UE4Editor-WmfMediaEditor.dll (API version 3944462).
LogModuleManager: Display: Found up-to-date module file ../../../Engine/Plugins/Media/WmfMedia/Binaries/Win64/UE4Editor-WmfMediaFactory.dll (API version 3944462).
LogModuleManager: Display: Found up-to-date module file ../../../Engine/Plugins/Media/WmfMedia/Binaries/Win64/UE4Editor-WmfMediaFactory.dll (API version 3944462).
LogModuleManager: Display: Found up-to-date module file ../../../Engine/Plugins/Messaging/TcpMessaging/Binaries/Win64/UE4Editor-TcpMessaging.dll (API version 3944462).
LogModuleManager: Display: Found up-to-date module file ../../../Engine/Plugins/Messaging/UdpMessaging/Binaries/Win64/UE4Editor-UdpMessaging.dll (API version 3944462).
LogModuleManager: Display: Found up-to-date module file ../../../Engine/Plugins/MovieScene/ActorSequence/Binaries/Win64/UE4Editor-ActorSequence.dll (API version 3944462).
LogModuleManager: Display: Found up-to-date module file ../../../Engine/Plugins/MovieScene/LevelSequenceEditor/Binaries/Win64/UE4Editor-LevelSequenceEditor.dll (API version 3944462).
LogModuleManager: Display: Found up-to-date module file ../../../Engine/Plugins/MovieScene/MatineeToLevelSequence/Binaries/Win64/UE4Editor-MatineeToLevelSequence.dll (API version 3944462).
LogModuleManager: Display: Found up-to-date module file ../../../Engine/Plugins/NetcodeUnitTest/NetcodeUnitTest/Binaries/Win64/UE4Editor-NetcodeUnitTest.dll (API version 3944462).
LogModuleManager: Display: Found up-to-date module file ../../../Engine/Plugins/NetcodeUnitTest/NUTUnrealEngine4/Binaries/Win64/UE4Editor-NUTUnrealEngine4.dll (API version 3944462).
LogModuleManager: Display: Found up-to-date module file ../../../Engine/Plugins/Online/OnlineSubsystem/Binaries/Win64/UE4Editor-OnlineSubsystem.dll (API version 3944462).
LogModuleManager: Display: Found up-to-date module file ../../../Engine/Plugins/Online/OnlineSubsystemNull/Binaries/Win64/UE4Editor-OnlineSubsystemNull.dll (API version 3944462).
LogModuleManager: Display: Found up-to-date module file ../../../Engine/Plugins/Online/OnlineSubsystemUtils/Binaries/Win64/UE4Editor-OnlineSubsystemUtils.dll (API version 3944462).
LogModuleManager: Display: Found up-to-date module file ../../../Engine/Plugins/Online/OnlineSubsystemUtils/Binaries/Win64/UE4Editor-OnlineBlueprintSupport.dll (API version 3944462).
LogModuleManager: Display: Found up-to-date module file ../../../Engine/Plugins/Runtime/AndroidDeviceProfileSelector/Binaries/Win64/UE4Editor-AndroidDeviceProfileSelector.dll (API version 3944462).
LogModuleManager: Display: Found up-to-date module file ../../../Engine/Plugins/Runtime/AndroidPermission/Binaries/Win64/UE4Editor-AndroidPermission.dll (API version 3944462).
LogModuleManager: Display: Found up-to-date module file ../../../Engine/Plugins/Runtime/AppleARKit/Binaries/Win64/UE4Editor-AppleARKit.dll (API version 3944462).
LogModuleManager: Display: Found up-to-date module file ../../../Engine/Plugins/Runtime/ArchVisCharacter/Binaries/Win64/UE4Editor-ArchVisCharacter.dll (API version 3944462).
LogModuleManager: Display: Found up-to-date module file ../../../Engine/Plugins/Runtime/AudioCapture/Binaries/Win64/UE4Editor-AudioCapture.dll (API version 3944462).
LogModuleManager: Display: Found up-to-date module file ../../../Engine/Plugins/Runtime/AudioCapture/Binaries/Win64/UE4Editor-AudioCaptureEditor.dll (API version 3944462).
LogModuleManager: Display: Found up-to-date module file ../../../Engine/Plugins/Runtime/CableComponent/Binaries/Win64/UE4Editor-CableComponent.dll (API version 3944462).
LogModuleManager: Display: Found up-to-date module file ../../../Engine/Plugins/Runtime/CustomMeshComponent/Binaries/Win64/UE4Editor-CustomMeshComponent.dll (API version 3944462).
LogModuleManager: Display: Found up-to-date module file ../../../Engine/Plugins/Runtime/ExampleDeviceProfileSelector/Binaries/Win64/UE4Editor-ExampleDeviceProfileSelector.dll (API version 3944462).
LogModuleManager: Display: Found up-to-date module file ../../../Engine/Plugins/Runtime/ImmediatePhysics/Binaries/Win64/UE4Editor-ImmediatePhysics.dll (API version 3944462).
LogModuleManager: Display: Found up-to-date module file ../../../Engine/Plugins/Runtime/ImmediatePhysics/Binaries/Win64/UE4Editor-ImmediatePhysicsEditor.dll (API version 3944462).
LogModuleManager: Display: Found up-to-date module file ../../../Engine/Plugins/Runtime/LocationServicesBPLibrary/Binaries/Win64/UE4Editor-LocationServicesBPLibrary.dll (API version 3944462).
LogModuleManager: Display: Found up-to-date module file ../../../Engine/Plugins/Runtime/MobilePatchingUtils/Binaries/Win64/UE4Editor-MobilePatchingUtils.dll (API version 3944462).
LogModuleManager: Display: Found up-to-date module file ../../../Engine/Plugins/Runtime/Oculus/OculusVR/Binaries/Win64/UE4Editor-OculusHMD.dll (API version 3944462).
LogModuleManager: Display: Found up-to-date module file ../../../Engine/Plugins/Runtime/Oculus/OculusVR/Binaries/Win64/UE4Editor-OculusInput.dll (API version 3944462).
LogModuleManager: Display: Found up-to-date module file ../../../Engine/Plugins/Runtime/Oculus/OculusVR/Binaries/Win64/UE4Editor-OculusEditor.dll (API version 3944462).
LogModuleManager: Display: Found up-to-date module file ../../../Engine/Plugins/Runtime/PhysXVehicles/Binaries/Win64/UE4Editor-PhysXVehicles.dll (API version 3944462).
LogModuleManager: Display: Found up-to-date module file ../../../Engine/Plugins/Runtime/PhysXVehicles/Binaries/Win64/UE4Editor-PhysXVehiclesEditor.dll (API version 3944462).
LogModuleManager: Display: Found up-to-date module file ../../../Engine/Plugins/Runtime/ProceduralMeshComponent/Binaries/Win64/UE4Editor-ProceduralMeshComponent.dll (API version 3944462).
LogModuleManager: Display: Found up-to-date module file ../../../Engine/Plugins/Runtime/ProceduralMeshComponent/Binaries/Win64/UE4Editor-ProceduralMeshComponentEditor.dll (API version 3944462).
LogModuleManager: Display: Found up-to-date module file ../../../Engine/Plugins/Runtime/RuntimePhysXCooking/Binaries/Win64/UE4Editor-RuntimePhysXCooking.dll (API version 3944462).
LogModuleManager: Display: Found up-to-date module file ../../../Engine/Plugins/Runtime/Steam/SteamVR/Binaries/Win64/UE4Editor-SteamVR.dll (API version 3944462).
LogModuleManager: Display: Found up-to-date module file ../../../Engine/Plugins/Runtime/Steam/SteamVR/Binaries/Win64/UE4Editor-SteamVRController.dll (API version 3944462).
LogModuleManager: Display: Found up-to-date module file ../../../Engine/Plugins/Runtime/WindowsMoviePlayer/Binaries/Win64/UE4Editor-WindowsMoviePlayer.dll (API version 3944462).
LogInit: Using libcurl 7.47.1
LogInit:  - built for x86_64-pc-win32
LogInit:  - supports SSL with OpenSSL/1.0.2g
LogInit:  - supports HTTP deflate (compression) using libz 1.2.8
LogInit:  - other features:
LogInit:      CURL_VERSION_SSL
LogInit:      CURL_VERSION_LIBZ
LogInit:      CURL_VERSION_IPV6
LogInit:      CURL_VERSION_ASYNCHDNS
LogInit:      CURL_VERSION_LARGEFILE
LogInit:      CURL_VERSION_IDN
LogInit:  CurlRequestOptions (configurable via config and command line):
LogInit:  - bVerifyPeer = false  - Libcurl will NOT verify peer certificate
LogInit:  - bUseHttpProxy = false  - Libcurl will NOT use HTTP proxy
LogInit:  - bDontReuseConnections = false  - Libcurl will reuse connections
LogInit:  - CertBundlePath = nullptr  - Libcurl will use whatever was configured at build time.
LogInit:  - MaxHostConnections = 16  - Libcurl will limit the number of connections to a host
LogInit:  - LocalHostAddr = Default
LogInit: WinSock: version 1.1 (2.2), MaxSocks=32767, MaxUdp=65467
LogInit: WinSock: I am DESKTOP-2UPP01C (192.168.0.66:0)
LogInit: Build: ++UE4+Release-4.19-CL-4033788
LogInit: Engine Version: 4.19.2-4033788+++UE4+Release-4.19
LogInit: Compatible Engine Version: 4.19.0-3944462+++UE4+Release-4.19
LogInit: Net CL: 3944462
LogDevObjectVersion: Number of dev versions registered: 18
LogDevObjectVersion:   Dev-Blueprints (B0D832E4-1F89-4F0D-ACCF-7EB736FD4AA2): 10
LogDevObjectVersion:   Dev-Build (E1C64328-A22C-4D53-A36C-8E866417BD8C): 0
LogDevObjectVersion:   Dev-Core (375EC13C-06E4-48FB-B500-84F0262A717E): 2
LogDevObjectVersion:   Dev-Editor (E4B068ED-F494-42E9-A231-DA0B2E46BB41): 23
LogDevObjectVersion:   Dev-Framework (CFFC743F-43B0-4480-9391-14DF171D2073): 33
LogDevObjectVersion:   Dev-Mobile (B02B49B5-BB20-44E9-A304-32B752E40360): 2
LogDevObjectVersion:   Dev-Networking (A4E4105C-59A1-49B5-A7C5-40C4547EDFEE): 0
LogDevObjectVersion:   Dev-Online (39C831C9-5AE6-47DC-9A44-9C173E1C8E7C): 0
LogDevObjectVersion:   Dev-Physics (78F01B33-EBEA-4F98-B9B4-84EACCB95AA2): 0
LogDevObjectVersion:   Dev-Platform (6631380F-2D4D-43E0-8009-CF276956A95A): 0
LogDevObjectVersion:   Dev-Rendering (12F88B9F-8875-4AFC-A67C-D90C383ABD29): 25
LogDevObjectVersion:   Dev-Sequencer (7B5AE74C-D270-4C10-A958-57980B212A5A): 6
LogDevObjectVersion:   Dev-VR (D7296918-1DD6-4BDD-9DE2-64A83CC13884): 1
LogDevObjectVersion:   Dev-LoadTimes (C2A15278-BFE7-4AFE-6C17-90FF531DF755): 1
LogDevObjectVersion:   Private-Geometry (6EACA3D4-40EC-4CC1-B786-8BED09428FC5): 2
LogDevObjectVersion:   Dev-AnimPhys (29E575DD-E0A3-4627-9D10-D276232CDCEA): 16
LogDevObjectVersion:   Dev-ReflectionCapture (6B266CEC-1EC7-4B8F-A30B-E4D90942FC07): 1
LogDevObjectVersion:   Dev-Automation (0DF73D61-A23F-47EA-B727-89E90C41499A): 1
LogInit: Compiled (64-bit): Apr 27 2018 02:06:57
LogInit: Compiled with Visual C++: 19.00.24215.01
LogInit: Build Configuration: Development
LogInit: Branch Name: ++UE4+Release-4.19
LogInit: Command Line: 
LogInit: Base Directory: C:/Program Files/Epic Games/UE_4.19/Engine/Binaries/Win64/
LogInit: Installed Engine Build: 1
LogStreaming: Display: Took  0.008s to delete old logs.
LogInit: Presizing for max 8388607 objects, including 0 objects not considered by GC, pre-allocating 0 bytes for permanent pool.
LogInit: Object subsystem initialized
[2020.03.10-04.51.41:646][  0]LogInit: Selected Device Profile: [Windows]
[2020.03.10-04.51.41:646][  0]LogInit: Applying CVar settings loaded from the selected device profile: [Windows]
[2020.03.10-04.51.41:656][  0]LogInit: Computer: DESKTOP-2UPP01C
[2020.03.10-04.51.41:656][  0]LogInit: User: pth08
[2020.03.10-04.51.41:656][  0]LogInit: CPU Page size=4096, Cores=4
[2020.03.10-04.51.41:656][  0]LogInit: High frequency timer resolution =10.000000 MHz
[2020.03.10-04.51.41:657][  0]LogMemory: Memory total: Physical=15.9GB (16GB approx)
[2020.03.10-04.51.41:657][  0]LogMemory: Platform Memory Stats for Windows
[2020.03.10-04.51.41:657][  0]LogMemory: Process Physical Memory: 278.46 MB used, 278.47 MB peak
[2020.03.10-04.51.41:657][  0]LogMemory: Process Virtual Memory: 264.73 MB used, 264.73 MB peak
[2020.03.10-04.51.41:657][  0]LogMemory: Physical Memory: 8545.21 MB used,  7754.08 MB free, 16299.29 MB total
[2020.03.10-04.51.41:657][  0]LogMemory: Virtual Memory: 4779.41 MB used,  7754.08 MB free, 134217728.00 MB total
[2020.03.10-04.51.41:685][  0]LogInit: Using OS detected language (ko-KR).
[2020.03.10-04.51.41:685][  0]LogInit: Using OS detected locale (ko-KR).
[2020.03.10-04.51.41:689][  0]LogTextLocalizationManager: No specific localization for 'ko-KR' exists, so the 'ko' localization will be used.
[2020.03.10-04.51.42:131][  0]LogStreaming: Display: Took  0.447s to EndInitTextLocalization.
[2020.03.10-04.51.42:132][  0]LogInit: Setting process to per monitor DPI aware
[2020.03.10-04.51.42:230][  0]LogSlate: New Slate User Created.  User Index 0, Is Virtual User: 0
[2020.03.10-04.51.42:230][  0]LogSlate: Slate User Registered.  User Index 0, Is Virtual User: 0
[2020.03.10-04.51.42:647][  0]LogD3D11RHI: D3D11 adapters:
[2020.03.10-04.51.42:666][  0]LogD3D11RHI:    0. 'Intel(R) UHD Graphics 620' (Feature Level 11_0)
[2020.03.10-04.51.42:666][  0]LogD3D11RHI:       128/0/8149 MB DedicatedVideo/DedicatedSystem/SharedSystem, Outputs:2, VendorId:0x8086
[2020.03.10-04.51.42:941][  0]LogD3D11RHI:    1. 'Radeon(TM) 540 Graphics' (Feature Level 11_0)
[2020.03.10-04.51.42:941][  0]LogD3D11RHI:       1995/0/8149 MB DedicatedVideo/DedicatedSystem/SharedSystem, Outputs:0, VendorId:0x1002
[2020.03.10-04.51.42:944][  0]LogD3D11RHI:    2. 'Microsoft Basic Render Driver' (Feature Level 11_0)
[2020.03.10-04.51.42:944][  0]LogD3D11RHI:       0/0/8149 MB DedicatedVideo/DedicatedSystem/SharedSystem, Outputs:0, VendorId:0x1414
[2020.03.10-04.51.42:944][  0]LogD3D11RHI: Chosen D3D11 Adapter: 1
[2020.03.10-04.51.42:956][  0]LogD3D11RHI: Creating new Direct3DDevice
[2020.03.10-04.51.42:956][  0]LogD3D11RHI:     GPU DeviceId: 0x699f (for the marketing name, search the web for "GPU Device Id")
[2020.03.10-04.51.42:957][  0]LogWindows: EnumDisplayDevices:
[2020.03.10-04.51.42:957][  0]LogWindows:    0. 'Intel(R) UHD Graphics 620' (P:0 D:1)
[2020.03.10-04.51.42:958][  0]LogWindows:    1. 'Intel(R) UHD Graphics 620' (P:1 D:1)
[2020.03.10-04.51.42:959][  0]LogWindows:    2. 'Intel(R) UHD Graphics 620' (P:0 D:0)
[2020.03.10-04.51.42:959][  0]LogWindows:    3. 'Radeon(TM) 540 Graphics' (P:0 D:0)
[2020.03.10-04.51.42:960][  0]LogWindows:    4. 'Radeon(TM) 540 Graphics' (P:0 D:0)
[2020.03.10-04.51.42:961][  0]LogWindows:    5. 'Radeon(TM) 540 Graphics' (P:0 D:0)
[2020.03.10-04.51.42:961][  0]LogWindows:    6. 'Radeon(TM) 540 Graphics' (P:0 D:0)
[2020.03.10-04.51.42:963][  0]LogWindows:    7. 'Radeon(TM) 540 Graphics' (P:0 D:0)
[2020.03.10-04.51.42:964][  0]LogWindows:    8. 'Radeon(TM) 540 Graphics' (P:0 D:0)
[2020.03.10-04.51.42:965][  0]LogWindows:    9. 'Radeon(TM) 540 Graphics' (P:0 D:0)
[2020.03.10-04.51.42:966][  0]LogWindows:    10. 'Radeon(TM) 540 Graphics' (P:0 D:0)
[2020.03.10-04.51.42:967][  0]LogWindows:    11. 'Radeon(TM) 540 Graphics' (P:0 D:0)
[2020.03.10-04.51.42:967][  0]LogWindows:    12. 'Radeon(TM) 540 Graphics' (P:0 D:0)
[2020.03.10-04.51.42:968][  0]LogWindows:    13. 'Radeon(TM) 540 Graphics' (P:0 D:0)
[2020.03.10-04.51.42:969][  0]LogWindows:    14. 'Radeon(TM) 540 Graphics' (P:0 D:0)
[2020.03.10-04.51.42:970][  0]LogWindows:    15. 'Radeon(TM) 540 Graphics' (P:0 D:0)
[2020.03.10-04.51.42:970][  0]LogWindows:    16. 'Radeon(TM) 540 Graphics' (P:0 D:0)
[2020.03.10-04.51.42:971][  0]LogWindows:    17. 'Radeon(TM) 540 Graphics' (P:0 D:0)
[2020.03.10-04.51.42:972][  0]LogWindows:    18. 'Radeon(TM) 540 Graphics' (P:0 D:0)
[2020.03.10-04.51.42:972][  0]LogWindows: DebugString: GetVideoDriverDetailsInvalid PrimaryIsNotTheChoosenAdapter GetVideoDriverDetailsInvalid PrimaryIsNotTheChoosenAdapter GetVideoDriverDetailsInvalid PrimaryIsNotTheChoosenAdapter GetVideoDriverDetailsInvalid PrimaryIsNotTheChoosenAdapter GetVideoDriverDetailsInvalid PrimaryIsNotTheChoosenAdapter GetVideoDriverDetailsInvalid PrimaryIsNotTheChoosenAdapter GetVideoDriverDetailsInvalid PrimaryIsNotTheChoosenAdapter GetVideoDriverDetailsInvalid PrimaryIsNotTheChoosenAdapter GetVideoDriverDetailsInvalid PrimaryIsNotTheChoosenAdapter GetVideoDriverDetailsInvalid PrimaryIsNotTheChoosenAdapter GetVideoDriverDetailsInvalid PrimaryIsNotTheChoosenAdapter GetVideoDriverDetailsInvalid PrimaryIsNotTheChoosenAdapter GetVideoDriverDetailsInvalid PrimaryIsNotTheChoosenAdapter GetVideoDriverDetailsInvalid PrimaryIsNotTheChoosenAdapter GetVideoDriverDetailsInvalid PrimaryIsNotTheChoosenAdapter GetVideoDriverDetailsInvalid PrimaryIsNotTheChoosenAdapter GetVideoDriverDetailsInvalid PrimaryIsNotTheChoosenAdapter GetVideoDriverDetailsInvalid PrimaryIsNotTheChoosenAdapter GetVideoDriverDetailsInvalid PrimaryIsNotTheChoosenAdapter FoundDriverCount:0 
[2020.03.10-04.51.42:972][  0]LogD3D11RHI:     Adapter Name: Radeon(TM) 540 Graphics
[2020.03.10-04.51.42:972][  0]LogD3D11RHI:   Driver Version: Unknown (internal:Unknown, unified:Unknown)
[2020.03.10-04.51.42:972][  0]LogD3D11RHI:      Driver Date: Unknown
[2020.03.10-04.51.42:972][  0]LogRHI: Texture pool is 1396 MB (70% of 1995 MB)
[2020.03.10-04.51.43:130][  0]LogD3D11RHI: Async texture creation enabled
[2020.03.10-04.51.43:142][  0]LogD3D11RHI: GPU Timing Frequency: 25.000000 (Debug: 2 1)
[2020.03.10-04.51.43:144][  0]LogShaderCompilers: Guid format shader working directory is 12 characters bigger than the processId version (../../../../../../dev/ArenaBattle/Intermediate/Shaders/WorkingDirectory/34216/).
[2020.03.10-04.51.43:144][  0]LogShaderCompilers: Cleaned the shader compiler working directory 'C:/Users/pth08/AppData/Local/Temp/UnrealShaderWorkingDir/468918C54297DA23090641A3B6B5600D/'.
[2020.03.10-04.51.43:515][  0]LogTemp: Display: Loaded TP AllDesktopTargetPlatform
[2020.03.10-04.51.43:536][  0]LogTemp: Display: Loaded TP MacClientTargetPlatform
[2020.03.10-04.51.43:561][  0]LogTemp: Display: Loaded TP MacNoEditorTargetPlatform
[2020.03.10-04.51.43:593][  0]LogTemp: Display: Loaded TP MacServerTargetPlatform
[2020.03.10-04.51.43:620][  0]LogTemp: Display: Loaded TP MacTargetPlatform
[2020.03.10-04.51.43:641][  0]LogTemp: Display: Loaded TP WindowsClientTargetPlatform
[2020.03.10-04.51.43:663][  0]LogTemp: Display: Loaded TP WindowsNoEditorTargetPlatform
[2020.03.10-04.51.43:684][  0]LogTemp: Display: Loaded TP WindowsServerTargetPlatform
[2020.03.10-04.51.43:693][  0]LogTemp: Display: Loaded TP WindowsTargetPlatform
[2020.03.10-04.51.43:709][  0]LogTemp: Display: Loaded TP Android_ASTCTargetPlatform
[2020.03.10-04.51.43:725][  0]LogTemp: Display: Loaded TP Android_ATCTargetPlatform
[2020.03.10-04.51.43:741][  0]LogTemp: Display: Loaded TP Android_DXTTargetPlatform
[2020.03.10-04.51.43:757][  0]LogTemp: Display: Loaded TP Android_ETC1aTargetPlatform
[2020.03.10-04.51.43:772][  0]LogTemp: Display: Loaded TP Android_ETC1TargetPlatform
[2020.03.10-04.51.43:788][  0]LogTemp: Display: Loaded TP Android_ETC2TargetPlatform
[2020.03.10-04.51.43:826][  0]LogTemp: Display: Loaded TP Android_MultiTargetPlatform
[2020.03.10-04.51.43:826][  0]LogTemp: Display: Loaded TP Android_PVRTCTargetPlatform
[2020.03.10-04.51.43:843][  0]LogTemp: Display: Loaded TP AndroidTargetPlatform
[2020.03.10-04.51.43:846][  0]LogTemp: Display: Loaded TP HTML5TargetPlatform
[2020.03.10-04.51.43:889][  0]LogTemp: Display: Loaded TP IOSTargetPlatform
[2020.03.10-04.51.43:905][  0]LogTemp: Display: Loaded TP TVOSTargetPlatform
[2020.03.10-04.51.43:927][  0]LogTemp: Display: Loaded TP LinuxClientTargetPlatform
[2020.03.10-04.51.43:948][  0]LogTemp: Display: Loaded TP LinuxNoEditorTargetPlatform
[2020.03.10-04.51.43:965][  0]LogTemp: Display: Loaded TP LinuxServerTargetPlatform
[2020.03.10-04.51.43:981][  0]LogTemp: Display: Loaded TP LinuxTargetPlatform
[2020.03.10-04.51.43:981][  0]LogTargetPlatformManager: Display: Building Assets For Windows
[2020.03.10-04.51.44:227][  0]LogXGEController: Cannot use XGE Controller as Incredibuild is not installed on this machine.
[2020.03.10-04.51.44:228][  0]LogShaderCompilers: Cannot use XGE Shader Compiler as Incredibuild is not installed on this machine.
[2020.03.10-04.51.44:228][  0]LogShaderCompilers: Display: Using Local Shader Compiler.
[2020.03.10-04.51.45:330][  0]LogDerivedDataCache: Display: Max Cache Size: 512 MB
[2020.03.10-04.51.45:399][  0]LogDerivedDataCache: Loaded boot cache 0.07s 76MB C:/Users/pth08/AppData/Local/UnrealEngine/4.19/DerivedDataCache/Boot.ddc.
[2020.03.10-04.51.45:399][  0]LogDerivedDataCache: Display: Loaded Boot cache: C:/Users/pth08/AppData/Local/UnrealEngine/4.19/DerivedDataCache/Boot.ddc
[2020.03.10-04.51.45:399][  0]LogDerivedDataCache: FDerivedDataBackendGraph:  Pak pak cache file ../../../../../../dev/ArenaBattle/DerivedDataCache/DDC.ddp not found, will not use a pak cache.
[2020.03.10-04.51.45:399][  0]LogDerivedDataCache: Unable to find inner node Pak for hierarchical cache Hierarchy.
[2020.03.10-04.51.45:399][  0]LogDerivedDataCache: FDerivedDataBackendGraph:  CompressedPak pak cache file ../../../../../../dev/ArenaBattle/DerivedDataCache/Compressed.ddp not found, will not use a pak cache.
[2020.03.10-04.51.45:399][  0]LogDerivedDataCache: Unable to find inner node CompressedPak for hierarchical cache Hierarchy.
[2020.03.10-04.51.45:418][  0]LogDerivedDataCache: Display: Pak cache opened for reading ../../../Engine/DerivedDataCache/Compressed.ddp.
[2020.03.10-04.51.45:430][  0]LogDerivedDataCache: Using Local data cache path C:/Users/pth08/AppData/Local/UnrealEngine/Common/DerivedDataCache: Writable
[2020.03.10-04.51.45:430][  0]LogDerivedDataCache: Shared data cache path not found in *engine.ini, will not use an Shared cache.
[2020.03.10-04.51.45:430][  0]LogDerivedDataCache: Unable to find inner node Shared for hierarchical cache Hierarchy.
[2020.03.10-04.51.45:441][  0]LogMaterial: Verifying Global Shaders for PCD3D_SM5
[2020.03.10-04.51.45:441][  0]LogSlate: Using Freetype 2.6.0
[2020.03.10-04.51.45:443][  0]LogSlate: SlateFontCache - WITH_FREETYPE: 1, WITH_HARFBUZZ: 1
[2020.03.10-04.51.45:443][  0]LogSlate: SlateFontCache - WITH_FREETYPE: 1, WITH_HARFBUZZ: 1
[2020.03.10-04.51.45:638][  0]LogAssetRegistry: FAssetRegistry took 0.0274 seconds to start up
[2020.03.10-04.51.46:109][  0]LogInit: Selected Device Profile: [Windows]
[2020.03.10-04.51.46:308][  0]LogSimplygon: Simplygon DLL not present - disabling.
[2020.03.10-04.51.46:314][  0]LogMeshReduction: Using SimplygonSwarm for distributed automatic mesh merging
[2020.03.10-04.51.46:314][  0]LogMeshReduction: Using QuadricMeshReduction for automatic static mesh reduction
[2020.03.10-04.51.46:314][  0]LogMeshReduction: No automatic skeletal mesh reduction module available
[2020.03.10-04.51.46:314][  0]LogMeshReduction: No automatic mesh merging module available
[2020.03.10-04.51.46:314][  0]LogMeshMerging: No automatic mesh merging module available
[2020.03.10-04.51.46:377][  0]LogNetVersion: ArenaBattle , NetCL: 3944462, EngineNetVer: 2, GameNetVer: 0 (Checksum: 3555152549)
[2020.03.10-04.51.46:970][  0]LogPackageLocalizationCache: Processed 9 localized package path(s) for 2 prioritized culture(s) in 0.091164 seconds
[2020.03.10-04.51.46:977][  0]LogUObjectArray: 36728 objects as part of root set at end of initial load.
[2020.03.10-04.51.46:977][  0]LogUObjectAllocator: 7314312 out of 0 bytes used by permanent object pool.
[2020.03.10-04.51.46:977][  0]LogUObjectArray: CloseDisregardForGC: 0/0 objects in disregard for GC pool
[2020.03.10-04.51.49:331][  0]LogTcpMessaging: Initializing TcpMessaging bridge
[2020.03.10-04.51.49:373][  0]LogUdpMessaging: Initializing bridge on interface 0.0.0.0:0 to multicast group 230.0.0.1:6666.
[2020.03.10-04.51.49:748][  0]LogSkeletalMesh: Skeletal Mesh found in DDC [0.375700ms] /Game/InfinityBladeWarriors/Character/CompleteCharacters/SK_CharM_Cardboard.SK_CharM_Cardboard
[2020.03.10-04.51.49:767][  0]LogUObjectGlobals: Created PersistentFrame Addr=0x0000024214186440, Size=24, Default__WarriorAnimBlueprint_C Function /Game/Book/Animations/WarriorAnimBlueprint.WarriorAnimBlueprint_C:ExecuteUbergraph_WarriorAnimBlueprint
[2020.03.10-04.51.49:775][  0]LogUObjectGlobals: Destroyed PersistentFrame Addr=0x0000024214186440, Size=24
[2020.03.10-04.51.49:775][  0]LogUObjectGlobals: Created PersistentFrame Addr=0x00000242141c4dd8, Size=24, Default__WarriorAnimBlueprint_C Function /Engine/Transient.REINST_WarriorAnimBlueprint_C_0:ExecuteUbergraph_WarriorAnimBlueprint
[2020.03.10-04.51.49:787][  0]LogUObjectGlobals: Created PersistentFrame Addr=0x00000242141c62f0, Size=24, Default__WarriorAnimBlueprint_C Function /Game/Book/Animations/WarriorAnimBlueprint.WarriorAnimBlueprint_C:ExecuteUbergraph_WarriorAnimBlueprint
[2020.03.10-04.51.49:874][  0]LogSkeletalMesh: Skeletal Mesh found in DDC [0.106400ms] /Game/InfinityBladeWeapons/Weapons/Blade/Swords/Blade_BlackKnight/SK_Blade_BlackKnight.SK_Blade_BlackKnight
[2020.03.10-04.51.50:153][  0]SourceControl: 소스 콘트롤이 꺼졌습니다.
[2020.03.10-04.51.50:153][  0]SourceControl: 소스 콘트롤이 꺼졌습니다.
[2020.03.10-04.51.50:185][  0]SourceControl: 소스 콘트롤이 꺼졌습니다.
[2020.03.10-04.51.50:224][  0]SourceControl: 소스 콘트롤이 꺼졌습니다.
[2020.03.10-04.51.51:158][  0]LogAndroidPermission: UAndroidPermissionCallbackProxy::GetInstance
[2020.03.10-04.51.52:151][  0]LogOcInput: OculusInput pre-init called
[2020.03.10-04.51.52:319][  0]LogEngine: Initializing Engine...
[2020.03.10-04.51.52:322][  0]LogHMD: Failed to initialize OpenVR with code 110
[2020.03.10-04.51.52:324][  0]LogStats: UGameplayTagsManager::ConstructGameplayTagTree: Construct from data asset -  0.000 s
[2020.03.10-04.51.52:324][  0]LogStats: UGameplayTagsManager::ConstructGameplayTagTree: GameplayTagTreeChangedEvent.Broadcast -  0.000 s
[2020.03.10-04.51.52:593][  0]LogAIModule: Creating AISystem for world Untitled
[2020.03.10-04.51.53:144][  0]LogInit: XAudio2 using '헤드폰(Realtek(R) Audio)' : 2 channels at 48 kHz using 16 bits per sample (channel mask 0x3)
[2020.03.10-04.51.53:301][  0]LogInit: FAudioDevice initialized.
[2020.03.10-04.51.53:352][  0]LogDerivedDataCache: Saved boot cache 0.05s 76MB C:/Users/pth08/AppData/Local/UnrealEngine/4.19/DerivedDataCache/Boot.ddc.
[2020.03.10-04.51.53:364][  0]LogInit: Texture streaming: Enabled
[2020.03.10-04.51.53:393][  0]LogEngineSessionManager: EngineSessionManager initialized
[2020.03.10-04.51.53:413][  0]LogInit: Transaction tracking system initialized
[2020.03.10-04.51.53:455][  0]BlueprintLog: New page: 에디터 로드
[2020.03.10-04.51.53:576][  0]LocalizationService: 현지화 서비스가 비활성화되었습니다.
[2020.03.10-04.51.53:748][  0]LogConsoleResponse: Display: 
[2020.03.10-04.51.53:964][  0]LogCook: Display: Max memory allowance for cook 16384mb min free memory 0mb
[2020.03.10-04.51.53:964][  0]LogCook: Display: Mobile HDR setting 1
[2020.03.10-04.51.53:964][  0]LogGameplayTags: Display: UGameplayTagsManager::DoneAddingNativeTags. DelegateIsBound: 0
[2020.03.10-04.51.53:964][  0]LogStats: UGameplayTagsManager::ConstructGameplayTagTree: Construct from data asset -  0.000 s
[2020.03.10-04.51.53:964][  0]LogStats: UGameplayTagsManager::ConstructGameplayTagTree: GameplayTagTreeChangedEvent.Broadcast -  0.000 s
[2020.03.10-04.51.54:564][  0]LogFileCache: Scanning file cache for directory 'C:/dev/ArenaBattle/Content/' took 0.05s
[2020.03.10-04.51.54:628][  0]SourceControl: 소스 콘트롤이 꺼졌습니다.
[2020.03.10-04.51.54:628][  0]Cmd: MAP LOAD FILE="../../../../../../dev/ArenaBattle/Content/Book/Maps/Step2.umap" TEMPLATE=0 SHOWPROGRESS=1 FEATURELEVEL=3
[2020.03.10-04.51.54:629][  0]LightingResults: New page: 라이팅 빌드
[2020.03.10-04.51.54:635][  0]MapCheck: New page: 맵 체크
[2020.03.10-04.51.54:635][  0]LightingResults: New page: 라이팅 빌드
[2020.03.10-04.51.54:645][  0]LogUObjectGlobals: Destroyed PersistentFrame Addr=0x00000242141c4dd8, Size=24
[2020.03.10-04.51.54:703][  0]LogUObjectGlobals: Created PersistentFrame Addr=0x0000024219b6c640, Size=64, Default__ThirdPerson_AnimBP_C Function /Game/Mannequin/Animations/ThirdPerson_AnimBP.ThirdPerson_AnimBP_C:ExecuteUbergraph_ThirdPerson_AnimBP
[2020.03.10-04.51.54:714][  0]LogUObjectGlobals: Destroyed PersistentFrame Addr=0x0000024219b6c640, Size=64
[2020.03.10-04.51.54:714][  0]LogUObjectGlobals: Created PersistentFrame Addr=0x0000024214085540, Size=64, Default__ThirdPerson_AnimBP_C Function /Engine/Transient.REINST_ThirdPerson_AnimBP_C_1:ExecuteUbergraph_ThirdPerson_AnimBP
[2020.03.10-04.51.54:722][  0]LogUObjectGlobals: Created PersistentFrame Addr=0x000002421f2524d0, Size=72, Default__ThirdPerson_AnimBP_C Function /Game/Mannequin/Animations/ThirdPerson_AnimBP.ThirdPerson_AnimBP_C:ExecuteUbergraph_ThirdPerson_AnimBP
[2020.03.10-04.51.54:767][  0]LogUObjectGlobals: Created PersistentFrame Addr=0x000002421f1ebec0, Size=296, Default__ThirdPersonCharacter_C Function /Game/ThirdPersonBP/Blueprints/ThirdPersonCharacter.ThirdPersonCharacter_C:ExecuteUbergraph_ThirdPersonCharacter
[2020.03.10-04.51.54:773][  0]LogUObjectGlobals: Destroyed PersistentFrame Addr=0x000002421f1ebec0, Size=296
[2020.03.10-04.51.54:773][  0]LogUObjectGlobals: Created PersistentFrame Addr=0x000002421f1ebec0, Size=296, Default__ThirdPersonCharacter_C Function /Engine/Transient.REINST_ThirdPersonCharacter_C_5:ExecuteUbergraph_ThirdPersonCharacter
[2020.03.10-04.51.54:779][  0]LogUObjectGlobals: Created PersistentFrame Addr=0x000002421f1ea5c0, Size=296, Default__ThirdPersonCharacter_C Function /Game/ThirdPersonBP/Blueprints/ThirdPersonCharacter.ThirdPersonCharacter_C:ExecuteUbergraph_ThirdPersonCharacter
[2020.03.10-04.51.55:171][  0]LogSkeletalMesh: Skeletal Mesh found in DDC [13.644900ms] /Game/Mannequin/Character/Mesh/SK_Mannequin.SK_Mannequin
[2020.03.10-04.51.55:198][  0]LogSkeletalMesh: Skeletal Mesh found in DDC [0.915700ms] /Game/InfinityBladeWarriors/Character/CompleteCharacters/SK_CharM_Golden.SK_CharM_Golden
[2020.03.10-04.51.55:215][  0]LogSkeletalMesh: Skeletal Mesh found in DDC [1.007400ms] /Game/InfinityBladeWarriors/Character/CompleteCharacters/SK_CharM_Barbarous.SK_CharM_Barbarous
[2020.03.10-04.51.55:250][  0]LogSkeletalMesh: Skeletal Mesh found in DDC [0.514200ms] /Game/InfinityBladeWeapons/Weapons/Blade/Axes/Blade_GreatBlade/SK_Blade_GreatBlade.SK_Blade_GreatBlade
[2020.03.10-04.51.55:302][  0]LogAIModule: Creating AISystem for world Step2
[2020.03.10-04.51.55:363][  0]LogEditorServer: Finished looking for orphan Actors (0.000 secs)
[2020.03.10-04.51.55:376][  0]LogUObjectGlobals: Destroyed PersistentFrame Addr=0x0000024214085540, Size=64
[2020.03.10-04.51.55:376][  0]LogUObjectGlobals: Destroyed PersistentFrame Addr=0x000002421f1ebec0, Size=296
[2020.03.10-04.51.55:377][  0]Cmd: MAP CHECKDEP NOCLEARLOG
[2020.03.10-04.51.55:522][  0]MapCheck: 맵 체크 완료: 오류 0 회, 경고 0 회, 소요 시간 144.052ms.
[2020.03.10-04.51.55:522][  0]LogFileHelpers: Loading map 'Step2' took 0.894
[2020.03.10-04.51.55:760][  0]LogCollectionManager: Loaded 0 collections in 0.003228 seconds
[2020.03.10-04.51.55:818][  0]LogFileCache: Scanning file cache for directory 'C:/dev/ArenaBattle/Saved/Collections/' took 0.01s
[2020.03.10-04.51.55:818][  0]LogFileCache: Scanning file cache for directory 'C:/dev/ArenaBattle/Content/Developers/pth08/Collections/' took 0.01s
[2020.03.10-04.51.55:818][  0]LogFileCache: Scanning file cache for directory 'C:/dev/ArenaBattle/Content/Collections/' took 0.01s
[2020.03.10-04.51.55:818][  0]LogCollectionManager: Rebuilt the GUID cache for 0 collections in 0.000000 seconds
[2020.03.10-04.51.55:831][  0]LogContentBrowser: Native class hierarchy populated in 0.0127 seconds. Added 2461 classes and 560 folders.
[2020.03.10-04.51.55:842][  0]LogContentBrowser: Native class hierarchy updated for 'WidgetCarousel' in 0.0010 seconds. Added 0 classes and 0 folders.
[2020.03.10-04.51.55:914][  0]LogContentBrowser: Native class hierarchy updated for 'AddContentDialog' in 0.0010 seconds. Added 0 classes and 0 folders.
[2020.03.10-04.51.55:923][  0]LogContentBrowser: Native class hierarchy updated for 'SceneOutliner' in 0.0011 seconds. Added 1 classes and 2 folders.
[2020.03.10-04.51.56:031][  0]LogSlate: Took 0.000412 seconds to synchronously load lazily loaded font '../../../Engine/Content/Slate/Fonts/Roboto-Regular.ttf' (155K)
[2020.03.10-04.51.56:035][  0]LogSlate: Took 0.003079 seconds to synchronously load lazily loaded font '../../../Engine/Content/Editor/Slate/Fonts/NanumGothic.ttf' (4243K)
[2020.03.10-04.51.56:039][  0]LogSlate: Took 0.002920 seconds to synchronously load lazily loaded font '../../../Engine/Content/Editor/Slate/Fonts/NanumGothicBold.ttf' (4188K)
[2020.03.10-04.51.56:039][  0]LogSlate: Took 0.000345 seconds to synchronously load lazily loaded font '../../../Engine/Content/Slate/Fonts/Roboto-Bold.ttf' (160K)
[2020.03.10-04.51.56:046][  0]LogSlate: Took 0.000423 seconds to synchronously load lazily loaded font '../../../Engine/Content/Editor/Slate/Fonts/FontAwesome.ttf' (139K)
[2020.03.10-04.51.56:047][  0]LogSlate: Took 0.000329 seconds to synchronously load lazily loaded font '../../../Engine/Content/Slate/Fonts/DroidSansMono.ttf' (77K)
[2020.03.10-04.51.56:127][  0]LogSlate: Took 0.003196 seconds to synchronously load lazily loaded font '../../../Engine/Content/Editor/Slate/Fonts/NanumGothicExtraBold.ttf' (4074K)
[2020.03.10-04.51.56:273][  0]LogRenderer: Reallocating scene render targets to support 1208x576 Format 10 NumSamples 1 (Frame:1).
[2020.03.10-04.51.56:530][  0]LogContentBrowser: Native class hierarchy updated for 'HierarchicalLODOutliner' in 0.0010 seconds. Added 0 classes and 0 folders.
[2020.03.10-04.51.56:531][  0]LogLoad: (Engine Initialization) Total time: 19.72 seconds
[2020.03.10-04.51.56:531][  0]LogLoad: (Engine Initialization) Total Blueprint compile time: 0.00 seconds
[2020.03.10-04.51.56:896][  0]LogContentStreaming: Texture pool size now 1000 MB
[2020.03.10-04.51.57:547][  2]LogAssetRegistry: Asset discovery search completed in 11.9321 seconds
[2020.03.10-04.51.57:550][  2]LogCollectionManager: Rebuilt the object cache for 0 collections in 0.000000 seconds (found 0 objects)
[2020.03.10-04.51.57:551][  2]LogCollectionManager: Fixed up redirectors for 0 collections in 0.000358 seconds (updated 0 objects)
[2020.03.10-04.52.40:543][131]LogHotReload: New module detected: UE4Editor-ArenaBattle-4836.dll
[2020.03.10-04.52.41:898][136]LogHotReload: Starting Hot-Reload from IDE
[2020.03.10-04.52.41:928][136]LogSlate: Took 0.000386 seconds to synchronously load lazily loaded font '../../../Engine/Content/Slate/Fonts/Roboto-Light.ttf' (167K)
[2020.03.10-04.52.42:349][136]LogClass: ABCharacterData HotReload.
[2020.03.10-04.52.42:350][136]ArenaBattle: Warning: AABCharacter::AABCharacter(20)CharacterStat isn't nullptr
[2020.03.10-04.52.42:353][136]LogHotReload: Re-instancing ABCharacter after hot-reload.
[2020.03.10-04.52.42:353][136]ArenaBattle: Warning: AABCharacter::AABCharacter(20)CharacterStat isn't nullptr
[2020.03.10-04.52.42:356][136]ArenaBattle: Warning: AABCharacter::AABCharacter(20)CharacterStat isn't nullptr
[2020.03.10-04.52.42:500][136]LogHotReload: Re-instancing ABItemBox after hot-reload.
[2020.03.10-04.52.42:599][136]LogHotReload: Re-instancing ABPawn after hot-reload.
[2020.03.10-04.52.42:698][136]LogContentBrowser: Native class hierarchy updated for 'ArenaBattle' in 0.0009 seconds. Added 9 classes and 2 folders.
[2020.03.10-04.52.42:700][136]Display: HotReload successful (5 functions remapped  1 scriptstructs remapped)
[2020.03.10-04.52.42:811][136]LogContentBrowser: Native class hierarchy populated in 0.0116 seconds. Added 2462 classes and 562 folders.
[2020.03.10-04.52.42:864][136]Display: HotReload took  1.0s.
[2020.03.10-04.52.45:621][186]LogSlate: FSceneViewport::OnFocusLost() reason 0
[2020.03.10-04.52.45:623][186]LogTemp: Repeating last play command: 선택된 뷰포트
[2020.03.10-04.52.45:660][186]LogPlayLevel: PlayLevel: No blueprints needed recompiling
[2020.03.10-04.52.45:661][186]PIE: New page: PIE 세션: Step2 (2020. 3. 10. 오후 10:52:45)
[2020.03.10-04.52.45:662][186]LogPlayLevel: Creating play world package: /Game/Book/Maps/UEDPIE_0_Step2
[2020.03.10-04.52.45:664][186]ArenaBattle: Warning: AABCharacter::AABCharacter(20)CharacterStat isn't nullptr
[2020.03.10-04.52.45:664][186]ArenaBattle: Warning: AABCharacter::AABCharacter(20)CharacterStat isn't nullptr
[2020.03.10-04.52.45:711][186]LogPlayLevel: PIE: StaticDuplicateObject took: (0.047950s)
[2020.03.10-04.52.45:712][186]LogAIModule: Creating AISystem for world Step2
[2020.03.10-04.52.45:713][186]LogPlayLevel: PIE: World Init took: (0.001801s)
[2020.03.10-04.52.45:713][186]LogPlayLevel: PIE: Created PIE world by copying editor world from /Game/Book/Maps/Step2.Step2 to /Game/Book/Maps/UEDPIE_0_Step2.Step2 (0.050932s)
[2020.03.10-04.52.45:731][186]ArenaBattle: Warning: UABGameInstance::Init(15)DropExp 20 : 25
[2020.03.10-04.52.46:336][186]LogInit: XAudio2 using '헤드폰(Realtek(R) Audio)' : 2 channels at 48 kHz using 16 bits per sample (channel mask 0x3)
[2020.03.10-04.52.46:426][186]LogInit: FAudioDevice initialized.
[2020.03.10-04.52.46:472][186]LogLoad: Game class is 'ABGameMode'
[2020.03.10-04.52.46:479][186]LogWorld: Bringing World /Game/Book/Maps/UEDPIE_0_Step2.Step2 up for play (max tick rate 60) at 2020.03.10-13.52.46
[2020.03.10-04.52.46:480][186]ArenaBattle: Warning: UABCharacterStatComponent::SetNewLevel(48)ABGameInstance isn't nullptr
[2020.03.10-04.52.46:481][186]ArenaBattle: Warning: UABCharacterStatComponent::SetNewLevel(54)CHARACTERSTAT 's CurrentHP : 100.000000
[2020.03.10-04.52.46:481][186]ArenaBattle: Warning: UABCharacterStatComponent::SetNewLevel(48)ABGameInstance isn't nullptr
[2020.03.10-04.52.46:481][186]ArenaBattle: Warning: UABCharacterStatComponent::SetNewLevel(54)CHARACTERSTAT 's CurrentHP : 100.000000
[2020.03.10-04.52.46:482][186]ArenaBattle: Warning: AABPawn::PossessedBy(93)
[2020.03.10-04.52.46:482][186]ArenaBattle: Warning: AABPawn::PostInitializeComponents(88)
[2020.03.10-04.52.46:482][186]LogWorld: Bringing up level for play took: 0.008393
[2020.03.10-04.52.46:483][186]ArenaBattle: Warning: AABPlayerController::PostInitializeComponents(8)
[2020.03.10-04.52.46:483][186]ArenaBattle: Warning: AABGameMode::PostLogin(17)PostLogin Begin
[2020.03.10-04.52.46:525][186]LogContentBrowser: Native class hierarchy updated for 'MovieSceneCapture' in 0.0011 seconds. Added 11 classes and 0 folders.
[2020.03.10-04.52.46:525][186]ArenaBattle: Warning: AABCharacter::AABCharacter(20)CharacterStat isn't nullptr
[2020.03.10-04.52.46:526][186]ArenaBattle: Warning: UABCharacterStatComponent::SetNewLevel(48)ABGameInstance isn't nullptr
[2020.03.10-04.52.46:526][186]ArenaBattle: Warning: UABCharacterStatComponent::SetNewLevel(54)CHARACTERSTAT 's CurrentHP : 100.000000
[2020.03.10-04.52.46:526][186]ArenaBattle: Warning: AABPlayerController::Possess(14)
[2020.03.10-04.52.46:527][186]ArenaBattle: Warning: AABGameMode::PostLogin(19)PostLogin End
[2020.03.10-04.52.46:527][186]PIE: /Game/Book/Maps/UEDPIE_0_Step2 에 대한 에디터에서 플레이 시작 시간: 1.104
[2020.03.10-04.52.54:100][441]ArenaBattle: Warning: AABCharacter::PostInitializeComponents::<lambda_e69fb4cdfdc5882b77050c1a3c49cad1>::operator ()(153)OnNextAttackCheck
[2020.03.10-04.52.56:680][524]ArenaBattle: Warning: AABCharacter::PostInitializeComponents::<lambda_e69fb4cdfdc5882b77050c1a3c49cad1>::operator ()(153)OnNextAttackCheck
[2020.03.10-04.53.00:476][637]ArenaBattle: Warning: AABCharacter::AttackCheck(363)Hit ActorName: ABCharacter_6
[2020.03.10-04.53.00:478][637]ArenaBattle: Warning: AABCharacter::TakeDamage(177)Actor : ABCharacter_6 / took Damage : 10.000000 
[2020.03.10-04.53.00:724][644]ArenaBattle: Warning: AABCharacter::PostInitializeComponents::<lambda_e69fb4cdfdc5882b77050c1a3c49cad1>::operator ()(153)OnNextAttackCheck
[2020.03.10-04.53.01:863][674]ArenaBattle: Warning: AABItemBox::OnCharacterOverlap(59)
[2020.03.10-04.53.05:990][795]ArenaBattle: Warning: AABCharacter::PostInitializeComponents::<lambda_e69fb4cdfdc5882b77050c1a3c49cad1>::operator ()(153)OnNextAttackCheck
[2020.03.10-04.53.09:322][902]ArenaBattle: Warning: AABCharacter::AttackCheck(363)Hit ActorName: ABCharacter_1
[2020.03.10-04.53.09:324][902]ArenaBattle: Warning: AABCharacter::TakeDamage(177)Actor : ABCharacter_1 / took Damage : 10.000000 
[2020.03.10-04.53.09:559][910]ArenaBattle: Warning: AABCharacter::PostInitializeComponents::<lambda_e69fb4cdfdc5882b77050c1a3c49cad1>::operator ()(153)OnNextAttackCheck
[2020.03.10-04.58.11:170][297]LogHotReload: New module detected: UE4Editor-ArenaBattle-7956.dll
[2020.03.10-04.58.12:192][301]LogHotReload: Starting Hot-Reload from IDE
[2020.03.10-04.58.12:632][301]LogClass: ABCharacterData HotReload.
[2020.03.10-04.58.12:634][301]ArenaBattle: Warning: AABCharacter::AABCharacter(20)CharacterStat isn't nullptr
[2020.03.10-04.58.12:636][301]LogHotReload: Re-instancing ABCharacter after hot-reload.
[2020.03.10-04.58.12:637][301]ArenaBattle: Warning: AABCharacter::AABCharacter(20)CharacterStat isn't nullptr
[2020.03.10-04.58.12:639][301]ArenaBattle: Warning: AABCharacter::AABCharacter(20)CharacterStat isn't nullptr
[2020.03.10-04.58.12:781][301]LogHotReload: Re-instancing ABItemBox after hot-reload.
[2020.03.10-04.58.12:878][301]LogHotReload: Re-instancing ABPawn after hot-reload.
[2020.03.10-04.58.12:983][301]LogContentBrowser: Native class hierarchy updated for 'ArenaBattle' in 0.0011 seconds. Added 9 classes and 2 folders.
[2020.03.10-04.58.12:986][301]Display: HotReload successful (5 functions remapped  1 scriptstructs remapped)
[2020.03.10-04.58.13:030][301]LogContentBrowser: Native class hierarchy populated in 0.0108 seconds. Added 2462 classes and 562 folders.
[2020.03.10-04.58.13:073][301]Display: HotReload took  0.9s.
[2020.03.10-04.58.14:780][306]LogSlate: FSceneViewport::OnFocusLost() reason 0
[2020.03.10-04.58.14:831][307]LogTemp: Repeating last play command: 선택된 뷰포트
[2020.03.10-04.58.14:853][307]LogPlayLevel: PlayLevel: No blueprints needed recompiling
[2020.03.10-04.58.14:853][307]PIE: New page: PIE 세션: Step2 (2020. 3. 10. 오후 10:58:14)
[2020.03.10-04.58.14:854][307]LogPlayLevel: Creating play world package: /Game/Book/Maps/UEDPIE_0_Step2
[2020.03.10-04.58.14:855][307]ArenaBattle: Warning: AABCharacter::AABCharacter(20)CharacterStat isn't nullptr
[2020.03.10-04.58.14:856][307]ArenaBattle: Warning: AABCharacter::AABCharacter(20)CharacterStat isn't nullptr
[2020.03.10-04.58.14:871][307]LogPlayLevel: PIE: StaticDuplicateObject took: (0.016983s)
[2020.03.10-04.58.14:873][307]LogAIModule: Creating AISystem for world Step2
[2020.03.10-04.58.14:874][307]LogPlayLevel: PIE: World Init took: (0.001599s)
[2020.03.10-04.58.14:874][307]LogPlayLevel: PIE: Created PIE world by copying editor world from /Game/Book/Maps/Step2.Step2 to /Game/Book/Maps/UEDPIE_0_Step2.Step2 (0.019679s)
[2020.03.10-04.58.14:885][307]ArenaBattle: Warning: UABGameInstance::Init(15)DropExp 20 : 25
[2020.03.10-04.58.15:367][307]LogInit: XAudio2 using '헤드폰(Realtek(R) Audio)' : 2 channels at 48 kHz using 16 bits per sample (channel mask 0x3)
[2020.03.10-04.58.15:451][307]LogInit: FAudioDevice initialized.
[2020.03.10-04.58.15:484][307]LogLoad: Game class is 'ABGameMode'
[2020.03.10-04.58.15:488][307]LogWorld: Bringing World /Game/Book/Maps/UEDPIE_0_Step2.Step2 up for play (max tick rate 60) at 2020.03.10-13.58.15
[2020.03.10-04.58.15:489][307]ArenaBattle: Warning: UABCharacterStatComponent::SetNewLevel(48)ABGameInstance isn't nullptr
[2020.03.10-04.58.15:489][307]ArenaBattle: Warning: UABCharacterStatComponent::SetNewLevel(54)CHARACTERSTAT 's CurrentHP : 100.000000
[2020.03.10-04.58.23:251][307]LogWindows: Error: === Critical error: ===
[2020.03.10-04.58.23:251][307]LogWindows: Error: 
[2020.03.10-04.58.23:251][307]LogWindows: Error: Fatal error!
[2020.03.10-04.58.23:251][307]LogWindows: Error: 
[2020.03.10-04.58.23:251][307]LogWindows: Error: Unhandled Exception: EXCEPTION_ACCESS_VIOLATION reading address 0x00000164
[2020.03.10-04.58.23:251][307]LogWindows: Error: 
[2020.03.10-04.58.23:251][307]LogWindows: Error: [Callstack] 0x00000000AF9A2EE6 UE4Editor-ArenaBattle-7956.dll!FMulticastDelegateBase<FWeakObjectPtr>::CompactInvocationList() [c:\program files\epic games\ue_4.19\engine\source\runtime\core\public\delegates\multicastdelegatebase.h:159]
[2020.03.10-04.58.23:251][307]LogWindows: Error: [Callstack] 0x00000000AF9A6D82 UE4Editor-ArenaBattle-7956.dll!FMulticastDelegateBase<FWeakObjectPtr>::AddInternal() [c:\program files\epic games\ue_4.19\engine\source\runtime\core\public\delegates\multicastdelegatebase.h:146]
[2020.03.10-04.58.23:251][307]LogWindows: Error: [Callstack] 0x00000000AF9A3B6F UE4Editor-ArenaBattle-7956.dll!TBaseMulticastDelegate<void>::AddLambda<<lambda_f7b8170dc8ea6e3a2ee62507b43cb7ad> >() [c:\program files\epic games\ue_4.19\engine\source\runtime\core\public\delegates\delegatesignatureimpl.inl:715]
[2020.03.10-04.58.23:251][307]LogWindows: Error: [Callstack] 0x00000000AF9A8D41 UE4Editor-ArenaBattle-7956.dll!AABCharacter::PostInitializeComponents() [c:\dev\arenabattle\source\arenabattle\abcharacter.cpp:172]
[2020.03.10-04.58.23:251][307]LogWindows: Error: [Callstack] 0x00000000DCE19D86 UE4Editor-Engine.dll!ULevel::RouteActorInitialize() [d:\build\++ue4+release-4.19+compile\sync\engine\source\runtime\engine\private\level.cpp:1760]
[2020.03.10-04.58.23:251][307]LogWindows: Error: [Callstack] 0x00000000DD7C73FB UE4Editor-Engine.dll!UWorld::InitializeActorsForPlay() [d:\build\++ue4+release-4.19+compile\sync\engine\source\runtime\engine\private\world.cpp:3449]
[2020.03.10-04.58.23:251][307]LogWindows: Error: [Callstack] 0x00000000DCCB42A2 UE4Editor-Engine.dll!UGameInstance::StartPlayInEditorGameInstance() [d:\build\++ue4+release-4.19+compile\sync\engine\source\runtime\engine\private\gameinstance.cpp:323]
[2020.03.10-04.58.23:251][307]LogWindows: Error: [Callstack] 0x00000000D3F227E0 UE4Editor-UnrealEd.dll!UEditorEngine::CreatePIEGameInstance() [d:\build\++ue4+release-4.19+compile\sync\engine\source\editor\unrealed\private\playlevel.cpp:3274]
[2020.03.10-04.58.23:251][307]LogWindows: Error: [Callstack] 0x00000000D3F41246 UE4Editor-UnrealEd.dll!UEditorEngine::PlayInEditor() [d:\build\++ue4+release-4.19+compile\sync\engine\source\editor\unrealed\private\playlevel.cpp:2410]
[2020.03.10-04.58.23:251][307]LogWindows: Error: [Callstack] 0x00000000D3F5BBEF UE4Editor-UnrealEd.dll!UEditorEngine::StartQueuedPlayMapRequest() [d:\build\++ue4+release-4.19+compile\sync\engine\source\editor\unrealed\private\playlevel.cpp:1271]
[2020.03.10-04.58.23:251][307]LogWindows: Error: [Callstack] 0x00000000D39CC961 UE4Editor-UnrealEd.dll!UEditorEngine::Tick() [d:\build\++ue4+release-4.19+compile\sync\engine\source\editor\unrealed\private\editorengine.cpp:1581]
[2020.03.10-04.58.23:251][307]LogWindows: Error: [Callstack] 0x00000000D4269626 UE4Editor-UnrealEd.dll!UUnrealEdEngine::Tick() [d:\build\++ue4+release-4.19+compile\sync\engine\source\editor\unrealed\private\unrealedengine.cpp:401]
[2020.03.10-04.58.23:251][307]LogWindows: Error: [Callstack] 0x00000000747D5EAC UE4Editor.exe!FEngineLoop::Tick() [d:\build\++ue4+release-4.19+compile\sync\engine\source\runtime\launch\private\launchengineloop.cpp:3339]
[2020.03.10-04.58.23:251][307]LogWindows: Error: [Callstack] 0x00000000747E6BD0 UE4Editor.exe!GuardedMain() [d:\build\++ue4+release-4.19+compile\sync\engine\source\runtime\launch\private\launch.cpp:166]
[2020.03.10-04.58.23:251][307]LogWindows: Error: [Callstack] 0x00000000747E6C4A UE4Editor.exe!GuardedMainWrapper() [d:\build\++ue4+release-4.19+compile\sync\engine\source\runtime\launch\private\windows\launchwindows.cpp:144]
[2020.03.10-04.58.23:251][307]LogWindows: Error: [Callstack] 0x00000000747F4177 UE4Editor.exe!WinMain() [d:\build\++ue4+release-4.19+compile\sync\engine\source\runtime\launch\private\windows\launchwindows.cpp:223]
[2020.03.10-04.58.23:251][307]LogWindows: Error: [Callstack] 0x00000000747F5B87 UE4Editor.exe!__scrt_common_main_seh() [f:\dd\vctools\crt\vcstartup\src\startup\exe_common.inl:253]
[2020.03.10-04.58.23:251][307]LogWindows: Error: [Callstack] 0x000000002BE07BD4 KERNEL32.DLL!UnknownFunction []
[2020.03.10-04.58.23:251][307]LogWindows: Error: [Callstack] 0x000000002DBACED1 ntdll.dll!UnknownFunction []
[2020.03.10-04.58.23:251][307]LogWindows: Error: [Callstack] 0x000000002DBACED1 ntdll.dll!UnknownFunction []
[2020.03.10-04.58.23:251][307]LogWindows: Error: 
[2020.03.10-04.58.23:272][307]LogExit: Executing StaticShutdownAfterError
[2020.03.10-04.58.23:275][307]LogWindows: FPlatformMisc::RequestExit(1)
[2020.03.10-04.58.23:275][307]Log file closed, 03/10/20 13:58:23
