Log file open, 03/06/20 01:19:28
LogWindows: Failed to load 'aqProf.dll' (GetLastError=126)
LogWindows: File 'aqProf.dll' does not exist
LogWindows: Failed to load 'VtuneApi.dll' (GetLastError=126)
LogWindows: File 'VtuneApi.dll' does not exist
LogWindows: Failed to load 'VtuneApi32e.dll' (GetLastError=126)
LogWindows: File 'VtuneApi32e.dll' does not exist
LogInit: Display: Running engine for game: ArenaBattle
LogPlatformFile: Not using cached read wrapper
LogInit: Display: RandInit(1798036214) SRandInit(1798036214).
LogInit: Read version file with build ID '3944462'
LogInit: Overriding engine version to CL 4033788, compatible CL 3944462
LogInit: Registered custom module enumerator with build ID '3944462'
LogTaskGraph: Started task graph with 5 named threads and 35 total threads with 3 sets of task threads.
LogStats: Stats thread started at 0.406569
LogD3D11RHI: Aftermath initialized
LogICUInternationalization: Display: ICU TimeZone Detection - Raw Offset: +9:00, Platform Override: ''
LogPluginManager: Mounting plugin Paper2D
LogPluginManager: Mounting plugin LiveLink
LogPluginManager: Mounting plugin LightPropagationVolume
LogPluginManager: Mounting plugin CLionSourceCodeAccess
LogPluginManager: Mounting plugin CodeLiteSourceCodeAccess
LogPluginManager: Mounting plugin GitSourceControl
LogPluginManager: Mounting plugin KDevelopSourceCodeAccess
LogPluginManager: Mounting plugin NullSourceCodeAccess
LogPluginManager: Mounting plugin PerforceSourceControl
LogPluginManager: Mounting plugin SubversionSourceControl
LogPluginManager: Mounting plugin UObjectPlugin
LogPluginManager: Mounting plugin VisualStudioCodeSourceCodeAccess
LogPluginManager: Mounting plugin VisualStudioSourceCodeAccess
LogPluginManager: Mounting plugin XCodeSourceCodeAccess
LogPluginManager: Mounting plugin AssetManagerEditor
LogPluginManager: Mounting plugin CryptoKeys
LogPluginManager: Mounting plugin DataValidation
LogPluginManager: Mounting plugin FacialAnimation
LogPluginManager: Mounting plugin GameplayTagsEditor
LogPluginManager: Mounting plugin MobileLauncherProfileWizard
LogPluginManager: Mounting plugin PluginBrowser
LogPluginManager: Mounting plugin SpeedTreeImporter
LogPluginManager: Mounting plugin DatasmithContent
LogPluginManager: Mounting plugin AlembicImporter
LogPluginManager: Mounting plugin CharacterAI
LogPluginManager: Mounting plugin HTML5Networking
LogPluginManager: Mounting plugin AndroidMedia
LogPluginManager: Mounting plugin AvfMedia
LogPluginManager: Mounting plugin ImgMedia
LogPluginManager: Mounting plugin LinearTimecode
LogPluginManager: Mounting plugin MediaCompositing
LogPluginManager: Mounting plugin MediaPlayerEditor
LogPluginManager: Mounting plugin WmfMedia
LogPluginManager: Mounting plugin TcpMessaging
LogPluginManager: Mounting plugin UdpMessaging
LogPluginManager: Mounting plugin ActorSequence
LogPluginManager: Mounting plugin LevelSequenceEditor
LogPluginManager: Mounting plugin MatineeToLevelSequence
LogPluginManager: Mounting plugin NetcodeUnitTest
LogPluginManager: Mounting plugin NUTUnrealEngine4
LogPluginManager: Mounting plugin OnlineSubsystemGooglePlay
LogPluginManager: Mounting plugin OnlineSubsystemIOS
LogPluginManager: Mounting plugin OnlineSubsystem
LogPluginManager: Mounting plugin OnlineSubsystemNull
LogPluginManager: Mounting plugin OnlineSubsystemUtils
LogPluginManager: Mounting plugin AndroidDeviceProfileSelector
LogPluginManager: Mounting plugin AndroidMoviePlayer
LogPluginManager: Mounting plugin AndroidPermission
LogPluginManager: Mounting plugin AppleARKit
LogPluginManager: Mounting plugin AppleMoviePlayer
LogPluginManager: Mounting plugin ArchVisCharacter
LogPluginManager: Mounting plugin AudioCapture
LogPluginManager: Mounting plugin CableComponent
LogPluginManager: Mounting plugin CustomMeshComponent
LogPluginManager: Mounting plugin ExampleDeviceProfileSelector
LogPluginManager: Mounting plugin GoogleCloudMessaging
LogPluginManager: Mounting plugin ImmediatePhysics
LogPluginManager: Mounting plugin IOSDeviceProfileSelector
LogPluginManager: Mounting plugin LinuxDeviceProfileSelector
LogPluginManager: Mounting plugin LocationServicesBPLibrary
LogPluginManager: Mounting plugin MobilePatchingUtils
LogPluginManager: Mounting plugin OculusVR
LogPluginManager: Plugin shader directory ../../../Engine/Plugins/Runtime/Oculus/OculusVR/Shaders found
LogPluginManager: Mapping shader source directory ../../../Engine/Plugins/Runtime/Oculus/OculusVR/Shaders to virtual directory /Plugin/OculusVR
LogPluginManager: Mounting plugin PhysXVehicles
LogPluginManager: Mounting plugin ProceduralMeshComponent
LogPluginManager: Mounting plugin RuntimePhysXCooking
LogPluginManager: Mounting plugin SteamVR
LogPluginManager: Mounting plugin WindowsMoviePlayer
LogStreaming: Display: Took  0.192s to configure plugins.
LogModuleManager: Display: Found up-to-date module file ../../../../../../dev/ArenaBattle/Binaries/Win64/UE4Editor-ArenaBattle-9367.dll (API version 3944462).
LogModuleManager: Display: Found up-to-date module file ../../../Engine/Plugins/2D/Paper2D/Binaries/Win64/UE4Editor-Paper2D.dll (API version 3944462).
LogModuleManager: Display: Found up-to-date module file ../../../Engine/Plugins/2D/Paper2D/Binaries/Win64/UE4Editor-Paper2DEditor.dll (API version 3944462).
LogModuleManager: Display: Found up-to-date module file ../../../Engine/Plugins/2D/Paper2D/Binaries/Win64/UE4Editor-PaperSpriteSheetImporter.dll (API version 3944462).
LogModuleManager: Display: Found up-to-date module file ../../../Engine/Plugins/2D/Paper2D/Binaries/Win64/UE4Editor-PaperTiledImporter.dll (API version 3944462).
LogModuleManager: Display: Found up-to-date module file ../../../Engine/Plugins/2D/Paper2D/Binaries/Win64/UE4Editor-SmartSnapping.dll (API version 3944462).
LogModuleManager: Display: Found up-to-date module file ../../../Engine/Plugins/Animation/LiveLink/Binaries/Win64/UE4Editor-LiveLink.dll (API version 3944462).
LogModuleManager: Display: Found up-to-date module file ../../../Engine/Plugins/Animation/LiveLink/Binaries/Win64/UE4Editor-LiveLinkEditor.dll (API version 3944462).
LogModuleManager: Display: Found up-to-date module file ../../../Engine/Plugins/Blendables/LightPropagationVolume/Binaries/Win64/UE4Editor-LightPropagationVolumeRuntime.dll (API version 3944462).
LogModuleManager: Display: Found up-to-date module file ../../../Engine/Plugins/Blendables/LightPropagationVolume/Binaries/Win64/UE4Editor-LightPropagationVolumeEditor.dll (API version 3944462).
LogModuleManager: Display: Found up-to-date module file ../../../Engine/Plugins/Developer/CLionSourceCodeAccess/Binaries/Win64/UE4Editor-CLionSourceCodeAccess.dll (API version 3944462).
LogModuleManager: Display: Found up-to-date module file ../../../Engine/Plugins/Developer/GitSourceControl/Binaries/Win64/UE4Editor-GitSourceControl.dll (API version 3944462).
LogModuleManager: Display: Found up-to-date module file ../../../Engine/Plugins/Developer/PerforceSourceControl/Binaries/Win64/UE4Editor-PerforceSourceControl.dll (API version 3944462).
LogModuleManager: Display: Found up-to-date module file ../../../Engine/Plugins/Developer/SubversionSourceControl/Binaries/Win64/UE4Editor-SubversionSourceControl.dll (API version 3944462).
LogModuleManager: Display: Found up-to-date module file ../../../Engine/Plugins/Developer/UObjectPlugin/Binaries/Win64/UE4Editor-UObjectPlugin.dll (API version 3944462).
LogModuleManager: Display: Found up-to-date module file ../../../Engine/Plugins/Developer/VisualStudioCodeSourceCodeAccess/Binaries/Win64/UE4Editor-VisualStudioCodeSourceCodeAccess.dll (API version 3944462).
LogModuleManager: Display: Found up-to-date module file ../../../Engine/Plugins/Developer/VisualStudioSourceCodeAccess/Binaries/Win64/UE4Editor-VisualStudioSourceCodeAccess.dll (API version 3944462).
LogModuleManager: Display: Found up-to-date module file ../../../Engine/Plugins/Editor/AssetManagerEditor/Binaries/Win64/UE4Editor-AssetManagerEditor.dll (API version 3944462).
LogModuleManager: Display: Found up-to-date module file ../../../Engine/Plugins/Editor/CryptoKeys/Binaries/Win64/UE4Editor-CryptoKeys.dll (API version 3944462).
LogModuleManager: Display: Found up-to-date module file ../../../Engine/Plugins/Editor/CryptoKeys/Binaries/Win64/UE4Editor-CryptoKeysOpenSSL.dll (API version 3944462).
LogModuleManager: Display: Found up-to-date module file ../../../Engine/Plugins/Editor/DataValidation/Binaries/Win64/UE4Editor-DataValidation.dll (API version 3944462).
LogModuleManager: Display: Found up-to-date module file ../../../Engine/Plugins/Editor/FacialAnimation/Binaries/Win64/UE4Editor-FacialAnimation.dll (API version 3944462).
LogModuleManager: Display: Found up-to-date module file ../../../Engine/Plugins/Editor/FacialAnimation/Binaries/Win64/UE4Editor-FacialAnimationEditor.dll (API version 3944462).
LogModuleManager: Display: Found up-to-date module file ../../../Engine/Plugins/Editor/GameplayTagsEditor/Binaries/Win64/UE4Editor-GameplayTagsEditor.dll (API version 3944462).
LogModuleManager: Display: Found up-to-date module file ../../../Engine/Plugins/Editor/MobileLauncherProfileWizard/Binaries/Win64/UE4Editor-MobileLauncherProfileWizard.dll (API version 3944462).
LogModuleManager: Display: Found up-to-date module file ../../../Engine/Plugins/Editor/PluginBrowser/Binaries/Win64/UE4Editor-PluginBrowser.dll (API version 3944462).
LogModuleManager: Display: Found up-to-date module file ../../../Engine/Plugins/Editor/SpeedTreeImporter/Binaries/Win64/UE4Editor-SpeedTreeImporter.dll (API version 3944462).
LogModuleManager: Display: Found up-to-date module file ../../../Engine/Plugins/Enterprise/DatasmithContent/Binaries/Win64/UE4Editor-DatasmithContent.dll (API version 3944462).
LogModuleManager: Display: Found up-to-date module file ../../../Engine/Plugins/Experimental/AlembicImporter/Binaries/Win64/UE4Editor-AlembicImporter.dll (API version 3944462).
LogModuleManager: Display: Found up-to-date module file ../../../Engine/Plugins/Experimental/AlembicImporter/Binaries/Win64/UE4Editor-AlembicLibrary.dll (API version 3944462).
LogModuleManager: Display: Found up-to-date module file ../../../Engine/Plugins/Experimental/CharacterAI/Binaries/Win64/UE4Editor-CharacterAI.dll (API version 3944462).
LogModuleManager: Display: Found up-to-date module file ../../../Engine/Plugins/Experimental/HTML5Networking/Binaries/Win64/UE4Editor-HTML5Networking.dll (API version 3944462).
LogModuleManager: Display: Found up-to-date module file ../../../Engine/Plugins/Media/AndroidMedia/Binaries/Win64/UE4Editor-AndroidMediaEditor.dll (API version 3944462).
LogModuleManager: Display: Found up-to-date module file ../../../Engine/Plugins/Media/AndroidMedia/Binaries/Win64/UE4Editor-AndroidMediaFactory.dll (API version 3944462).
LogModuleManager: Display: Found up-to-date module file ../../../Engine/Plugins/Media/AvfMedia/Binaries/Win64/UE4Editor-AvfMediaEditor.dll (API version 3944462).
LogModuleManager: Display: Found up-to-date module file ../../../Engine/Plugins/Media/AvfMedia/Binaries/Win64/UE4Editor-AvfMediaFactory.dll (API version 3944462).
LogModuleManager: Display: Found up-to-date module file ../../../Engine/Plugins/Media/AvfMedia/Binaries/Win64/UE4Editor-AvfMediaFactory.dll (API version 3944462).
LogModuleManager: Display: Found up-to-date module file ../../../Engine/Plugins/Media/ImgMedia/Binaries/Win64/UE4Editor-ImgMedia.dll (API version 3944462).
LogModuleManager: Display: Found up-to-date module file ../../../Engine/Plugins/Media/ImgMedia/Binaries/Win64/UE4Editor-ImgMediaEditor.dll (API version 3944462).
LogModuleManager: Display: Found up-to-date module file ../../../Engine/Plugins/Media/ImgMedia/Binaries/Win64/UE4Editor-ImgMediaFactory.dll (API version 3944462).
LogModuleManager: Display: Found up-to-date module file ../../../Engine/Plugins/Media/ImgMedia/Binaries/Win64/UE4Editor-ImgMediaFactory.dll (API version 3944462).
LogModuleManager: Display: Found up-to-date module file ../../../Engine/Plugins/Media/ImgMedia/Binaries/Win64/UE4Editor-OpenExrWrapper.dll (API version 3944462).
LogModuleManager: Display: Found up-to-date module file ../../../Engine/Plugins/Media/LinearTimecode/Binaries/Win64/UE4Editor-LinearTimecode.dll (API version 3944462).
LogModuleManager: Display: Found up-to-date module file ../../../Engine/Plugins/Media/MediaCompositing/Binaries/Win64/UE4Editor-MediaCompositing.dll (API version 3944462).
LogModuleManager: Display: Found up-to-date module file ../../../Engine/Plugins/Media/MediaCompositing/Binaries/Win64/UE4Editor-MediaCompositingEditor.dll (API version 3944462).
LogModuleManager: Display: Found up-to-date module file ../../../Engine/Plugins/Media/MediaPlayerEditor/Binaries/Win64/UE4Editor-MediaPlayerEditor.dll (API version 3944462).
LogModuleManager: Display: Found up-to-date module file ../../../Engine/Plugins/Media/WmfMedia/Binaries/Win64/UE4Editor-WmfMedia.dll (API version 3944462).
LogModuleManager: Display: Found up-to-date module file ../../../Engine/Plugins/Media/WmfMedia/Binaries/Win64/UE4Editor-WmfMediaEditor.dll (API version 3944462).
LogModuleManager: Display: Found up-to-date module file ../../../Engine/Plugins/Media/WmfMedia/Binaries/Win64/UE4Editor-WmfMediaFactory.dll (API version 3944462).
LogModuleManager: Display: Found up-to-date module file ../../../Engine/Plugins/Media/WmfMedia/Binaries/Win64/UE4Editor-WmfMediaFactory.dll (API version 3944462).
LogModuleManager: Display: Found up-to-date module file ../../../Engine/Plugins/Messaging/TcpMessaging/Binaries/Win64/UE4Editor-TcpMessaging.dll (API version 3944462).
LogModuleManager: Display: Found up-to-date module file ../../../Engine/Plugins/Messaging/UdpMessaging/Binaries/Win64/UE4Editor-UdpMessaging.dll (API version 3944462).
LogModuleManager: Display: Found up-to-date module file ../../../Engine/Plugins/MovieScene/ActorSequence/Binaries/Win64/UE4Editor-ActorSequence.dll (API version 3944462).
LogModuleManager: Display: Found up-to-date module file ../../../Engine/Plugins/MovieScene/LevelSequenceEditor/Binaries/Win64/UE4Editor-LevelSequenceEditor.dll (API version 3944462).
LogModuleManager: Display: Found up-to-date module file ../../../Engine/Plugins/MovieScene/MatineeToLevelSequence/Binaries/Win64/UE4Editor-MatineeToLevelSequence.dll (API version 3944462).
LogModuleManager: Display: Found up-to-date module file ../../../Engine/Plugins/NetcodeUnitTest/NetcodeUnitTest/Binaries/Win64/UE4Editor-NetcodeUnitTest.dll (API version 3944462).
LogModuleManager: Display: Found up-to-date module file ../../../Engine/Plugins/NetcodeUnitTest/NUTUnrealEngine4/Binaries/Win64/UE4Editor-NUTUnrealEngine4.dll (API version 3944462).
LogModuleManager: Display: Found up-to-date module file ../../../Engine/Plugins/Online/OnlineSubsystem/Binaries/Win64/UE4Editor-OnlineSubsystem.dll (API version 3944462).
LogModuleManager: Display: Found up-to-date module file ../../../Engine/Plugins/Online/OnlineSubsystemNull/Binaries/Win64/UE4Editor-OnlineSubsystemNull.dll (API version 3944462).
LogModuleManager: Display: Found up-to-date module file ../../../Engine/Plugins/Online/OnlineSubsystemUtils/Binaries/Win64/UE4Editor-OnlineSubsystemUtils.dll (API version 3944462).
LogModuleManager: Display: Found up-to-date module file ../../../Engine/Plugins/Online/OnlineSubsystemUtils/Binaries/Win64/UE4Editor-OnlineBlueprintSupport.dll (API version 3944462).
LogModuleManager: Display: Found up-to-date module file ../../../Engine/Plugins/Runtime/AndroidDeviceProfileSelector/Binaries/Win64/UE4Editor-AndroidDeviceProfileSelector.dll (API version 3944462).
LogModuleManager: Display: Found up-to-date module file ../../../Engine/Plugins/Runtime/AndroidPermission/Binaries/Win64/UE4Editor-AndroidPermission.dll (API version 3944462).
LogModuleManager: Display: Found up-to-date module file ../../../Engine/Plugins/Runtime/AppleARKit/Binaries/Win64/UE4Editor-AppleARKit.dll (API version 3944462).
LogModuleManager: Display: Found up-to-date module file ../../../Engine/Plugins/Runtime/ArchVisCharacter/Binaries/Win64/UE4Editor-ArchVisCharacter.dll (API version 3944462).
LogModuleManager: Display: Found up-to-date module file ../../../Engine/Plugins/Runtime/AudioCapture/Binaries/Win64/UE4Editor-AudioCapture.dll (API version 3944462).
LogModuleManager: Display: Found up-to-date module file ../../../Engine/Plugins/Runtime/AudioCapture/Binaries/Win64/UE4Editor-AudioCaptureEditor.dll (API version 3944462).
LogModuleManager: Display: Found up-to-date module file ../../../Engine/Plugins/Runtime/CableComponent/Binaries/Win64/UE4Editor-CableComponent.dll (API version 3944462).
LogModuleManager: Display: Found up-to-date module file ../../../Engine/Plugins/Runtime/CustomMeshComponent/Binaries/Win64/UE4Editor-CustomMeshComponent.dll (API version 3944462).
LogModuleManager: Display: Found up-to-date module file ../../../Engine/Plugins/Runtime/ExampleDeviceProfileSelector/Binaries/Win64/UE4Editor-ExampleDeviceProfileSelector.dll (API version 3944462).
LogModuleManager: Display: Found up-to-date module file ../../../Engine/Plugins/Runtime/ImmediatePhysics/Binaries/Win64/UE4Editor-ImmediatePhysics.dll (API version 3944462).
LogModuleManager: Display: Found up-to-date module file ../../../Engine/Plugins/Runtime/ImmediatePhysics/Binaries/Win64/UE4Editor-ImmediatePhysicsEditor.dll (API version 3944462).
LogModuleManager: Display: Found up-to-date module file ../../../Engine/Plugins/Runtime/LocationServicesBPLibrary/Binaries/Win64/UE4Editor-LocationServicesBPLibrary.dll (API version 3944462).
LogModuleManager: Display: Found up-to-date module file ../../../Engine/Plugins/Runtime/MobilePatchingUtils/Binaries/Win64/UE4Editor-MobilePatchingUtils.dll (API version 3944462).
LogModuleManager: Display: Found up-to-date module file ../../../Engine/Plugins/Runtime/Oculus/OculusVR/Binaries/Win64/UE4Editor-OculusHMD.dll (API version 3944462).
LogModuleManager: Display: Found up-to-date module file ../../../Engine/Plugins/Runtime/Oculus/OculusVR/Binaries/Win64/UE4Editor-OculusInput.dll (API version 3944462).
LogModuleManager: Display: Found up-to-date module file ../../../Engine/Plugins/Runtime/Oculus/OculusVR/Binaries/Win64/UE4Editor-OculusEditor.dll (API version 3944462).
LogModuleManager: Display: Found up-to-date module file ../../../Engine/Plugins/Runtime/PhysXVehicles/Binaries/Win64/UE4Editor-PhysXVehicles.dll (API version 3944462).
LogModuleManager: Display: Found up-to-date module file ../../../Engine/Plugins/Runtime/PhysXVehicles/Binaries/Win64/UE4Editor-PhysXVehiclesEditor.dll (API version 3944462).
LogModuleManager: Display: Found up-to-date module file ../../../Engine/Plugins/Runtime/ProceduralMeshComponent/Binaries/Win64/UE4Editor-ProceduralMeshComponent.dll (API version 3944462).
LogModuleManager: Display: Found up-to-date module file ../../../Engine/Plugins/Runtime/ProceduralMeshComponent/Binaries/Win64/UE4Editor-ProceduralMeshComponentEditor.dll (API version 3944462).
LogModuleManager: Display: Found up-to-date module file ../../../Engine/Plugins/Runtime/RuntimePhysXCooking/Binaries/Win64/UE4Editor-RuntimePhysXCooking.dll (API version 3944462).
LogModuleManager: Display: Found up-to-date module file ../../../Engine/Plugins/Runtime/Steam/SteamVR/Binaries/Win64/UE4Editor-SteamVR.dll (API version 3944462).
LogModuleManager: Display: Found up-to-date module file ../../../Engine/Plugins/Runtime/Steam/SteamVR/Binaries/Win64/UE4Editor-SteamVRController.dll (API version 3944462).
LogModuleManager: Display: Found up-to-date module file ../../../Engine/Plugins/Runtime/WindowsMoviePlayer/Binaries/Win64/UE4Editor-WindowsMoviePlayer.dll (API version 3944462).
LogInit: Using libcurl 7.47.1
LogInit:  - built for x86_64-pc-win32
LogInit:  - supports SSL with OpenSSL/1.0.2g
LogInit:  - supports HTTP deflate (compression) using libz 1.2.8
LogInit:  - other features:
LogInit:      CURL_VERSION_SSL
LogInit:      CURL_VERSION_LIBZ
LogInit:      CURL_VERSION_IPV6
LogInit:      CURL_VERSION_ASYNCHDNS
LogInit:      CURL_VERSION_LARGEFILE
LogInit:      CURL_VERSION_IDN
LogInit:  CurlRequestOptions (configurable via config and command line):
LogInit:  - bVerifyPeer = false  - Libcurl will NOT verify peer certificate
LogInit:  - bUseHttpProxy = false  - Libcurl will NOT use HTTP proxy
LogInit:  - bDontReuseConnections = false  - Libcurl will reuse connections
LogInit:  - CertBundlePath = nullptr  - Libcurl will use whatever was configured at build time.
LogInit:  - MaxHostConnections = 16  - Libcurl will limit the number of connections to a host
LogInit:  - LocalHostAddr = Default
LogInit: WinSock: version 1.1 (2.2), MaxSocks=32767, MaxUdp=65467
LogInit: WinSock: I am DESKTOP-EO5RAPV (192.168.0.42:0)
LogInit: Build: ++UE4+Release-4.19-CL-4033788
LogInit: Engine Version: 4.19.2-4033788+++UE4+Release-4.19
LogInit: Compatible Engine Version: 4.19.0-3944462+++UE4+Release-4.19
LogInit: Net CL: 3944462
LogDevObjectVersion: Number of dev versions registered: 18
LogDevObjectVersion:   Dev-Blueprints (B0D832E4-1F89-4F0D-ACCF-7EB736FD4AA2): 10
LogDevObjectVersion:   Dev-Build (E1C64328-A22C-4D53-A36C-8E866417BD8C): 0
LogDevObjectVersion:   Dev-Core (375EC13C-06E4-48FB-B500-84F0262A717E): 2
LogDevObjectVersion:   Dev-Editor (E4B068ED-F494-42E9-A231-DA0B2E46BB41): 23
LogDevObjectVersion:   Dev-Framework (CFFC743F-43B0-4480-9391-14DF171D2073): 33
LogDevObjectVersion:   Dev-Mobile (B02B49B5-BB20-44E9-A304-32B752E40360): 2
LogDevObjectVersion:   Dev-Networking (A4E4105C-59A1-49B5-A7C5-40C4547EDFEE): 0
LogDevObjectVersion:   Dev-Online (39C831C9-5AE6-47DC-9A44-9C173E1C8E7C): 0
LogDevObjectVersion:   Dev-Physics (78F01B33-EBEA-4F98-B9B4-84EACCB95AA2): 0
LogDevObjectVersion:   Dev-Platform (6631380F-2D4D-43E0-8009-CF276956A95A): 0
LogDevObjectVersion:   Dev-Rendering (12F88B9F-8875-4AFC-A67C-D90C383ABD29): 25
LogDevObjectVersion:   Dev-Sequencer (7B5AE74C-D270-4C10-A958-57980B212A5A): 6
LogDevObjectVersion:   Dev-VR (D7296918-1DD6-4BDD-9DE2-64A83CC13884): 1
LogDevObjectVersion:   Dev-LoadTimes (C2A15278-BFE7-4AFE-6C17-90FF531DF755): 1
LogDevObjectVersion:   Private-Geometry (6EACA3D4-40EC-4CC1-B786-8BED09428FC5): 2
LogDevObjectVersion:   Dev-AnimPhys (29E575DD-E0A3-4627-9D10-D276232CDCEA): 16
LogDevObjectVersion:   Dev-ReflectionCapture (6B266CEC-1EC7-4B8F-A30B-E4D90942FC07): 1
LogDevObjectVersion:   Dev-Automation (0DF73D61-A23F-47EA-B727-89E90C41499A): 1
LogInit: Compiled (64-bit): Apr 27 2018 02:06:57
LogInit: Compiled with Visual C++: 19.00.24215.01
LogInit: Build Configuration: Development
LogInit: Branch Name: ++UE4+Release-4.19
LogInit: Command Line: 
LogInit: Base Directory: C:/Program Files/Epic Games/UE_4.19/Engine/Binaries/Win64/
LogInit: Installed Engine Build: 1
LogStreaming: Display: Took  0.012s to delete old logs.
LogInit: Presizing for max 8388607 objects, including 0 objects not considered by GC, pre-allocating 0 bytes for permanent pool.
LogInit: Object subsystem initialized
[2020.03.05-16.19.31:270][  0]LogInit: Selected Device Profile: [Windows]
[2020.03.05-16.19.31:270][  0]LogInit: Applying CVar settings loaded from the selected device profile: [Windows]
[2020.03.05-16.19.31:287][  0]LogInit: Computer: DESKTOP-EO5RAPV
[2020.03.05-16.19.31:287][  0]LogInit: User: pth08
[2020.03.05-16.19.31:287][  0]LogInit: CPU Page size=4096, Cores=6
[2020.03.05-16.19.31:287][  0]LogInit: High frequency timer resolution =10.000000 MHz
[2020.03.05-16.19.31:288][  0]LogMemory: Memory total: Physical=16.0GB (16GB approx)
[2020.03.05-16.19.31:288][  0]LogMemory: Platform Memory Stats for Windows
[2020.03.05-16.19.31:288][  0]LogMemory: Process Physical Memory: 279.15 MB used, 279.16 MB peak
[2020.03.05-16.19.31:288][  0]LogMemory: Process Virtual Memory: 271.44 MB used, 271.44 MB peak
[2020.03.05-16.19.31:288][  0]LogMemory: Physical Memory: 6031.75 MB used,  10301.47 MB free, 16333.23 MB total
[2020.03.05-16.19.31:288][  0]LogMemory: Virtual Memory: 4800.10 MB used,  10301.47 MB free, 134217728.00 MB total
[2020.03.05-16.19.31:313][  0]LogInit: Using OS detected language (ko-KR).
[2020.03.05-16.19.31:313][  0]LogInit: Using OS detected locale (ko-KR).
[2020.03.05-16.19.31:318][  0]LogTextLocalizationManager: No specific localization for 'ko-KR' exists, so the 'ko' localization will be used.
[2020.03.05-16.19.31:637][  0]LogStreaming: Display: Took  0.324s to EndInitTextLocalization.
[2020.03.05-16.19.31:637][  0]LogInit: Setting process to per monitor DPI aware
[2020.03.05-16.19.31:733][  0]LogSlate: New Slate User Created.  User Index 0, Is Virtual User: 0
[2020.03.05-16.19.31:733][  0]LogSlate: Slate User Registered.  User Index 0, Is Virtual User: 0
[2020.03.05-16.19.32:101][  0]LogD3D11RHI: D3D11 adapters:
[2020.03.05-16.19.32:188][  0]LogD3D11RHI:    0. 'NVIDIA GeForce GTX 1660 SUPER' (Feature Level 11_0)
[2020.03.05-16.19.32:188][  0]LogD3D11RHI:       5991/0/8166 MB DedicatedVideo/DedicatedSystem/SharedSystem, Outputs:2, VendorId:0x10de
[2020.03.05-16.19.32:191][  0]LogD3D11RHI:    1. 'Microsoft Basic Render Driver' (Feature Level 11_0)
[2020.03.05-16.19.32:191][  0]LogD3D11RHI:       0/0/8166 MB DedicatedVideo/DedicatedSystem/SharedSystem, Outputs:0, VendorId:0x1414
[2020.03.05-16.19.32:191][  0]LogD3D11RHI: Chosen D3D11 Adapter: 0
[2020.03.05-16.19.32:198][  0]LogD3D11RHI: Creating new Direct3DDevice
[2020.03.05-16.19.32:198][  0]LogD3D11RHI:     GPU DeviceId: 0x21c4 (for the marketing name, search the web for "GPU Device Id")
[2020.03.05-16.19.32:198][  0]LogWindows: EnumDisplayDevices:
[2020.03.05-16.19.32:198][  0]LogWindows:    0. 'NVIDIA GeForce GTX 1660 SUPER' (P:0 D:1)
[2020.03.05-16.19.32:199][  0]LogWindows:    1. 'NVIDIA GeForce GTX 1660 SUPER' (P:1 D:1)
[2020.03.05-16.19.32:199][  0]LogWindows:    2. 'NVIDIA GeForce GTX 1660 SUPER' (P:0 D:0)
[2020.03.05-16.19.32:200][  0]LogWindows:    3. 'NVIDIA GeForce GTX 1660 SUPER' (P:0 D:0)
[2020.03.05-16.19.32:200][  0]LogWindows: DebugString: GetVideoDriverDetailsInvalid PrimaryIsNotTheChoosenAdapter GetVideoDriverDetailsInvalid PrimaryIsNotTheChoosenAdapter GetVideoDriverDetailsInvalid PrimaryIsNotTheChoosenAdapter GetVideoDriverDetailsInvalid PrimaryIsNotTheChoosenAdapter FoundDriverCount:0 
[2020.03.05-16.19.32:200][  0]LogD3D11RHI:     Adapter Name: NVIDIA GeForce GTX 1660 SUPER
[2020.03.05-16.19.32:200][  0]LogD3D11RHI:   Driver Version: Unknown (internal:Unknown, unified:Unknown)
[2020.03.05-16.19.32:200][  0]LogD3D11RHI:      Driver Date: Unknown
[2020.03.05-16.19.32:200][  0]LogRHI: Texture pool is 4193 MB (70% of 5991 MB)
[2020.03.05-16.19.32:245][  0]LogD3D11RHI: [Aftermath] Aftermath enabled and primed
[2020.03.05-16.19.32:245][  0]LogD3D11RHI: [Aftermath] Aftermath enabled and primed
[2020.03.05-16.19.32:245][  0]LogD3D11RHI: Async texture creation enabled
[2020.03.05-16.19.32:260][  0]LogD3D11RHI: GPU Timing Frequency: 1000.000000 (Debug: 2 1)
[2020.03.05-16.19.32:268][  0]LogShaderCompilers: Guid format shader working directory is 12 characters bigger than the processId version (../../../../../../dev/ArenaBattle/Intermediate/Shaders/WorkingDirectory/22052/).
[2020.03.05-16.19.32:268][  0]LogShaderCompilers: Cleaned the shader compiler working directory 'C:/Users/pth08/AppData/Local/Temp/UnrealShaderWorkingDir/37ED2F344435F9641AEC97A371FF3014/'.
[2020.03.05-16.19.32:533][  0]LogTemp: Display: Loaded TP AllDesktopTargetPlatform
[2020.03.05-16.19.32:548][  0]LogTemp: Display: Loaded TP MacClientTargetPlatform
[2020.03.05-16.19.32:562][  0]LogTemp: Display: Loaded TP MacNoEditorTargetPlatform
[2020.03.05-16.19.32:577][  0]LogTemp: Display: Loaded TP MacServerTargetPlatform
[2020.03.05-16.19.32:591][  0]LogTemp: Display: Loaded TP MacTargetPlatform
[2020.03.05-16.19.32:606][  0]LogTemp: Display: Loaded TP WindowsClientTargetPlatform
[2020.03.05-16.19.32:624][  0]LogTemp: Display: Loaded TP WindowsNoEditorTargetPlatform
[2020.03.05-16.19.32:639][  0]LogTemp: Display: Loaded TP WindowsServerTargetPlatform
[2020.03.05-16.19.32:647][  0]LogTemp: Display: Loaded TP WindowsTargetPlatform
[2020.03.05-16.19.32:659][  0]LogTemp: Display: Loaded TP Android_ASTCTargetPlatform
[2020.03.05-16.19.32:672][  0]LogTemp: Display: Loaded TP Android_ATCTargetPlatform
[2020.03.05-16.19.32:684][  0]LogTemp: Display: Loaded TP Android_DXTTargetPlatform
[2020.03.05-16.19.32:697][  0]LogTemp: Display: Loaded TP Android_ETC1aTargetPlatform
[2020.03.05-16.19.32:709][  0]LogTemp: Display: Loaded TP Android_ETC1TargetPlatform
[2020.03.05-16.19.32:722][  0]LogTemp: Display: Loaded TP Android_ETC2TargetPlatform
[2020.03.05-16.19.32:747][  0]LogTemp: Display: Loaded TP Android_MultiTargetPlatform
[2020.03.05-16.19.32:747][  0]LogTemp: Display: Loaded TP Android_PVRTCTargetPlatform
[2020.03.05-16.19.32:760][  0]LogTemp: Display: Loaded TP AndroidTargetPlatform
[2020.03.05-16.19.32:762][  0]LogTemp: Display: Loaded TP HTML5TargetPlatform
[2020.03.05-16.19.32:801][  0]LogTemp: Display: Loaded TP IOSTargetPlatform
[2020.03.05-16.19.32:813][  0]LogTemp: Display: Loaded TP TVOSTargetPlatform
[2020.03.05-16.19.32:825][  0]LogTemp: Display: Loaded TP LinuxClientTargetPlatform
[2020.03.05-16.19.32:837][  0]LogTemp: Display: Loaded TP LinuxNoEditorTargetPlatform
[2020.03.05-16.19.32:849][  0]LogTemp: Display: Loaded TP LinuxServerTargetPlatform
[2020.03.05-16.19.32:862][  0]LogTemp: Display: Loaded TP LinuxTargetPlatform
[2020.03.05-16.19.32:862][  0]LogTargetPlatformManager: Display: Building Assets For Windows
[2020.03.05-16.19.33:022][  0]LogXGEController: Cannot use XGE Controller as Incredibuild is not installed on this machine.
[2020.03.05-16.19.33:022][  0]LogShaderCompilers: Cannot use XGE Shader Compiler as Incredibuild is not installed on this machine.
[2020.03.05-16.19.33:022][  0]LogShaderCompilers: Display: Using Local Shader Compiler.
[2020.03.05-16.19.33:887][  0]LogDerivedDataCache: Display: Max Cache Size: 512 MB
[2020.03.05-16.19.33:938][  0]LogDerivedDataCache: Loaded boot cache 0.05s 75MB C:/Users/pth08/AppData/Local/UnrealEngine/4.19/DerivedDataCache/Boot.ddc.
[2020.03.05-16.19.33:938][  0]LogDerivedDataCache: Display: Loaded Boot cache: C:/Users/pth08/AppData/Local/UnrealEngine/4.19/DerivedDataCache/Boot.ddc
[2020.03.05-16.19.33:938][  0]LogDerivedDataCache: FDerivedDataBackendGraph:  Pak pak cache file ../../../../../../dev/ArenaBattle/DerivedDataCache/DDC.ddp not found, will not use a pak cache.
[2020.03.05-16.19.33:938][  0]LogDerivedDataCache: Unable to find inner node Pak for hierarchical cache Hierarchy.
[2020.03.05-16.19.33:938][  0]LogDerivedDataCache: FDerivedDataBackendGraph:  CompressedPak pak cache file ../../../../../../dev/ArenaBattle/DerivedDataCache/Compressed.ddp not found, will not use a pak cache.
[2020.03.05-16.19.33:938][  0]LogDerivedDataCache: Unable to find inner node CompressedPak for hierarchical cache Hierarchy.
[2020.03.05-16.19.33:953][  0]LogDerivedDataCache: Display: Pak cache opened for reading ../../../Engine/DerivedDataCache/Compressed.ddp.
[2020.03.05-16.19.33:966][  0]LogDerivedDataCache: Using Local data cache path C:/Users/pth08/AppData/Local/UnrealEngine/Common/DerivedDataCache: Writable
[2020.03.05-16.19.33:966][  0]LogDerivedDataCache: Shared data cache path not found in *engine.ini, will not use an Shared cache.
[2020.03.05-16.19.33:966][  0]LogDerivedDataCache: Unable to find inner node Shared for hierarchical cache Hierarchy.
[2020.03.05-16.19.33:975][  0]LogMaterial: Verifying Global Shaders for PCD3D_SM5
[2020.03.05-16.19.33:975][  0]LogSlate: Using Freetype 2.6.0
[2020.03.05-16.19.33:976][  0]LogSlate: SlateFontCache - WITH_FREETYPE: 1, WITH_HARFBUZZ: 1
[2020.03.05-16.19.33:976][  0]LogSlate: SlateFontCache - WITH_FREETYPE: 1, WITH_HARFBUZZ: 1
[2020.03.05-16.19.34:160][  0]LogAssetRegistry: FAssetRegistry took 0.0262 seconds to start up
[2020.03.05-16.19.34:468][  0]LogInit: Selected Device Profile: [Windows]
[2020.03.05-16.19.34:606][  0]LogSimplygon: Simplygon DLL not present - disabling.
[2020.03.05-16.19.34:609][  0]LogMeshReduction: Using SimplygonSwarm for distributed automatic mesh merging
[2020.03.05-16.19.34:609][  0]LogMeshReduction: Using QuadricMeshReduction for automatic static mesh reduction
[2020.03.05-16.19.34:609][  0]LogMeshReduction: No automatic skeletal mesh reduction module available
[2020.03.05-16.19.34:609][  0]LogMeshReduction: No automatic mesh merging module available
[2020.03.05-16.19.34:609][  0]LogMeshMerging: No automatic mesh merging module available
[2020.03.05-16.19.34:647][  0]LogNetVersion: ArenaBattle , NetCL: 3944462, EngineNetVer: 2, GameNetVer: 0 (Checksum: 3555152549)
[2020.03.05-16.19.35:060][  0]LogPackageLocalizationCache: Processed 9 localized package path(s) for 2 prioritized culture(s) in 0.107075 seconds
[2020.03.05-16.19.35:064][  0]LogUObjectArray: 36728 objects as part of root set at end of initial load.
[2020.03.05-16.19.35:064][  0]LogUObjectAllocator: 7314304 out of 0 bytes used by permanent object pool.
[2020.03.05-16.19.35:064][  0]LogUObjectArray: CloseDisregardForGC: 0/0 objects in disregard for GC pool
[2020.03.05-16.19.36:700][  0]LogTcpMessaging: Initializing TcpMessaging bridge
[2020.03.05-16.19.36:736][  0]LogUdpMessaging: Initializing bridge on interface 0.0.0.0:0 to multicast group 230.0.0.1:6666.
[2020.03.05-16.19.37:117][  0]LogSkeletalMesh: Skeletal Mesh found in DDC [0.256500ms] /Game/InfinityBladeWarriors/Character/CompleteCharacters/SK_CharM_Cardboard.SK_CharM_Cardboard
[2020.03.05-16.19.37:148][  0]LogUObjectGlobals: Created PersistentFrame Addr=0x000002768e866350, Size=24, Default__WarriorAnimBlueprint_C Function /Game/Book/Animations/WarriorAnimBlueprint.WarriorAnimBlueprint_C:ExecuteUbergraph_WarriorAnimBlueprint
[2020.03.05-16.19.37:153][  0]LogUObjectGlobals: Destroyed PersistentFrame Addr=0x000002768e866350, Size=24
[2020.03.05-16.19.37:153][  0]LogUObjectGlobals: Created PersistentFrame Addr=0x000002768e948b50, Size=24, Default__WarriorAnimBlueprint_C Function /Engine/Transient.REINST_WarriorAnimBlueprint_C_0:ExecuteUbergraph_WarriorAnimBlueprint
[2020.03.05-16.19.37:158][  0]LogUObjectGlobals: Created PersistentFrame Addr=0x000002768e949960, Size=24, Default__WarriorAnimBlueprint_C Function /Game/Book/Animations/WarriorAnimBlueprint.WarriorAnimBlueprint_C:ExecuteUbergraph_WarriorAnimBlueprint
[2020.03.05-16.19.37:343][  0]SourceControl: 소스 콘트롤이 꺼졌습니다.
[2020.03.05-16.19.37:343][  0]SourceControl: 소스 콘트롤이 꺼졌습니다.
[2020.03.05-16.19.37:367][  0]SourceControl: 소스 콘트롤이 꺼졌습니다.
[2020.03.05-16.19.37:392][  0]SourceControl: 소스 콘트롤이 꺼졌습니다.
[2020.03.05-16.19.38:034][  0]LogAndroidPermission: UAndroidPermissionCallbackProxy::GetInstance
[2020.03.05-16.19.38:351][  0]LogOcInput: OculusInput pre-init called
[2020.03.05-16.19.38:473][  0]LogEngine: Initializing Engine...
[2020.03.05-16.19.38:475][  0]LogHMD: Failed to initialize OpenVR with code 110
[2020.03.05-16.19.38:477][  0]LogStats: UGameplayTagsManager::ConstructGameplayTagTree: Construct from data asset -  0.000 s
[2020.03.05-16.19.38:477][  0]LogStats: UGameplayTagsManager::ConstructGameplayTagTree: GameplayTagTreeChangedEvent.Broadcast -  0.000 s
[2020.03.05-16.19.38:643][  0]LogAIModule: Creating AISystem for world Untitled
[2020.03.05-16.19.38:716][  0]LogInit: XAudio2 using 'T23C350(2- NVIDIA High Definition Audio)' : 2 channels at 48 kHz using 16 bits per sample (channel mask 0x3)
[2020.03.05-16.19.38:765][  0]LogInit: FAudioDevice initialized.
[2020.03.05-16.19.38:811][  0]LogDerivedDataCache: Saved boot cache 0.05s 75MB C:/Users/pth08/AppData/Local/UnrealEngine/4.19/DerivedDataCache/Boot.ddc.
[2020.03.05-16.19.38:823][  0]LogInit: Texture streaming: Enabled
[2020.03.05-16.19.38:846][  0]LogEngineSessionManager: EngineSessionManager initialized
[2020.03.05-16.19.38:866][  0]LogInit: Transaction tracking system initialized
[2020.03.05-16.19.38:896][  0]BlueprintLog: New page: 에디터 로드
[2020.03.05-16.19.38:997][  0]LocalizationService: 현지화 서비스가 비활성화되었습니다.
[2020.03.05-16.19.39:133][  0]LogConsoleResponse: Display: 
[2020.03.05-16.19.39:276][  0]LogCook: Display: Max memory allowance for cook 16384mb min free memory 0mb
[2020.03.05-16.19.39:276][  0]LogCook: Display: Mobile HDR setting 1
[2020.03.05-16.19.39:276][  0]LogGameplayTags: Display: UGameplayTagsManager::DoneAddingNativeTags. DelegateIsBound: 0
[2020.03.05-16.19.39:276][  0]LogStats: UGameplayTagsManager::ConstructGameplayTagTree: Construct from data asset -  0.000 s
[2020.03.05-16.19.39:276][  0]LogStats: UGameplayTagsManager::ConstructGameplayTagTree: GameplayTagTreeChangedEvent.Broadcast -  0.000 s
[2020.03.05-16.19.39:766][  0]LogFileCache: Scanning file cache for directory 'C:/dev/ArenaBattle/Content/' took 0.02s
[2020.03.05-16.19.39:766][  0]SourceControl: 소스 콘트롤이 꺼졌습니다.
[2020.03.05-16.19.39:766][  0]Cmd: MAP LOAD FILE="../../../../../../dev/ArenaBattle/Content/Book/Maps/Step2.umap" TEMPLATE=0 SHOWPROGRESS=1 FEATURELEVEL=3
[2020.03.05-16.19.39:770][  0]LightingResults: New page: 라이팅 빌드
[2020.03.05-16.19.39:774][  0]MapCheck: New page: 맵 체크
[2020.03.05-16.19.39:774][  0]LightingResults: New page: 라이팅 빌드
[2020.03.05-16.19.39:790][  0]LogUObjectGlobals: Destroyed PersistentFrame Addr=0x000002768e948b50, Size=24
[2020.03.05-16.19.39:860][  0]LogUObjectGlobals: Created PersistentFrame Addr=0x00000276fd4c1600, Size=64, Default__ThirdPerson_AnimBP_C Function /Game/Mannequin/Animations/ThirdPerson_AnimBP.ThirdPerson_AnimBP_C:ExecuteUbergraph_ThirdPerson_AnimBP
[2020.03.05-16.19.39:867][  0]LogUObjectGlobals: Destroyed PersistentFrame Addr=0x00000276fd4c1600, Size=64
[2020.03.05-16.19.39:867][  0]LogUObjectGlobals: Created PersistentFrame Addr=0x00000276fd4c1700, Size=64, Default__ThirdPerson_AnimBP_C Function /Engine/Transient.REINST_ThirdPerson_AnimBP_C_1:ExecuteUbergraph_ThirdPerson_AnimBP
[2020.03.05-16.19.39:873][  0]LogUObjectGlobals: Created PersistentFrame Addr=0x000002768eb09530, Size=72, Default__ThirdPerson_AnimBP_C Function /Game/Mannequin/Animations/ThirdPerson_AnimBP.ThirdPerson_AnimBP_C:ExecuteUbergraph_ThirdPerson_AnimBP
[2020.03.05-16.19.39:977][  0]LogUObjectGlobals: Created PersistentFrame Addr=0x000002769657a0c0, Size=296, Default__ThirdPersonCharacter_C Function /Game/ThirdPersonBP/Blueprints/ThirdPersonCharacter.ThirdPersonCharacter_C:ExecuteUbergraph_ThirdPersonCharacter
[2020.03.05-16.19.39:982][  0]LogUObjectGlobals: Destroyed PersistentFrame Addr=0x000002769657a0c0, Size=296
[2020.03.05-16.19.39:982][  0]LogUObjectGlobals: Created PersistentFrame Addr=0x000002769657a0c0, Size=296, Default__ThirdPersonCharacter_C Function /Engine/Transient.REINST_ThirdPersonCharacter_C_5:ExecuteUbergraph_ThirdPersonCharacter
[2020.03.05-16.19.39:986][  0]LogUObjectGlobals: Created PersistentFrame Addr=0x00000276968cfb00, Size=296, Default__ThirdPersonCharacter_C Function /Game/ThirdPersonBP/Blueprints/ThirdPersonCharacter.ThirdPersonCharacter_C:ExecuteUbergraph_ThirdPersonCharacter
[2020.03.05-16.19.40:215][  0]LogSkeletalMesh: Skeletal Mesh found in DDC [8.828000ms] /Game/Mannequin/Character/Mesh/SK_Mannequin.SK_Mannequin
[2020.03.05-16.19.40:297][  0]LogSkeletalMesh: Skeletal Mesh found in DDC [4.127700ms] /Game/InfinityBladeWarriors/Character/CompleteCharacters/SK_CharM_Golden.SK_CharM_Golden
[2020.03.05-16.19.40:320][  0]LogSkeletalMesh: Skeletal Mesh found in DDC [4.164700ms] /Game/InfinityBladeWarriors/Character/CompleteCharacters/SK_CharM_Barbarous.SK_CharM_Barbarous
[2020.03.05-16.19.40:389][  0]LogAIModule: Creating AISystem for world Step2
[2020.03.05-16.19.40:395][  0]LogEditorServer: Finished looking for orphan Actors (0.000 secs)
[2020.03.05-16.19.40:402][  0]LogUObjectGlobals: Destroyed PersistentFrame Addr=0x00000276fd4c1700, Size=64
[2020.03.05-16.19.40:402][  0]LogUObjectGlobals: Destroyed PersistentFrame Addr=0x000002769657a0c0, Size=296
[2020.03.05-16.19.40:403][  0]Cmd: MAP CHECKDEP NOCLEARLOG
[2020.03.05-16.19.40:546][  0]MapCheck: 맵 체크 완료: 오류 0 회, 경고 0 회, 소요 시간 143.068ms.
[2020.03.05-16.19.40:546][  0]LogFileHelpers: Loading map 'Step2' took 0.781
[2020.03.05-16.19.40:778][  0]LogCollectionManager: Loaded 0 collections in 0.002186 seconds
[2020.03.05-16.19.40:824][  0]LogFileCache: Scanning file cache for directory 'C:/dev/ArenaBattle/Saved/Collections/' took 0.01s
[2020.03.05-16.19.40:824][  0]LogFileCache: Scanning file cache for directory 'C:/dev/ArenaBattle/Content/Developers/pth08/Collections/' took 0.01s
[2020.03.05-16.19.40:824][  0]LogFileCache: Scanning file cache for directory 'C:/dev/ArenaBattle/Content/Collections/' took 0.01s
[2020.03.05-16.19.40:824][  0]LogCollectionManager: Rebuilt the GUID cache for 0 collections in 0.000000 seconds
[2020.03.05-16.19.40:833][  0]LogContentBrowser: Native class hierarchy populated in 0.0083 seconds. Added 2457 classes and 560 folders.
[2020.03.05-16.19.40:842][  0]LogContentBrowser: Native class hierarchy updated for 'WidgetCarousel' in 0.0006 seconds. Added 0 classes and 0 folders.
[2020.03.05-16.19.41:074][  0]LogContentBrowser: Native class hierarchy updated for 'AddContentDialog' in 0.0007 seconds. Added 0 classes and 0 folders.
[2020.03.05-16.19.41:081][  0]LogContentBrowser: Native class hierarchy updated for 'SceneOutliner' in 0.0007 seconds. Added 1 classes and 2 folders.
[2020.03.05-16.19.41:130][  0]LogSlate: Took 0.000442 seconds to synchronously load lazily loaded font '../../../Engine/Content/Slate/Fonts/Roboto-Regular.ttf' (155K)
[2020.03.05-16.19.41:133][  0]LogSlate: Took 0.002257 seconds to synchronously load lazily loaded font '../../../Engine/Content/Editor/Slate/Fonts/NanumGothic.ttf' (4243K)
[2020.03.05-16.19.41:136][  0]LogSlate: Took 0.002099 seconds to synchronously load lazily loaded font '../../../Engine/Content/Editor/Slate/Fonts/NanumGothicBold.ttf' (4188K)
[2020.03.05-16.19.41:136][  0]LogSlate: Took 0.000271 seconds to synchronously load lazily loaded font '../../../Engine/Content/Slate/Fonts/Roboto-Bold.ttf' (160K)
[2020.03.05-16.19.41:145][  0]LogSlate: Took 0.004615 seconds to synchronously load lazily loaded font '../../../Engine/Content/Editor/Slate/Fonts/FontAwesome.ttf' (139K)
[2020.03.05-16.19.41:149][  0]LogSlate: Took 0.003724 seconds to synchronously load lazily loaded font '../../../Engine/Content/Slate/Fonts/DroidSansMono.ttf' (77K)
[2020.03.05-16.19.41:189][  0]LogSlate: Took 0.005411 seconds to synchronously load lazily loaded font '../../../Engine/Content/Editor/Slate/Fonts/NanumGothicExtraBold.ttf' (4074K)
[2020.03.05-16.19.41:357][  0]LogRenderer: Reallocating scene render targets to support 1208x576 Format 10 NumSamples 1 (Frame:1).
[2020.03.05-16.19.41:483][  0]LogContentBrowser: Native class hierarchy updated for 'HierarchicalLODOutliner' in 0.0007 seconds. Added 0 classes and 0 folders.
[2020.03.05-16.19.41:484][  0]LogLoad: (Engine Initialization) Total time: 14.11 seconds
[2020.03.05-16.19.41:484][  0]LogLoad: (Engine Initialization) Total Blueprint compile time: 0.00 seconds
[2020.03.05-16.19.41:516][  0]LogContentStreaming: Texture pool size now 1000 MB
[2020.03.05-16.19.41:644][  1]LogAssetRegistry: Asset discovery search completed in 7.5067 seconds
[2020.03.05-16.19.41:645][  1]LogCollectionManager: Rebuilt the object cache for 0 collections in 0.000000 seconds (found 0 objects)
[2020.03.05-16.19.41:646][  1]LogCollectionManager: Fixed up redirectors for 0 collections in 0.000187 seconds (updated 0 objects)
[2020.03.05-16.19.42:543][100]LogSlate: Took 0.004655 seconds to synchronously load lazily loaded font '../../../Engine/Content/Slate/Fonts/Roboto-Light.ttf' (167K)
[2020.03.05-16.20.03:025][458]LogSlate: FSceneViewport::OnFocusLost() reason 0
[2020.03.05-16.20.03:052][458]LogSlate: Took 0.000282 seconds to synchronously load lazily loaded font '../../../Engine/Content/Slate/Fonts/Roboto-Light.ttf' (167K)
[2020.03.05-16.20.04:965][606]LogContentBrowser: Native class hierarchy updated for 'SkeletonEditor' in 0.0007 seconds. Added 1 classes and 2 folders.
[2020.03.05-16.20.05:157][606]LogActorComponent: RegisterComponentWithWorld: (/Engine/Transient.World_3:PersistentLevel.Actor_0.DebugSkelMeshComponent_0) Already registered. Aborting.
[2020.03.05-16.20.05:162][606]LogContentBrowser: Native class hierarchy updated for 'PinnedCommandList' in 0.0007 seconds. Added 1 classes and 0 folders.
[2020.03.05-16.20.05:406][606]LogContentBrowser: Native class hierarchy updated for 'BlueprintGraph' in 0.0010 seconds. Added 116 classes and 0 folders.
[2020.03.05-16.20.05:641][606]LogUObjectGlobals: Created PersistentFrame Addr=0x000002770558cf60, Size=4, Default__SKEL_PROTO_BP_AnimBlueprint_0_C Function /Engine/Transient.SKEL_PROTO_BP_AnimBlueprint_0_C:ExecuteUbergraph_PROTO_BP_AnimBlueprint_0
[2020.03.05-16.20.05:642][606]LogUObjectGlobals: Created PersistentFrame Addr=0x000002770558cf28, Size=4, Default__PROTO_BP_AnimBlueprint_0_C Function /Engine/Transient.PROTO_BP_AnimBlueprint_0_C:ExecuteUbergraph_PROTO_BP_AnimBlueprint_0
[2020.03.05-16.20.06:184][606]LogSlate: Took 0.007058 seconds to synchronously load lazily loaded font '../../../Engine/Content/Slate/Fonts/Roboto-BoldCondensed.ttf' (158K)
[2020.03.05-16.20.06:234][606]LogContentBrowser: Native class hierarchy updated for 'ClothingSystemEditorInterface' in 0.0007 seconds. Added 1 classes and 0 folders.
[2020.03.05-16.20.06:277][606]LogContentBrowser: Verbose: The majority of assets in the view are of type: AnimSequence
[2020.03.05-16.20.06:298][607]LogSlate: Took 0.004226 seconds to synchronously load lazily loaded font '../../../Engine/Content/Slate/Fonts/Roboto-Italic.ttf' (157K)
[2020.03.05-16.20.13:645][328]LogActorComponent: RegisterComponentWithWorld: (/Engine/Transient.World_6:PersistentLevel.Actor_1.DebugSkelMeshComponent_2) Already registered. Aborting.
[2020.03.05-16.20.14:199][328]LogContentBrowser: Verbose: The majority of assets in the view are of type: AnimSequence
[2020.03.05-16.20.20:801][837]LogSlate: Window 'SK_Mannequin_Skeleton_Montage' being destroyed
[2020.03.05-16.20.22:779][  0]LogTemp: Repeating last play command: 선택된 뷰포트
[2020.03.05-16.20.22:798][  0]LogPlayLevel: PlayLevel: No blueprints needed recompiling
[2020.03.05-16.20.22:799][  0]PIE: New page: PIE 세션: Step2 (2020. 3. 6. 오전 10:20:22)
[2020.03.05-16.20.22:799][  0]LogPlayLevel: Creating play world package: /Game/Book/Maps/UEDPIE_0_Step2
[2020.03.05-16.20.22:802][  0]LogPlayLevel: PIE: StaticDuplicateObject took: (0.002582s)
[2020.03.05-16.20.22:802][  0]LogAIModule: Creating AISystem for world Step2
[2020.03.05-16.20.22:802][  0]LogPlayLevel: PIE: World Init took: (0.000704s)
[2020.03.05-16.20.22:803][  0]LogPlayLevel: PIE: Created PIE world by copying editor world from /Game/Book/Maps/Step2.Step2 to /Game/Book/Maps/UEDPIE_0_Step2.Step2 (0.003671s)
[2020.03.05-16.20.22:885][  0]LogInit: XAudio2 using 'T23C350(2- NVIDIA High Definition Audio)' : 2 channels at 48 kHz using 16 bits per sample (channel mask 0x3)
[2020.03.05-16.20.22:905][  0]LogInit: FAudioDevice initialized.
[2020.03.05-16.20.22:949][  0]LogLoad: Game class is 'ABGameMode'
[2020.03.05-16.20.22:951][  0]LogWorld: Bringing World /Game/Book/Maps/UEDPIE_0_Step2.Step2 up for play (max tick rate 0) at 2020.03.06-01.20.22
[2020.03.05-16.20.22:952][  0]ArenaBattle: Warning: AABPawn::PossessedBy(93)
[2020.03.05-16.20.22:952][  0]ArenaBattle: Warning: AABPawn::PostInitializeComponents(88)
[2020.03.05-16.20.22:952][  0]LogWorld: Bringing up level for play took: 0.002480
[2020.03.05-16.20.22:952][  0]ArenaBattle: Warning: AABPlayerController::PostInitializeComponents(8)
[2020.03.05-16.20.22:953][  0]ArenaBattle: Warning: AABGameMode::PostLogin(17)PostLogin Begin
[2020.03.05-16.20.22:957][  0]LogContentBrowser: Native class hierarchy updated for 'MovieSceneCapture' in 0.0007 seconds. Added 11 classes and 0 folders.
[2020.03.05-16.20.22:957][  0]ArenaBattle: Warning: AABPlayerController::Possess(14)
[2020.03.05-16.20.22:958][  0]ArenaBattle: Warning: AABGameMode::PostLogin(19)PostLogin End
[2020.03.05-16.20.22:958][  0]PIE: /Game/Book/Maps/UEDPIE_0_Step2 에 대한 에디터에서 플레이 시작 시간: -0.06
[2020.03.05-16.20.36:084][550]LogSlate: FSceneViewport::OnFocusLost() reason 0
[2020.03.05-16.20.41:397][ 70]LogSlate: FSceneViewport::OnFocusLost() reason 0
[2020.03.05-16.20.44:612][372]LogTemp: Repeating last play command: 선택된 뷰포트
[2020.03.05-16.20.44:631][372]LogPlayLevel: PlayLevel: No blueprints needed recompiling
[2020.03.05-16.20.44:631][372]PIE: New page: PIE 세션: Step2 (2020. 3. 6. 오전 10:20:44)
[2020.03.05-16.20.44:631][372]LogPlayLevel: Creating play world package: /Game/Book/Maps/UEDPIE_0_Step2
[2020.03.05-16.20.44:633][372]LogPlayLevel: PIE: StaticDuplicateObject took: (0.001943s)
[2020.03.05-16.20.44:634][372]LogAIModule: Creating AISystem for world Step2
[2020.03.05-16.20.44:634][372]LogPlayLevel: PIE: World Init took: (0.000763s)
[2020.03.05-16.20.44:634][372]LogPlayLevel: PIE: Created PIE world by copying editor world from /Game/Book/Maps/Step2.Step2 to /Game/Book/Maps/UEDPIE_0_Step2.Step2 (0.003070s)
[2020.03.05-16.20.44:714][372]LogInit: XAudio2 using 'T23C350(2- NVIDIA High Definition Audio)' : 2 channels at 48 kHz using 16 bits per sample (channel mask 0x3)
[2020.03.05-16.20.44:734][372]LogInit: FAudioDevice initialized.
[2020.03.05-16.20.44:769][372]LogLoad: Game class is 'ABGameMode'
[2020.03.05-16.20.44:770][372]LogWorld: Bringing World /Game/Book/Maps/UEDPIE_0_Step2.Step2 up for play (max tick rate 0) at 2020.03.06-01.20.44
[2020.03.05-16.20.44:771][372]ArenaBattle: Warning: AABPawn::PossessedBy(93)
[2020.03.05-16.20.44:771][372]ArenaBattle: Warning: AABPawn::PostInitializeComponents(88)
[2020.03.05-16.20.44:771][372]LogWorld: Bringing up level for play took: 0.001810
[2020.03.05-16.20.44:771][372]ArenaBattle: Warning: AABPlayerController::PostInitializeComponents(8)
[2020.03.05-16.20.44:772][372]ArenaBattle: Warning: AABGameMode::PostLogin(17)PostLogin Begin
[2020.03.05-16.20.44:772][372]ArenaBattle: Warning: AABPlayerController::Possess(14)
[2020.03.05-16.20.44:772][372]ArenaBattle: Warning: AABGameMode::PostLogin(19)PostLogin End
[2020.03.05-16.20.44:773][372]PIE: /Game/Book/Maps/UEDPIE_0_Step2 에 대한 에디터에서 플레이 시작 시간: -0.245
[2020.03.05-16.20.51:018][ 88]LogSlate: FSceneViewport::OnFocusLost() reason 0
[2020.03.05-16.21.11:765][979]ArenaBattle: Warning: AABPawn::PostInitializeComponents(88)
[2020.03.05-16.23.18:662][ 64]LogHotReload: New module detected: UE4Editor-ArenaBattle-3321.dll
[2020.03.05-16.23.19:343][ 67]LogHotReload: Starting Hot-Reload from IDE
[2020.03.05-16.23.19:769][ 67]LogClass: Could not find existing class ABAnimInstance in package /Script/ArenaBattle for HotReload, assuming new class
[2020.03.05-16.23.19:770][ 67]LogClass: Function AnimNotify_AttackHitCheck is new.
[2020.03.05-16.23.19:770][ 67]LogClass: Function AnimNotify_NextAttackCheck is new.
[2020.03.05-16.23.19:770][ 67]LogClass: Could not find existing class ABCharacter in package /Script/ArenaBattle for HotReload, assuming new class
[2020.03.05-16.23.19:770][ 67]LogClass: Function OnAttackMontageEnded is new.
[2020.03.05-16.23.19:779][ 67]LogHotReload: Re-instancing ABAnimInstance after hot-reload.
[2020.03.05-16.23.19:789][ 67]LogUObjectGlobals: Destroyed PersistentFrame Addr=0x000002768e949960, Size=24
[2020.03.05-16.23.19:789][ 67]LogUObjectGlobals: Created PersistentFrame Addr=0x000002772001cfe8, Size=24, Default__WarriorAnimBlueprint_C Function /Engine/Transient.REINST_WarriorAnimBlueprint_C_3:ExecuteUbergraph_WarriorAnimBlueprint
[2020.03.05-16.23.19:794][ 67]LogUObjectGlobals: Created PersistentFrame Addr=0x000002772001f448, Size=24, Default__WarriorAnimBlueprint_C Function /Game/Book/Animations/WarriorAnimBlueprint.WarriorAnimBlueprint_C:ExecuteUbergraph_WarriorAnimBlueprint
[2020.03.05-16.23.19:934][ 67]LogHotReload: Re-instancing ABCharacter after hot-reload.
[2020.03.05-16.23.20:141][ 67]LogHotReload: Re-instancing ABPawn after hot-reload.
[2020.03.05-16.23.20:348][ 67]LogContentBrowser: Native class hierarchy updated for 'ArenaBattle' in 0.0008 seconds. Added 5 classes and 2 folders.
[2020.03.05-16.23.20:351][ 67]Display: HotReload successful (0 functions remapped  0 scriptstructs remapped)
[2020.03.05-16.23.20:492][ 67]LogUObjectGlobals: Destroyed PersistentFrame Addr=0x000002772001cfe8, Size=24
[2020.03.05-16.23.20:691][ 67]LogContentBrowser: Native class hierarchy populated in 0.0084 seconds. Added 2459 classes and 564 folders.
[2020.03.05-16.23.20:720][ 67]Display: HotReload took  1.4s.
[2020.03.05-16.23.21:512][ 74]ArenaBattle: Warning: AABPawn::PostInitializeComponents(88)
[2020.03.05-16.23.22:763][193]LogTemp: Repeating last play command: 선택된 뷰포트
[2020.03.05-16.23.22:785][193]LogPlayLevel: PlayLevel: No blueprints needed recompiling
[2020.03.05-16.23.22:785][193]PIE: New page: PIE 세션: Step2 (2020. 3. 6. 오전 10:23:22)
[2020.03.05-16.23.22:785][193]LogPlayLevel: Creating play world package: /Game/Book/Maps/UEDPIE_0_Step2
[2020.03.05-16.23.22:788][193]LogPlayLevel: PIE: StaticDuplicateObject took: (0.002034s)
[2020.03.05-16.23.22:788][193]LogAIModule: Creating AISystem for world Step2
[2020.03.05-16.23.22:789][193]LogPlayLevel: PIE: World Init took: (0.000772s)
[2020.03.05-16.23.22:789][193]LogPlayLevel: PIE: Created PIE world by copying editor world from /Game/Book/Maps/Step2.Step2 to /Game/Book/Maps/UEDPIE_0_Step2.Step2 (0.003292s)
[2020.03.05-16.23.22:889][193]LogInit: XAudio2 using 'T23C350(2- NVIDIA High Definition Audio)' : 2 channels at 48 kHz using 16 bits per sample (channel mask 0x3)
[2020.03.05-16.23.22:912][193]LogInit: FAudioDevice initialized.
[2020.03.05-16.23.22:943][193]LogLoad: Game class is 'ABGameMode'
[2020.03.05-16.23.22:944][193]LogWorld: Bringing World /Game/Book/Maps/UEDPIE_0_Step2.Step2 up for play (max tick rate 0) at 2020.03.06-01.23.22
[2020.03.05-16.23.22:945][193]ArenaBattle: Warning: AABPawn::PossessedBy(93)
[2020.03.05-16.23.22:945][193]ArenaBattle: Warning: AABPawn::PostInitializeComponents(88)
[2020.03.05-16.23.22:945][193]LogWorld: Bringing up level for play took: 0.001776
[2020.03.05-16.23.22:945][193]ArenaBattle: Warning: AABPlayerController::PostInitializeComponents(8)
[2020.03.05-16.23.22:945][193]ArenaBattle: Warning: AABGameMode::PostLogin(17)PostLogin Begin
[2020.03.05-16.23.22:946][193]ArenaBattle: Warning: AABPlayerController::Possess(14)
[2020.03.05-16.23.22:946][193]ArenaBattle: Warning: AABGameMode::PostLogin(19)PostLogin End
[2020.03.05-16.23.22:946][193]PIE: /Game/Book/Maps/UEDPIE_0_Step2 에 대한 에디터에서 플레이 시작 시간: -0.071
[2020.03.05-16.23.25:383][482]ArenaBattle: Warning: AABCharacter::PostInitializeComponents::<lambda_14c6ce85be107cf9a4372ae21738f957>::operator ()(118)OnNextAttackCheck
[2020.03.05-16.23.26:074][565]ArenaBattle: Warning: AABCharacter::PostInitializeComponents::<lambda_14c6ce85be107cf9a4372ae21738f957>::operator ()(118)OnNextAttackCheck
[2020.03.05-16.23.27:001][676]ArenaBattle: Warning: AABCharacter::PostInitializeComponents::<lambda_14c6ce85be107cf9a4372ae21738f957>::operator ()(118)OnNextAttackCheck
[2020.03.05-16.23.29:860][ 19]ArenaBattle: Warning: AABCharacter::PostInitializeComponents::<lambda_14c6ce85be107cf9a4372ae21738f957>::operator ()(118)OnNextAttackCheck
[2020.03.05-16.23.30:552][102]ArenaBattle: Warning: AABCharacter::PostInitializeComponents::<lambda_14c6ce85be107cf9a4372ae21738f957>::operator ()(118)OnNextAttackCheck
[2020.03.05-16.23.31:476][213]ArenaBattle: Warning: AABCharacter::PostInitializeComponents::<lambda_14c6ce85be107cf9a4372ae21738f957>::operator ()(118)OnNextAttackCheck
[2020.03.05-16.23.32:777][369]ArenaBattle: Warning: AABCharacter::PostInitializeComponents::<lambda_14c6ce85be107cf9a4372ae21738f957>::operator ()(118)OnNextAttackCheck
[2020.03.05-16.23.33:468][452]ArenaBattle: Warning: AABCharacter::PostInitializeComponents::<lambda_14c6ce85be107cf9a4372ae21738f957>::operator ()(118)OnNextAttackCheck
[2020.03.05-16.23.34:827][615]ArenaBattle: Warning: AABCharacter::PostInitializeComponents::<lambda_14c6ce85be107cf9a4372ae21738f957>::operator ()(118)OnNextAttackCheck
[2020.03.05-16.23.35:518][698]ArenaBattle: Warning: AABCharacter::PostInitializeComponents::<lambda_14c6ce85be107cf9a4372ae21738f957>::operator ()(118)OnNextAttackCheck
[2020.03.05-16.23.39:419][131]LogSlate: FSceneViewport::OnFocusLost() reason 0
[2020.03.05-16.24.01:600][645]LogEditorViewport: Clicking on Actor (LMB): StaticMeshActor (SM_SQUARE)
[2020.03.05-16.24.02:497][741]LogEditorViewport: Clicking on Actor (LMB): StaticMeshActor (SM_SQUARE)
[2020.03.05-16.24.04:019][869]LogSlate: FSceneViewport::OnFocusLost() reason 2
[2020.03.05-16.24.11:445][581]LogSlate: FSceneViewport::OnFocusLost() reason 0
[2020.03.05-16.24.11:874][599]LogSlate: Window 'ArenaBattle - 언리얼 에디터' being destroyed
[2020.03.05-16.24.11:877][599]LogWindowsTextInputMethodSystem: Display: IME system now activated using TSF (Microsoft 입력기).
[2020.03.05-16.24.12:068][600]Cmd: QUIT_EDITOR
[2020.03.05-16.24.12:940][600]LogSlate: Slate User Destroyed.  User Index 0, Is Virtual User: 0
[2020.03.05-16.24.12:940][600]LogExit: Preparing to exit.
[2020.03.05-16.24.13:979][600]LogDirectoryWatcher: A directory notification for 'C:/dev/ArenaBattle/Content/' was aborted.
[2020.03.05-16.24.14:015][600]LogExit: Editor shut down
[2020.03.05-16.24.14:017][600]LogExit: Transaction tracking system shut down
[2020.03.05-16.24.14:018][600]LogUObjectGlobals: Destroyed PersistentFrame Addr=0x000002768eb09530, Size=72
[2020.03.05-16.24.14:018][600]LogUObjectGlobals: Destroyed PersistentFrame Addr=0x00000276968cfb00, Size=296
[2020.03.05-16.24.14:026][600]LogUObjectGlobals: Destroyed PersistentFrame Addr=0x000002772001f448, Size=24
[2020.03.05-16.24.14:027][600]LogUObjectGlobals: Destroyed PersistentFrame Addr=0x000002770558cf60, Size=4
[2020.03.05-16.24.14:027][600]LogUObjectGlobals: Destroyed PersistentFrame Addr=0x000002770558cf28, Size=4
[2020.03.05-16.24.14:206][600]LogDirectoryWatcher: A directory notification for '../../../Engine/Content/' was aborted.
[2020.03.05-16.24.14:206][600]LogDirectoryWatcher: A directory notification for '../../../../../../dev/ArenaBattle/Content/' was aborted.
[2020.03.05-16.24.14:206][600]LogDirectoryWatcher: A directory notification for '../../Plugins/2D/Paper2D/Content/' was aborted.
[2020.03.05-16.24.14:206][600]LogDirectoryWatcher: A directory notification for '../../Plugins/Enterprise/DatasmithContent/Content/' was aborted.
[2020.03.05-16.24.14:206][600]LogDirectoryWatcher: A directory notification for '../../Plugins/Media/MediaCompositing/Content/' was aborted.
[2020.03.05-16.24.14:206][600]LogDirectoryWatcher: A directory notification for '../../Plugins/Runtime/AppleARKit/Content/' was aborted.
[2020.03.05-16.24.14:206][600]LogDirectoryWatcher: A directory notification for '../../Plugins/Runtime/Oculus/OculusVR/Content/' was aborted.
[2020.03.05-16.24.14:206][600]LogDirectoryWatcher: A directory notification for '../../Plugins/Runtime/Steam/SteamVR/Content/' was aborted.
[2020.03.05-16.24.14:294][600]LogExit: Object subsystem successfully closed.
[2020.03.05-16.24.14:316][600]LogShaderCompilers: Display: Shaders left to compile 0
[2020.03.05-16.24.14:319][600]LogD3D11RHI: Shutdown
[2020.03.05-16.24.14:319][600]LogD3D11RHI: CleanupD3DDevice
[2020.03.05-16.24.14:321][600]LogD3D11RHI: ~FD3D11DynamicRHI
[2020.03.05-16.24.14:375][600]LogModuleManager: Shutting down and abandoning module ArenaBattle (591)
[2020.03.05-16.24.14:375][600]LogModuleManager: Shutting down and abandoning module MovieSceneCapture (590)
[2020.03.05-16.24.14:375][600]LogModuleManager: Shutting down and abandoning module AnimationEditor (588)
[2020.03.05-16.24.14:375][600]LogModuleManager: Shutting down and abandoning module ClothingSystemEditorInterface (586)
[2020.03.05-16.24.14:375][600]LogModuleManager: Shutting down and abandoning module BlueprintGraph (584)
[2020.03.05-16.24.14:375][600]LogModuleManager: Shutting down and abandoning module PinnedCommandList (582)
[2020.03.05-16.24.14:375][600]LogModuleManager: Shutting down and abandoning module SkeletonEditor (580)
[2020.03.05-16.24.14:375][600]LogModuleManager: Shutting down and abandoning module AnimationBlueprintEditor (578)
[2020.03.05-16.24.14:375][600]LogModuleManager: Shutting down and abandoning module HierarchicalLODOutliner (576)
[2020.03.05-16.24.14:375][600]LogModuleManager: Shutting down and abandoning module DesktopPlatform (574)
[2020.03.05-16.24.14:376][600]LogModuleManager: Shutting down and abandoning module SceneOutliner (572)
[2020.03.05-16.24.14:376][600]LogModuleManager: Shutting down and abandoning module AddContentDialog (570)
[2020.03.05-16.24.14:376][600]LogDirectoryWatcher: A directory notification for 'C:/Program Files/Epic Games/UE_4.19/FeaturePacks/' was aborted.
[2020.03.05-16.24.14:376][600]LogModuleManager: Shutting down and abandoning module WidgetCarousel (569)
[2020.03.05-16.24.14:376][600]LogModuleManager: Shutting down and abandoning module EditorWidgets (566)
[2020.03.05-16.24.14:376][600]LogModuleManager: Shutting down and abandoning module CollectionManager (564)
[2020.03.05-16.24.14:376][600]LogDirectoryWatcher: A directory notification for 'C:/dev/ArenaBattle/Content/Collections/' was aborted.
[2020.03.05-16.24.14:376][600]LogDirectoryWatcher: A directory notification for 'C:/dev/ArenaBattle/Content/Developers/pth08/Collections/' was aborted.
[2020.03.05-16.24.14:376][600]LogDirectoryWatcher: A directory notification for 'C:/dev/ArenaBattle/Saved/Collections/' was aborted.
[2020.03.05-16.24.14:377][600]LogModuleManager: Shutting down and abandoning module StatsViewer (562)
[2020.03.05-16.24.14:377][600]LogModuleManager: Shutting down and abandoning module FoliageEdit (560)
[2020.03.05-16.24.14:377][600]LogModuleManager: Shutting down and abandoning module LandscapeEditor (558)
[2020.03.05-16.24.14:377][600]LogModuleManager: Shutting down and abandoning module MeshPaintMode (556)
[2020.03.05-16.24.14:377][600]LogModuleManager: Shutting down and abandoning module SceneDepthPickerMode (554)
[2020.03.05-16.24.14:377][600]LogModuleManager: Shutting down and abandoning module ActorPickerMode (552)
[2020.03.05-16.24.14:377][600]LogModuleManager: Shutting down and abandoning module GeometryMode (550)
[2020.03.05-16.24.14:377][600]LogModuleManager: Shutting down and abandoning module TextureAlignMode (548)
[2020.03.05-16.24.14:377][600]LogModuleManager: Shutting down and abandoning module BspMode (546)
[2020.03.05-16.24.14:377][600]LogModuleManager: Shutting down and abandoning module PIEPreviewDeviceProfileSelector (544)
[2020.03.05-16.24.14:377][600]LogModuleManager: Shutting down and abandoning module HardwareSurvey (542)
[2020.03.05-16.24.14:377][600]LogModuleManager: Shutting down and abandoning module SequenceRecorderSections (540)
[2020.03.05-16.24.14:377][600]LogModuleManager: Shutting down and abandoning module AutomationWorker (538)
[2020.03.05-16.24.14:377][600]LogModuleManager: Shutting down and abandoning module AudioCaptureEditor (536)
[2020.03.05-16.24.14:377][600]LogModuleManager: Shutting down and abandoning module SequenceRecorder (535)
[2020.03.05-16.24.14:377][600]LogModuleManager: Shutting down and abandoning module MatineeToLevelSequence (532)
[2020.03.05-16.24.14:377][600]LogModuleManager: Shutting down and abandoning module LevelSequenceEditor (530)
[2020.03.05-16.24.14:377][600]LogModuleManager: Shutting down and abandoning module PlacementMode (529)
[2020.03.05-16.24.14:377][600]LogModuleManager: Shutting down and abandoning module MaterialEditor (528)
[2020.03.05-16.24.14:377][600]LogModuleManager: Shutting down and abandoning module WmfMediaFactory (524)
[2020.03.05-16.24.14:377][600]LogModuleManager: Shutting down and abandoning module WmfMediaEditor (522)
[2020.03.05-16.24.14:377][600]LogModuleManager: Shutting down and abandoning module MediaPlayerEditor (520)
[2020.03.05-16.24.14:377][600]LogModuleManager: Shutting down and abandoning module OpenExrWrapper (518)
[2020.03.05-16.24.14:377][600]LogModuleManager: Shutting down and abandoning module ImgMediaFactory (516)
[2020.03.05-16.24.14:377][600]LogModuleManager: Shutting down and abandoning module ImgMediaEditor (514)
[2020.03.05-16.24.14:377][600]LogModuleManager: Shutting down and abandoning module AvfMediaFactory (512)
[2020.03.05-16.24.14:377][600]LogModuleManager: Shutting down and abandoning module AvfMediaEditor (510)
[2020.03.05-16.24.14:377][600]LogModuleManager: Shutting down and abandoning module AndroidMediaFactory (508)
[2020.03.05-16.24.14:377][600]LogModuleManager: Shutting down and abandoning module AndroidMediaEditor (506)
[2020.03.05-16.24.14:377][600]LogModuleManager: Shutting down and abandoning module CharacterAI (504)
[2020.03.05-16.24.14:377][600]LogModuleManager: Shutting down and abandoning module SmartSnapping (502)
[2020.03.05-16.24.14:377][600]LogModuleManager: Shutting down and abandoning module SessionServices (500)
[2020.03.05-16.24.14:377][600]LogModuleManager: Shutting down and abandoning module ViewportSnapping (498)
[2020.03.05-16.24.14:377][600]LogModuleManager: Shutting down and abandoning module ViewportInteraction (496)
[2020.03.05-16.24.14:377][600]LogModuleManager: Shutting down and abandoning module ClothPainter (494)
[2020.03.05-16.24.14:377][600]LogModuleManager: Shutting down and abandoning module SkeletalMeshEditor (493)
[2020.03.05-16.24.14:377][600]LogModuleManager: Shutting down and abandoning module LogVisualizer (490)
[2020.03.05-16.24.14:377][600]LogModuleManager: Shutting down and abandoning module IntroTutorials (488)
[2020.03.05-16.24.14:377][600]LogModuleManager: Shutting down and abandoning module GameProjectGeneration (487)
[2020.03.05-16.24.14:377][600]LogModuleManager: Shutting down and abandoning module IOSPlatformEditor (484)
[2020.03.05-16.24.14:377][600]LogModuleManager: Shutting down and abandoning module HTML5PlatformEditor (482)
[2020.03.05-16.24.14:377][600]LogModuleManager: Shutting down and abandoning module AndroidPlatformEditor (480)
[2020.03.05-16.24.14:377][600]LogModuleManager: Shutting down and abandoning module AndroidDeviceDetection (479)
[2020.03.05-16.24.15:277][600]LogModuleManager: Shutting down and abandoning module WindowsPlatformEditor (476)
[2020.03.05-16.24.15:277][600]LogModuleManager: Shutting down and abandoning module IOSRuntimeSettings (474)
[2020.03.05-16.24.15:277][600]LogModuleManager: Shutting down and abandoning module AndroidRuntimeSettings (472)
[2020.03.05-16.24.15:277][600]LogModuleManager: Shutting down and abandoning module InputBindingEditor (470)
[2020.03.05-16.24.15:277][600]LogModuleManager: Shutting down and abandoning module MergeActors (468)
[2020.03.05-16.24.15:277][600]LogModuleManager: Shutting down and abandoning module LocalizationDashboard (466)
[2020.03.05-16.24.15:277][600]LogModuleManager: Shutting down and abandoning module LocalizationService (465)
[2020.03.05-16.24.15:277][600]LogModuleManager: Shutting down and abandoning module HardwareTargeting (462)
[2020.03.05-16.24.15:277][600]LogModuleManager: Shutting down and abandoning module DeviceProfileEditor (460)
[2020.03.05-16.24.15:277][600]LogModuleManager: Shutting down and abandoning module UndoHistory (458)
[2020.03.05-16.24.15:277][600]LogModuleManager: Shutting down and abandoning module XmlParser (456)
[2020.03.05-16.24.15:277][600]LogModuleManager: Shutting down and abandoning module Blutility (454)
[2020.03.05-16.24.15:277][600]LogModuleManager: Shutting down and abandoning module ProjectSettingsViewer (452)
[2020.03.05-16.24.15:277][600]LogModuleManager: Shutting down and abandoning module ProjectTargetPlatformEditor (451)
[2020.03.05-16.24.15:278][600]LogModuleManager: Shutting down and abandoning module EditorSettingsViewer (448)
[2020.03.05-16.24.15:278][600]LogModuleManager: Shutting down and abandoning module SettingsEditor (446)
[2020.03.05-16.24.15:278][600]LogModuleManager: Shutting down and abandoning module ProjectLauncher (444)
[2020.03.05-16.24.15:278][600]LogModuleManager: Shutting down and abandoning module SessionFrontend (442)
[2020.03.05-16.24.15:278][600]LogModuleManager: Shutting down and abandoning module ProfilerClient (440)
[2020.03.05-16.24.15:278][600]LogModuleManager: Shutting down and abandoning module DeviceManager (438)
[2020.03.05-16.24.15:278][600]LogModuleManager: Shutting down and abandoning module TargetDeviceServices (437)
[2020.03.05-16.24.15:333][600]LogModuleManager: Shutting down and abandoning module AutomationController (434)
[2020.03.05-16.24.15:333][600]LogModuleManager: Shutting down and abandoning module AutomationWindow (432)
[2020.03.05-16.24.15:333][600]LogModuleManager: Shutting down and abandoning module Layers (430)
[2020.03.05-16.24.15:333][600]LogModuleManager: Shutting down and abandoning module ComponentVisualizers (428)
[2020.03.05-16.24.15:333][600]LogModuleManager: Shutting down and abandoning module DetailCustomizations (426)
[2020.03.05-16.24.15:333][600]LogModuleManager: Shutting down and abandoning module PackagesDialog (424)
[2020.03.05-16.24.15:333][600]LogModuleManager: Shutting down and abandoning module Persona (422)
[2020.03.05-16.24.15:333][600]LogModuleManager: Shutting down and abandoning module AdvancedPreviewScene (421)
[2020.03.05-16.24.15:333][600]LogModuleManager: Shutting down and abandoning module AnimGraph (419)
[2020.03.05-16.24.15:333][600]LogModuleManager: Shutting down and abandoning module Kismet (416)
[2020.03.05-16.24.15:340][600]LogModuleManager: Shutting down and abandoning module GraphEditor (414)
[2020.03.05-16.24.15:340][600]LogModuleManager: Shutting down and abandoning module ClassViewer (412)
[2020.03.05-16.24.15:340][600]LogModuleManager: Shutting down and abandoning module Toolbox (410)
[2020.03.05-16.24.15:340][600]LogModuleManager: Shutting down and abandoning module ModuleUI (408)
[2020.03.05-16.24.15:340][600]LogModuleManager: Shutting down and abandoning module MovieSceneTools (406)
[2020.03.05-16.24.15:340][600]LogModuleManager: Shutting down and abandoning module OutputLog (404)
[2020.03.05-16.24.15:340][600]LogModuleManager: Shutting down and abandoning module GammaUI (402)
[2020.03.05-16.24.15:340][600]LogModuleManager: Shutting down and abandoning module Documentation (400)
[2020.03.05-16.24.15:340][600]LogModuleManager: Shutting down and abandoning module MovieSceneTracks (398)
[2020.03.05-16.24.15:340][600]LogModuleManager: Shutting down and abandoning module MovieScene (396)
[2020.03.05-16.24.15:340][600]LogModuleManager: Shutting down and abandoning module StreamingPauseRendering (394)
[2020.03.05-16.24.15:340][600]LogModuleManager: Shutting down and abandoning module LauncherPlatform (392)
[2020.03.05-16.24.15:340][600]LogModuleManager: Shutting down and abandoning module AnalyticsET (390)
[2020.03.05-16.24.15:341][600]LogModuleManager: Shutting down and abandoning module PortalServices (388)
[2020.03.05-16.24.15:341][600]LogModuleManager: Shutting down and abandoning module PortalRpc (386)
[2020.03.05-16.24.15:341][600]LogModuleManager: Shutting down and abandoning module MessagingRpc (384)
[2020.03.05-16.24.15:341][600]LogModuleManager: Shutting down and abandoning module AIModule (382)
[2020.03.05-16.24.15:341][600]LogModuleManager: Shutting down and abandoning module GameplayDebugger (381)
[2020.03.05-16.24.15:341][600]LogModuleManager: Shutting down and abandoning module AITestSuite (379)
[2020.03.05-16.24.15:341][600]LogModuleManager: Shutting down and abandoning module ProfilerService (376)
[2020.03.05-16.24.15:504][600]LogModuleManager: Shutting down and abandoning module TaskGraph (374)
[2020.03.05-16.24.15:504][600]LogModuleManager: Shutting down and abandoning module SteamVRController (372)
[2020.03.05-16.24.15:504][600]LogModuleManager: Shutting down and abandoning module ProceduralMeshComponentEditor (370)
[2020.03.05-16.24.15:504][600]LogModuleManager: Shutting down and abandoning module ProceduralMeshComponent (368)
[2020.03.05-16.24.15:504][600]LogModuleManager: Shutting down and abandoning module OculusInput (366)
[2020.03.05-16.24.15:504][600]LogModuleManager: Shutting down and abandoning module MobilePatchingUtils (364)
[2020.03.05-16.24.15:504][600]LogModuleManager: Shutting down and abandoning module CustomMeshComponent (362)
[2020.03.05-16.24.15:504][600]LogModuleManager: Shutting down and abandoning module CableComponent (360)
[2020.03.05-16.24.15:504][600]LogModuleManager: Shutting down and abandoning module AudioCapture (358)
[2020.03.05-16.24.15:504][600]LogModuleManager: Shutting down and abandoning module ArchVisCharacter (356)
[2020.03.05-16.24.15:504][600]LogModuleManager: Shutting down and abandoning module AndroidPermission (354)
[2020.03.05-16.24.15:504][600]LogModuleManager: Shutting down and abandoning module NUTUnrealEngine4 (350)
[2020.03.05-16.24.15:504][600]LogModuleManager: Shutting down and abandoning module NetcodeUnitTest (348)
[2020.03.05-16.24.15:504][600]LogModuleManager: Shutting down and abandoning module MediaCompositingEditor (346)
[2020.03.05-16.24.15:505][600]LogModuleManager: Shutting down and abandoning module MediaCompositing (344)
[2020.03.05-16.24.15:505][600]LogModuleManager: Shutting down and abandoning module LinearTimecode (342)
[2020.03.05-16.24.15:505][600]LogModuleManager: Shutting down and abandoning module ImgMedia (340)
[2020.03.05-16.24.15:507][600]LogModuleManager: Shutting down and abandoning module HTML5Networking (338)
[2020.03.05-16.24.15:507][600]LogModuleManager: Shutting down and abandoning module AlembicImporter (336)
[2020.03.05-16.24.15:507][600]LogModuleManager: Shutting down and abandoning module AlembicLibrary (335)
[2020.03.05-16.24.15:507][600]LogModuleManager: Shutting down and abandoning module GeometryCache (334)
[2020.03.05-16.24.15:507][600]LogModuleManager: Shutting down and abandoning module GeometryCacheEd (333)
[2020.03.05-16.24.15:507][600]LogModuleManager: Shutting down and abandoning module DatasmithContent (328)
[2020.03.05-16.24.15:507][600]LogModuleManager: Shutting down and abandoning module SpeedTreeImporter (326)
[2020.03.05-16.24.15:507][600]LogModuleManager: Shutting down and abandoning module PluginBrowser (324)
[2020.03.05-16.24.15:507][600]LogModuleManager: Shutting down and abandoning module MobileLauncherProfileWizard (322)
[2020.03.05-16.24.15:507][600]LogModuleManager: Shutting down and abandoning module CryptoKeysOpenSSL (320)
[2020.03.05-16.24.15:507][600]LogModuleManager: Shutting down and abandoning module CryptoKeys (318)
[2020.03.05-16.24.15:507][600]LogModuleManager: Shutting down and abandoning module VisualStudioSourceCodeAccess (316)
[2020.03.05-16.24.15:507][600]LogModuleManager: Shutting down and abandoning module VisualStudioCodeSourceCodeAccess (314)
[2020.03.05-16.24.15:507][600]LogModuleManager: Shutting down and abandoning module UObjectPlugin (312)
[2020.03.05-16.24.15:507][600]LogModuleManager: Shutting down and abandoning module SubversionSourceControl (310)
[2020.03.05-16.24.15:507][600]LogModuleManager: Shutting down and abandoning module PerforceSourceControl (308)
[2020.03.05-16.24.15:507][600]LogModuleManager: Shutting down and abandoning module GitSourceControl (306)
[2020.03.05-16.24.15:507][600]LogModuleManager: Shutting down and abandoning module SourceControl (305)
[2020.03.05-16.24.15:507][600]LogModuleManager: Shutting down and abandoning module CLionSourceCodeAccess (302)
[2020.03.05-16.24.15:507][600]LogModuleManager: Shutting down and abandoning module LightPropagationVolumeEditor (300)
[2020.03.05-16.24.15:507][600]LogModuleManager: Shutting down and abandoning module PaperTiledImporter (298)
[2020.03.05-16.24.15:507][600]LogModuleManager: Shutting down and abandoning module PaperSpriteSheetImporter (296)
[2020.03.05-16.24.15:507][600]LogModuleManager: Shutting down and abandoning module Paper2DEditor (294)
[2020.03.05-16.24.15:507][600]LogModuleManager: Shutting down and abandoning module MeshPaint (293)
[2020.03.05-16.24.15:507][600]LogModuleManager: Shutting down and abandoning module RuntimePhysXCooking (288)
[2020.03.05-16.24.15:507][600]LogModuleManager: Shutting down and abandoning module PhysXVehiclesEditor (286)
[2020.03.05-16.24.15:507][600]LogModuleManager: Shutting down and abandoning module PhysXVehicles (284)
[2020.03.05-16.24.15:507][600]LogModuleManager: Shutting down and abandoning module OculusEditor (282)
[2020.03.05-16.24.15:507][600]LogModuleManager: Shutting down and abandoning module LocationServicesBPLibrary (280)
[2020.03.05-16.24.15:507][600]LogModuleManager: Shutting down and abandoning module ImmediatePhysicsEditor (278)
[2020.03.05-16.24.15:507][600]LogModuleManager: Shutting down and abandoning module ImmediatePhysics (276)
[2020.03.05-16.24.15:507][600]LogModuleManager: Shutting down and abandoning module ActorSequence (274)
[2020.03.05-16.24.15:507][600]LogModuleManager: Shutting down and abandoning module UdpMessaging (272)
[2020.03.05-16.24.15:608][600]LogModuleManager: Shutting down and abandoning module TcpMessaging (270)
[2020.03.05-16.24.15:709][600]LogModuleManager: Shutting down and abandoning module GameplayTagsEditor (268)
[2020.03.05-16.24.15:709][600]LogModuleManager: Shutting down and abandoning module FacialAnimationEditor (266)
[2020.03.05-16.24.15:709][600]LogModuleManager: Shutting down and abandoning module FacialAnimation (264)
[2020.03.05-16.24.15:709][600]LogModuleManager: Shutting down and abandoning module DataValidation (262)
[2020.03.05-16.24.15:709][600]LogModuleManager: Shutting down and abandoning module AssetManagerEditor (260)
[2020.03.05-16.24.15:709][600]LogModuleManager: Shutting down and abandoning module LevelEditor (259)
[2020.03.05-16.24.15:709][600]LogModuleManager: Shutting down and abandoning module PixelInspectorModule (258)
[2020.03.05-16.24.15:709][600]LogModuleManager: Shutting down and abandoning module CommonMenuExtensions (256)
[2020.03.05-16.24.15:710][600]LogModuleManager: Shutting down and abandoning module MainFrame (254)
[2020.03.05-16.24.15:710][600]LogModuleManager: Shutting down and abandoning module HotReload (253)
[2020.03.05-16.24.15:710][600]LogDirectoryWatcher: A directory notification for 'C:/dev/ArenaBattle/Binaries/Win64' was aborted.
[2020.03.05-16.24.15:710][600]LogModuleManager: Shutting down and abandoning module ContentBrowser (249)
[2020.03.05-16.24.15:711][600]LogModuleManager: Shutting down and abandoning module TreeMap (247)
[2020.03.05-16.24.15:711][600]LogModuleManager: Shutting down and abandoning module LightPropagationVolumeRuntime (244)
[2020.03.05-16.24.15:711][600]LogModuleManager: Shutting down and abandoning module LiveLinkEditor (242)
[2020.03.05-16.24.15:711][600]LogModuleManager: Shutting down and abandoning module LiveLink (240)
[2020.03.05-16.24.16:569][600]LogModuleManager: Shutting down and abandoning module Paper2D (238)
[2020.03.05-16.24.16:569][600]LogModuleManager: Shutting down and abandoning module WindowsMoviePlayer (236)
[2020.03.05-16.24.16:569][600]LogModuleManager: Shutting down and abandoning module WmfMedia (234)
[2020.03.05-16.24.16:570][600]LogModuleManager: Shutting down and abandoning module Media (233)
[2020.03.05-16.24.16:576][600]LogModuleManager: Shutting down and abandoning module PacketHandler (230)
[2020.03.05-16.24.16:576][600]LogModuleManager: Shutting down and abandoning module ClothingSystemEditor (228)
[2020.03.05-16.24.16:576][600]LogModuleManager: Shutting down and abandoning module ClothingSystemRuntime (226)
[2020.03.05-16.24.16:576][600]LogModuleManager: Shutting down and abandoning module MediaAssets (224)
[2020.03.05-16.24.16:576][600]LogModuleManager: Shutting down and abandoning module Overlay (222)
[2020.03.05-16.24.16:576][600]LogModuleManager: Shutting down and abandoning module OverlayEditor (221)
[2020.03.05-16.24.16:576][600]LogModuleManager: Shutting down and abandoning module VREditor (218)
[2020.03.05-16.24.16:576][600]LogModuleManager: Shutting down and abandoning module StringTableEditor (216)
[2020.03.05-16.24.16:576][600]LogModuleManager: Shutting down and abandoning module GameplayTasksEditor (214)
[2020.03.05-16.24.16:576][600]LogModuleManager: Shutting down and abandoning module BehaviorTreeEditor (212)
[2020.03.05-16.24.16:576][600]LogModuleManager: Shutting down and abandoning module FunctionalTesting (210)
[2020.03.05-16.24.16:576][600]LogModuleManager: Shutting down and abandoning module CollisionAnalyzer (208)
[2020.03.05-16.24.16:576][600]LogModuleManager: Shutting down and abandoning module WorkspaceMenuStructure (207)
[2020.03.05-16.24.16:576][600]LogModuleManager: Shutting down and abandoning module UMG (204)
[2020.03.05-16.24.16:576][600]LogModuleManager: Shutting down and abandoning module UMGEditor (203)
[2020.03.05-16.24.16:576][600]LogModuleManager: Shutting down and abandoning module Sequencer (202)
[2020.03.05-16.24.16:576][600]LogModuleManager: Shutting down and abandoning module MessageLog (199)
[2020.03.05-16.24.16:576][600]LogModuleManager: Shutting down and abandoning module SlateReflector (194)
[2020.03.05-16.24.16:576][600]LogModuleManager: Shutting down and abandoning module Slate (192)
[2020.03.05-16.24.16:576][600]LogModuleManager: Shutting down and abandoning module EditorStyle (190)
[2020.03.05-16.24.16:578][600]LogModuleManager: Shutting down and abandoning module MRMesh (188)
[2020.03.05-16.24.16:578][600]LogModuleManager: Shutting down and abandoning module SourceCodeAccess (186)
[2020.03.05-16.24.16:578][600]LogModuleManager: Shutting down and abandoning module HeadMountedDisplay (184)
[2020.03.05-16.24.16:578][600]LogModuleManager: Shutting down and abandoning module XAudio2 (182)
[2020.03.05-16.24.16:578][600]LogModuleManager: Shutting down and abandoning module Networking (180)
[2020.03.05-16.24.16:578][600]LogModuleManager: Shutting down and abandoning module Core (178)
[2020.03.05-16.24.16:578][600]LogModuleManager: Shutting down and abandoning module LevelSequence (176)
[2020.03.05-16.24.16:578][600]LogModuleManager: Shutting down and abandoning module KismetCompiler (174)
[2020.03.05-16.24.16:578][600]LogModuleManager: Shutting down and abandoning module MeshUtilities (172)
[2020.03.05-16.24.16:578][600]LogModuleManager: Shutting down and abandoning module MeshMergeUtilities (171)
[2020.03.05-16.24.16:578][600]LogModuleManager: Shutting down and abandoning module MeshReductionInterface (170)
[2020.03.05-16.24.16:578][600]LogModuleManager: Shutting down and abandoning module SimplygonSwarm (169)
[2020.03.05-16.24.16:578][600]LogModuleManager: Shutting down and abandoning module SimplygonMeshReduction (167)
[2020.03.05-16.24.16:578][600]LogModuleManager: Shutting down and abandoning module QuadricMeshReduction (165)
[2020.03.05-16.24.16:578][600]LogModuleManager: Shutting down and abandoning module MaterialBaking (161)
[2020.03.05-16.24.16:578][600]LogModuleManager: Shutting down and abandoning module DirectoryWatcher (157)
[2020.03.05-16.24.16:579][600]LogModuleManager: Shutting down and abandoning module DerivedDataCache (154)
[2020.03.05-16.24.16:663][600]LogDerivedDataCache: Shutdown
[2020.03.05-16.24.16:663][600]LogModuleManager: Shutting down and abandoning module XGEController (152)
[2020.03.05-16.24.16:663][600]LogModuleManager: Shutting down and abandoning module TargetPlatform (150)
[2020.03.05-16.24.16:663][600]LogModuleManager: Shutting down and abandoning module VulkanShaderFormat (149)
[2020.03.05-16.24.16:663][600]LogModuleManager: Shutting down and abandoning module ShaderFormatVectorVM (147)
[2020.03.05-16.24.16:663][600]LogModuleManager: Shutting down and abandoning module ShaderFormatOpenGL (145)
[2020.03.05-16.24.16:663][600]LogModuleManager: Shutting down and abandoning module ShaderFormatD3D (143)
[2020.03.05-16.24.16:663][600]LogModuleManager: Shutting down and abandoning module MetalShaderFormat (141)
[2020.03.05-16.24.16:664][600]LogModuleManager: Shutting down and abandoning module TextureFormatUncompressed (139)
[2020.03.05-16.24.16:664][600]LogModuleManager: Shutting down and abandoning module TextureFormatPVR (137)
[2020.03.05-16.24.16:664][600]LogModuleManager: Shutting down and abandoning module TextureFormatDXT (135)
[2020.03.05-16.24.16:664][600]LogModuleManager: Shutting down and abandoning module TextureFormatIntelISPCTexComp (133)
[2020.03.05-16.24.16:664][600]LogModuleManager: Shutting down and abandoning module TextureFormatASTC (131)
[2020.03.05-16.24.16:664][600]LogModuleManager: Shutting down and abandoning module ImageWrapper (130)
[2020.03.05-16.24.16:664][600]LogModuleManager: Shutting down and abandoning module TextureFormatAndroid (127)
[2020.03.05-16.24.16:664][600]LogModuleManager: Shutting down and abandoning module AudioFormatOpus (125)
[2020.03.05-16.24.16:664][600]LogModuleManager: Shutting down and abandoning module AudioFormatOgg (123)
[2020.03.05-16.24.16:664][600]LogModuleManager: Shutting down and abandoning module AudioFormatADPCM (121)
[2020.03.05-16.24.16:664][600]LogModuleManager: Shutting down and abandoning module LinuxTargetPlatform (119)
[2020.03.05-16.24.16:664][600]LogModuleManager: Shutting down and abandoning module LinuxServerTargetPlatform (117)
[2020.03.05-16.24.16:664][600]LogModuleManager: Shutting down and abandoning module LinuxNoEditorTargetPlatform (115)
[2020.03.05-16.24.16:664][600]LogModuleManager: Shutting down and abandoning module LinuxClientTargetPlatform (113)
[2020.03.05-16.24.16:664][600]LogModuleManager: Shutting down and abandoning module TVOSTargetPlatform (111)
[2020.03.05-16.24.16:664][600]LogModuleManager: Shutting down and abandoning module Messaging (109)
[2020.03.05-16.24.16:664][600]LogModuleManager: Shutting down and abandoning module IOSTargetPlatform (107)
[2020.03.05-16.24.16:664][600]LogModuleManager: Shutting down and abandoning module HTML5TargetPlatform (105)
[2020.03.05-16.24.16:664][600]LogModuleManager: Shutting down and abandoning module AndroidTargetPlatform (103)
[2020.03.05-16.24.16:664][600]LogModuleManager: Shutting down and abandoning module Android_PVRTCTargetPlatform (101)
[2020.03.05-16.24.16:664][600]LogModuleManager: Shutting down and abandoning module Android_MultiTargetPlatform (99)
[2020.03.05-16.24.16:664][600]LogModuleManager: Shutting down and abandoning module Android_ETC2TargetPlatform (97)
[2020.03.05-16.24.16:664][600]LogModuleManager: Shutting down and abandoning module Android_ETC1TargetPlatform (95)
[2020.03.05-16.24.16:664][600]LogModuleManager: Shutting down and abandoning module Android_ETC1aTargetPlatform (93)
[2020.03.05-16.24.16:664][600]LogModuleManager: Shutting down and abandoning module Android_DXTTargetPlatform (91)
[2020.03.05-16.24.16:664][600]LogModuleManager: Shutting down and abandoning module Android_ATCTargetPlatform (89)
[2020.03.05-16.24.16:664][600]LogModuleManager: Shutting down and abandoning module Android_ASTCTargetPlatform (87)
[2020.03.05-16.24.16:664][600]LogModuleManager: Shutting down and abandoning module WindowsTargetPlatform (85)
[2020.03.05-16.24.16:664][600]LogModuleManager: Shutting down and abandoning module WindowsServerTargetPlatform (83)
[2020.03.05-16.24.16:664][600]LogModuleManager: Shutting down and abandoning module WindowsNoEditorTargetPlatform (81)
[2020.03.05-16.24.16:664][600]LogModuleManager: Shutting down and abandoning module WindowsClientTargetPlatform (79)
[2020.03.05-16.24.16:664][600]LogModuleManager: Shutting down and abandoning module MacTargetPlatform (77)
[2020.03.05-16.24.16:664][600]LogModuleManager: Shutting down and abandoning module MacServerTargetPlatform (75)
[2020.03.05-16.24.16:664][600]LogModuleManager: Shutting down and abandoning module MacNoEditorTargetPlatform (73)
[2020.03.05-16.24.16:664][600]LogModuleManager: Shutting down and abandoning module MacClientTargetPlatform (71)
[2020.03.05-16.24.16:664][600]LogModuleManager: Shutting down and abandoning module AllDesktopTargetPlatform (69)
[2020.03.05-16.24.16:664][600]LogModuleManager: Shutting down and abandoning module InputCore (66)
[2020.03.05-16.24.16:664][600]LogModuleManager: Shutting down and abandoning module Settings (64)
[2020.03.05-16.24.16:664][600]LogModuleManager: Shutting down and abandoning module PhysXCooking (62)
[2020.03.05-16.24.16:664][600]LogModuleManager: Shutting down and abandoning module SteamVR (60)
[2020.03.05-16.24.16:664][600]LogModuleManager: Shutting down and abandoning module OculusHMD (58)
[2020.03.05-16.24.16:664][600]LogModuleManager: Shutting down and abandoning module ExampleDeviceProfileSelector (56)
[2020.03.05-16.24.16:664][600]LogModuleManager: Shutting down and abandoning module AppleARKit (54)
[2020.03.05-16.24.16:664][600]LogModuleManager: Shutting down and abandoning module AugmentedReality (51)
[2020.03.05-16.24.16:664][600]LogModuleManager: Shutting down and abandoning module OnlineBlueprintSupport (48)
[2020.03.05-16.24.16:664][600]LogModuleManager: Shutting down and abandoning module OnlineSubsystem (44)
[2020.03.05-16.24.16:664][600]LogModuleManager: Shutting down and abandoning module XMPP (43)
[2020.03.05-16.24.16:664][600]LogModuleManager: Shutting down and abandoning module HTTP (41)
[2020.03.05-16.24.16:664][600]LogHttp: Display: Http module shutting down, but needs to wait on 1 outstanding Http requests:
[2020.03.05-16.24.16:664][600]LogHttp: Display: 	verb=[POST] url=[https://datarouter.ol.epicgames.com/datarouter/api/v1/public/data?SessionID=%7B9AEDD582-4D1C-F1BB-794A-CD8F08CBFEF6%7D&AppID=UEEditor.Rocket.Release&AppVersion=4.19.2-4033788%2B%2B%2BUE4%2BRelease-4.19&UserID=2b11f245415fdf10a10df29491cfaa99%7C2397b827324e4e5598fb5ad28a0dc807%7C27ddb6d1-7eba-417d-9f93-67c23d01b219&AppEnvironment=datacollector-binary&UploadType=eteventstream] status=Processing
[2020.03.05-16.24.16:675][600]LogModuleManager: Shutting down and abandoning module SSL (40)
[2020.03.05-16.24.16:676][600]LogModuleManager: Shutting down and abandoning module AnimationModifiers (36)
[2020.03.05-16.24.16:676][600]LogModuleManager: Shutting down and abandoning module PropertyEditor (35)
[2020.03.05-16.24.16:676][600]LogModuleManager: Shutting down and abandoning module AudioEditor (32)
[2020.03.05-16.24.16:676][600]LogModuleManager: Shutting down and abandoning module TextureCompressor (30)
[2020.03.05-16.24.16:676][600]LogModuleManager: Shutting down and abandoning module ShaderCore (28)
[2020.03.05-16.24.16:676][600]LogModuleManager: Shutting down and abandoning module Landscape (26)
[2020.03.05-16.24.16:676][600]LogModuleManager: Shutting down and abandoning module SlateRHIRenderer (24)
[2020.03.05-16.24.16:679][600]LogModuleManager: Shutting down and abandoning module OpenGLDrv (22)
[2020.03.05-16.24.16:679][600]LogModuleManager: Shutting down and abandoning module D3D11RHI (20)
[2020.03.05-16.24.16:679][600]LogModuleManager: Shutting down and abandoning module AnimGraphRuntime (18)
[2020.03.05-16.24.16:679][600]LogModuleManager: Shutting down and abandoning module Renderer (16)
[2020.03.05-16.24.16:679][600]LogModuleManager: Shutting down and abandoning module Engine (14)
[2020.03.05-16.24.16:679][600]LogModuleManager: Shutting down and abandoning module CoreUObject (12)
[2020.03.05-16.24.16:679][600]LogModuleManager: Shutting down and abandoning module NetworkFile (10)
[2020.03.05-16.24.16:679][600]LogModuleManager: Shutting down and abandoning module CookedIterativeFile (8)
[2020.03.05-16.24.16:679][600]LogModuleManager: Shutting down and abandoning module StreamingFile (6)
[2020.03.05-16.24.16:679][600]LogModuleManager: Shutting down and abandoning module SandboxFile (4)
[2020.03.05-16.24.16:679][600]LogModuleManager: Shutting down and abandoning module PakFile (2)
[2020.03.05-16.24.16:687][600]LogExit: Exiting.
[2020.03.05-16.24.16:703][600]Log file closed, 03/06/20 01:24:16
