Log file open, 03/05/20 18:00:26
LogWindows: Failed to load 'aqProf.dll' (GetLastError=126)
LogWindows: File 'aqProf.dll' does not exist
LogWindows: Failed to load 'VtuneApi.dll' (GetLastError=126)
LogWindows: File 'VtuneApi.dll' does not exist
LogWindows: Failed to load 'VtuneApi32e.dll' (GetLastError=126)
LogWindows: File 'VtuneApi32e.dll' does not exist
LogInit: Display: Running engine for game: ArenaBattle
LogPlatformFile: Not using cached read wrapper
LogInit: Display: RandInit(-401233336) SRandInit(-401233335).
LogInit: Read version file with build ID '3944462'
LogInit: Overriding engine version to CL 4033788, compatible CL 3944462
LogInit: Registered custom module enumerator with build ID '3944462'
LogTaskGraph: Started task graph with 5 named threads and 23 total threads with 3 sets of task threads.
LogStats: Stats thread started at 0.376019
LogD3D11RHI: Aftermath initialized
LogICUInternationalization: Display: ICU TimeZone Detection - Raw Offset: +9:00, Platform Override: ''
LogPluginManager: Mounting plugin Paper2D
LogPluginManager: Mounting plugin LiveLink
LogPluginManager: Mounting plugin LightPropagationVolume
LogPluginManager: Mounting plugin CLionSourceCodeAccess
LogPluginManager: Mounting plugin CodeLiteSourceCodeAccess
LogPluginManager: Mounting plugin GitSourceControl
LogPluginManager: Mounting plugin KDevelopSourceCodeAccess
LogPluginManager: Mounting plugin NullSourceCodeAccess
LogPluginManager: Mounting plugin PerforceSourceControl
LogPluginManager: Mounting plugin SubversionSourceControl
LogPluginManager: Mounting plugin UObjectPlugin
LogPluginManager: Mounting plugin VisualStudioCodeSourceCodeAccess
LogPluginManager: Mounting plugin VisualStudioSourceCodeAccess
LogPluginManager: Mounting plugin XCodeSourceCodeAccess
LogPluginManager: Mounting plugin AssetManagerEditor
LogPluginManager: Mounting plugin CryptoKeys
LogPluginManager: Mounting plugin DataValidation
LogPluginManager: Mounting plugin FacialAnimation
LogPluginManager: Mounting plugin GameplayTagsEditor
LogPluginManager: Mounting plugin MobileLauncherProfileWizard
LogPluginManager: Mounting plugin PluginBrowser
LogPluginManager: Mounting plugin SpeedTreeImporter
LogPluginManager: Mounting plugin DatasmithContent
LogPluginManager: Mounting plugin AlembicImporter
LogPluginManager: Mounting plugin CharacterAI
LogPluginManager: Mounting plugin HTML5Networking
LogPluginManager: Mounting plugin AndroidMedia
LogPluginManager: Mounting plugin AvfMedia
LogPluginManager: Mounting plugin ImgMedia
LogPluginManager: Mounting plugin LinearTimecode
LogPluginManager: Mounting plugin MediaCompositing
LogPluginManager: Mounting plugin MediaPlayerEditor
LogPluginManager: Mounting plugin WmfMedia
LogPluginManager: Mounting plugin TcpMessaging
LogPluginManager: Mounting plugin UdpMessaging
LogPluginManager: Mounting plugin ActorSequence
LogPluginManager: Mounting plugin LevelSequenceEditor
LogPluginManager: Mounting plugin MatineeToLevelSequence
LogPluginManager: Mounting plugin NetcodeUnitTest
LogPluginManager: Mounting plugin NUTUnrealEngine4
LogPluginManager: Mounting plugin OnlineSubsystemGooglePlay
LogPluginManager: Mounting plugin OnlineSubsystemIOS
LogPluginManager: Mounting plugin OnlineSubsystem
LogPluginManager: Mounting plugin OnlineSubsystemNull
LogPluginManager: Mounting plugin OnlineSubsystemUtils
LogPluginManager: Mounting plugin AndroidDeviceProfileSelector
LogPluginManager: Mounting plugin AndroidMoviePlayer
LogPluginManager: Mounting plugin AndroidPermission
LogPluginManager: Mounting plugin AppleARKit
LogPluginManager: Mounting plugin AppleMoviePlayer
LogPluginManager: Mounting plugin ArchVisCharacter
LogPluginManager: Mounting plugin AudioCapture
LogPluginManager: Mounting plugin CableComponent
LogPluginManager: Mounting plugin CustomMeshComponent
LogPluginManager: Mounting plugin ExampleDeviceProfileSelector
LogPluginManager: Mounting plugin GoogleCloudMessaging
LogPluginManager: Mounting plugin ImmediatePhysics
LogPluginManager: Mounting plugin IOSDeviceProfileSelector
LogPluginManager: Mounting plugin LinuxDeviceProfileSelector
LogPluginManager: Mounting plugin LocationServicesBPLibrary
LogPluginManager: Mounting plugin MobilePatchingUtils
LogPluginManager: Mounting plugin OculusVR
LogPluginManager: Plugin shader directory ../../../Engine/Plugins/Runtime/Oculus/OculusVR/Shaders found
LogPluginManager: Mapping shader source directory ../../../Engine/Plugins/Runtime/Oculus/OculusVR/Shaders to virtual directory /Plugin/OculusVR
LogPluginManager: Mounting plugin PhysXVehicles
LogPluginManager: Mounting plugin ProceduralMeshComponent
LogPluginManager: Mounting plugin RuntimePhysXCooking
LogPluginManager: Mounting plugin SteamVR
LogPluginManager: Mounting plugin WindowsMoviePlayer
LogStreaming: Display: Took  0.198s to configure plugins.
LogModuleManager: Display: Found up-to-date module file ../../../../../../dev/ArenaBattle/Binaries/Win64/UE4Editor-ArenaBattle-299.dll (API version 3944462).
LogModuleManager: Display: Found up-to-date module file ../../../Engine/Plugins/2D/Paper2D/Binaries/Win64/UE4Editor-Paper2D.dll (API version 3944462).
LogModuleManager: Display: Found up-to-date module file ../../../Engine/Plugins/2D/Paper2D/Binaries/Win64/UE4Editor-Paper2DEditor.dll (API version 3944462).
LogModuleManager: Display: Found up-to-date module file ../../../Engine/Plugins/2D/Paper2D/Binaries/Win64/UE4Editor-PaperSpriteSheetImporter.dll (API version 3944462).
LogModuleManager: Display: Found up-to-date module file ../../../Engine/Plugins/2D/Paper2D/Binaries/Win64/UE4Editor-PaperTiledImporter.dll (API version 3944462).
LogModuleManager: Display: Found up-to-date module file ../../../Engine/Plugins/2D/Paper2D/Binaries/Win64/UE4Editor-SmartSnapping.dll (API version 3944462).
LogModuleManager: Display: Found up-to-date module file ../../../Engine/Plugins/Animation/LiveLink/Binaries/Win64/UE4Editor-LiveLink.dll (API version 3944462).
LogModuleManager: Display: Found up-to-date module file ../../../Engine/Plugins/Animation/LiveLink/Binaries/Win64/UE4Editor-LiveLinkEditor.dll (API version 3944462).
LogModuleManager: Display: Found up-to-date module file ../../../Engine/Plugins/Blendables/LightPropagationVolume/Binaries/Win64/UE4Editor-LightPropagationVolumeRuntime.dll (API version 3944462).
LogModuleManager: Display: Found up-to-date module file ../../../Engine/Plugins/Blendables/LightPropagationVolume/Binaries/Win64/UE4Editor-LightPropagationVolumeEditor.dll (API version 3944462).
LogModuleManager: Display: Found up-to-date module file ../../../Engine/Plugins/Developer/CLionSourceCodeAccess/Binaries/Win64/UE4Editor-CLionSourceCodeAccess.dll (API version 3944462).
LogModuleManager: Display: Found up-to-date module file ../../../Engine/Plugins/Developer/GitSourceControl/Binaries/Win64/UE4Editor-GitSourceControl.dll (API version 3944462).
LogModuleManager: Display: Found up-to-date module file ../../../Engine/Plugins/Developer/PerforceSourceControl/Binaries/Win64/UE4Editor-PerforceSourceControl.dll (API version 3944462).
LogModuleManager: Display: Found up-to-date module file ../../../Engine/Plugins/Developer/SubversionSourceControl/Binaries/Win64/UE4Editor-SubversionSourceControl.dll (API version 3944462).
LogModuleManager: Display: Found up-to-date module file ../../../Engine/Plugins/Developer/UObjectPlugin/Binaries/Win64/UE4Editor-UObjectPlugin.dll (API version 3944462).
LogModuleManager: Display: Found up-to-date module file ../../../Engine/Plugins/Developer/VisualStudioCodeSourceCodeAccess/Binaries/Win64/UE4Editor-VisualStudioCodeSourceCodeAccess.dll (API version 3944462).
LogModuleManager: Display: Found up-to-date module file ../../../Engine/Plugins/Developer/VisualStudioSourceCodeAccess/Binaries/Win64/UE4Editor-VisualStudioSourceCodeAccess.dll (API version 3944462).
LogModuleManager: Display: Found up-to-date module file ../../../Engine/Plugins/Editor/AssetManagerEditor/Binaries/Win64/UE4Editor-AssetManagerEditor.dll (API version 3944462).
LogModuleManager: Display: Found up-to-date module file ../../../Engine/Plugins/Editor/CryptoKeys/Binaries/Win64/UE4Editor-CryptoKeys.dll (API version 3944462).
LogModuleManager: Display: Found up-to-date module file ../../../Engine/Plugins/Editor/CryptoKeys/Binaries/Win64/UE4Editor-CryptoKeysOpenSSL.dll (API version 3944462).
LogModuleManager: Display: Found up-to-date module file ../../../Engine/Plugins/Editor/DataValidation/Binaries/Win64/UE4Editor-DataValidation.dll (API version 3944462).
LogModuleManager: Display: Found up-to-date module file ../../../Engine/Plugins/Editor/FacialAnimation/Binaries/Win64/UE4Editor-FacialAnimation.dll (API version 3944462).
LogModuleManager: Display: Found up-to-date module file ../../../Engine/Plugins/Editor/FacialAnimation/Binaries/Win64/UE4Editor-FacialAnimationEditor.dll (API version 3944462).
LogModuleManager: Display: Found up-to-date module file ../../../Engine/Plugins/Editor/GameplayTagsEditor/Binaries/Win64/UE4Editor-GameplayTagsEditor.dll (API version 3944462).
LogModuleManager: Display: Found up-to-date module file ../../../Engine/Plugins/Editor/MobileLauncherProfileWizard/Binaries/Win64/UE4Editor-MobileLauncherProfileWizard.dll (API version 3944462).
LogModuleManager: Display: Found up-to-date module file ../../../Engine/Plugins/Editor/PluginBrowser/Binaries/Win64/UE4Editor-PluginBrowser.dll (API version 3944462).
LogModuleManager: Display: Found up-to-date module file ../../../Engine/Plugins/Editor/SpeedTreeImporter/Binaries/Win64/UE4Editor-SpeedTreeImporter.dll (API version 3944462).
LogModuleManager: Display: Found up-to-date module file ../../../Engine/Plugins/Enterprise/DatasmithContent/Binaries/Win64/UE4Editor-DatasmithContent.dll (API version 3944462).
LogModuleManager: Display: Found up-to-date module file ../../../Engine/Plugins/Experimental/AlembicImporter/Binaries/Win64/UE4Editor-AlembicImporter.dll (API version 3944462).
LogModuleManager: Display: Found up-to-date module file ../../../Engine/Plugins/Experimental/AlembicImporter/Binaries/Win64/UE4Editor-AlembicLibrary.dll (API version 3944462).
LogModuleManager: Display: Found up-to-date module file ../../../Engine/Plugins/Experimental/CharacterAI/Binaries/Win64/UE4Editor-CharacterAI.dll (API version 3944462).
LogModuleManager: Display: Found up-to-date module file ../../../Engine/Plugins/Experimental/HTML5Networking/Binaries/Win64/UE4Editor-HTML5Networking.dll (API version 3944462).
LogModuleManager: Display: Found up-to-date module file ../../../Engine/Plugins/Media/AndroidMedia/Binaries/Win64/UE4Editor-AndroidMediaEditor.dll (API version 3944462).
LogModuleManager: Display: Found up-to-date module file ../../../Engine/Plugins/Media/AndroidMedia/Binaries/Win64/UE4Editor-AndroidMediaFactory.dll (API version 3944462).
LogModuleManager: Display: Found up-to-date module file ../../../Engine/Plugins/Media/AvfMedia/Binaries/Win64/UE4Editor-AvfMediaEditor.dll (API version 3944462).
LogModuleManager: Display: Found up-to-date module file ../../../Engine/Plugins/Media/AvfMedia/Binaries/Win64/UE4Editor-AvfMediaFactory.dll (API version 3944462).
LogModuleManager: Display: Found up-to-date module file ../../../Engine/Plugins/Media/AvfMedia/Binaries/Win64/UE4Editor-AvfMediaFactory.dll (API version 3944462).
LogModuleManager: Display: Found up-to-date module file ../../../Engine/Plugins/Media/ImgMedia/Binaries/Win64/UE4Editor-ImgMedia.dll (API version 3944462).
LogModuleManager: Display: Found up-to-date module file ../../../Engine/Plugins/Media/ImgMedia/Binaries/Win64/UE4Editor-ImgMediaEditor.dll (API version 3944462).
LogModuleManager: Display: Found up-to-date module file ../../../Engine/Plugins/Media/ImgMedia/Binaries/Win64/UE4Editor-ImgMediaFactory.dll (API version 3944462).
LogModuleManager: Display: Found up-to-date module file ../../../Engine/Plugins/Media/ImgMedia/Binaries/Win64/UE4Editor-ImgMediaFactory.dll (API version 3944462).
LogModuleManager: Display: Found up-to-date module file ../../../Engine/Plugins/Media/ImgMedia/Binaries/Win64/UE4Editor-OpenExrWrapper.dll (API version 3944462).
LogModuleManager: Display: Found up-to-date module file ../../../Engine/Plugins/Media/LinearTimecode/Binaries/Win64/UE4Editor-LinearTimecode.dll (API version 3944462).
LogModuleManager: Display: Found up-to-date module file ../../../Engine/Plugins/Media/MediaCompositing/Binaries/Win64/UE4Editor-MediaCompositing.dll (API version 3944462).
LogModuleManager: Display: Found up-to-date module file ../../../Engine/Plugins/Media/MediaCompositing/Binaries/Win64/UE4Editor-MediaCompositingEditor.dll (API version 3944462).
LogModuleManager: Display: Found up-to-date module file ../../../Engine/Plugins/Media/MediaPlayerEditor/Binaries/Win64/UE4Editor-MediaPlayerEditor.dll (API version 3944462).
LogModuleManager: Display: Found up-to-date module file ../../../Engine/Plugins/Media/WmfMedia/Binaries/Win64/UE4Editor-WmfMedia.dll (API version 3944462).
LogModuleManager: Display: Found up-to-date module file ../../../Engine/Plugins/Media/WmfMedia/Binaries/Win64/UE4Editor-WmfMediaEditor.dll (API version 3944462).
LogModuleManager: Display: Found up-to-date module file ../../../Engine/Plugins/Media/WmfMedia/Binaries/Win64/UE4Editor-WmfMediaFactory.dll (API version 3944462).
LogModuleManager: Display: Found up-to-date module file ../../../Engine/Plugins/Media/WmfMedia/Binaries/Win64/UE4Editor-WmfMediaFactory.dll (API version 3944462).
LogModuleManager: Display: Found up-to-date module file ../../../Engine/Plugins/Messaging/TcpMessaging/Binaries/Win64/UE4Editor-TcpMessaging.dll (API version 3944462).
LogModuleManager: Display: Found up-to-date module file ../../../Engine/Plugins/Messaging/UdpMessaging/Binaries/Win64/UE4Editor-UdpMessaging.dll (API version 3944462).
LogModuleManager: Display: Found up-to-date module file ../../../Engine/Plugins/MovieScene/ActorSequence/Binaries/Win64/UE4Editor-ActorSequence.dll (API version 3944462).
LogModuleManager: Display: Found up-to-date module file ../../../Engine/Plugins/MovieScene/LevelSequenceEditor/Binaries/Win64/UE4Editor-LevelSequenceEditor.dll (API version 3944462).
LogModuleManager: Display: Found up-to-date module file ../../../Engine/Plugins/MovieScene/MatineeToLevelSequence/Binaries/Win64/UE4Editor-MatineeToLevelSequence.dll (API version 3944462).
LogModuleManager: Display: Found up-to-date module file ../../../Engine/Plugins/NetcodeUnitTest/NetcodeUnitTest/Binaries/Win64/UE4Editor-NetcodeUnitTest.dll (API version 3944462).
LogModuleManager: Display: Found up-to-date module file ../../../Engine/Plugins/NetcodeUnitTest/NUTUnrealEngine4/Binaries/Win64/UE4Editor-NUTUnrealEngine4.dll (API version 3944462).
LogModuleManager: Display: Found up-to-date module file ../../../Engine/Plugins/Online/OnlineSubsystem/Binaries/Win64/UE4Editor-OnlineSubsystem.dll (API version 3944462).
LogModuleManager: Display: Found up-to-date module file ../../../Engine/Plugins/Online/OnlineSubsystemNull/Binaries/Win64/UE4Editor-OnlineSubsystemNull.dll (API version 3944462).
LogModuleManager: Display: Found up-to-date module file ../../../Engine/Plugins/Online/OnlineSubsystemUtils/Binaries/Win64/UE4Editor-OnlineSubsystemUtils.dll (API version 3944462).
LogModuleManager: Display: Found up-to-date module file ../../../Engine/Plugins/Online/OnlineSubsystemUtils/Binaries/Win64/UE4Editor-OnlineBlueprintSupport.dll (API version 3944462).
LogModuleManager: Display: Found up-to-date module file ../../../Engine/Plugins/Runtime/AndroidDeviceProfileSelector/Binaries/Win64/UE4Editor-AndroidDeviceProfileSelector.dll (API version 3944462).
LogModuleManager: Display: Found up-to-date module file ../../../Engine/Plugins/Runtime/AndroidPermission/Binaries/Win64/UE4Editor-AndroidPermission.dll (API version 3944462).
LogModuleManager: Display: Found up-to-date module file ../../../Engine/Plugins/Runtime/AppleARKit/Binaries/Win64/UE4Editor-AppleARKit.dll (API version 3944462).
LogModuleManager: Display: Found up-to-date module file ../../../Engine/Plugins/Runtime/ArchVisCharacter/Binaries/Win64/UE4Editor-ArchVisCharacter.dll (API version 3944462).
LogModuleManager: Display: Found up-to-date module file ../../../Engine/Plugins/Runtime/AudioCapture/Binaries/Win64/UE4Editor-AudioCapture.dll (API version 3944462).
LogModuleManager: Display: Found up-to-date module file ../../../Engine/Plugins/Runtime/AudioCapture/Binaries/Win64/UE4Editor-AudioCaptureEditor.dll (API version 3944462).
LogModuleManager: Display: Found up-to-date module file ../../../Engine/Plugins/Runtime/CableComponent/Binaries/Win64/UE4Editor-CableComponent.dll (API version 3944462).
LogModuleManager: Display: Found up-to-date module file ../../../Engine/Plugins/Runtime/CustomMeshComponent/Binaries/Win64/UE4Editor-CustomMeshComponent.dll (API version 3944462).
LogModuleManager: Display: Found up-to-date module file ../../../Engine/Plugins/Runtime/ExampleDeviceProfileSelector/Binaries/Win64/UE4Editor-ExampleDeviceProfileSelector.dll (API version 3944462).
LogModuleManager: Display: Found up-to-date module file ../../../Engine/Plugins/Runtime/ImmediatePhysics/Binaries/Win64/UE4Editor-ImmediatePhysics.dll (API version 3944462).
LogModuleManager: Display: Found up-to-date module file ../../../Engine/Plugins/Runtime/ImmediatePhysics/Binaries/Win64/UE4Editor-ImmediatePhysicsEditor.dll (API version 3944462).
LogModuleManager: Display: Found up-to-date module file ../../../Engine/Plugins/Runtime/LocationServicesBPLibrary/Binaries/Win64/UE4Editor-LocationServicesBPLibrary.dll (API version 3944462).
LogModuleManager: Display: Found up-to-date module file ../../../Engine/Plugins/Runtime/MobilePatchingUtils/Binaries/Win64/UE4Editor-MobilePatchingUtils.dll (API version 3944462).
LogModuleManager: Display: Found up-to-date module file ../../../Engine/Plugins/Runtime/Oculus/OculusVR/Binaries/Win64/UE4Editor-OculusHMD.dll (API version 3944462).
LogModuleManager: Display: Found up-to-date module file ../../../Engine/Plugins/Runtime/Oculus/OculusVR/Binaries/Win64/UE4Editor-OculusInput.dll (API version 3944462).
LogModuleManager: Display: Found up-to-date module file ../../../Engine/Plugins/Runtime/Oculus/OculusVR/Binaries/Win64/UE4Editor-OculusEditor.dll (API version 3944462).
LogModuleManager: Display: Found up-to-date module file ../../../Engine/Plugins/Runtime/PhysXVehicles/Binaries/Win64/UE4Editor-PhysXVehicles.dll (API version 3944462).
LogModuleManager: Display: Found up-to-date module file ../../../Engine/Plugins/Runtime/PhysXVehicles/Binaries/Win64/UE4Editor-PhysXVehiclesEditor.dll (API version 3944462).
LogModuleManager: Display: Found up-to-date module file ../../../Engine/Plugins/Runtime/ProceduralMeshComponent/Binaries/Win64/UE4Editor-ProceduralMeshComponent.dll (API version 3944462).
LogModuleManager: Display: Found up-to-date module file ../../../Engine/Plugins/Runtime/ProceduralMeshComponent/Binaries/Win64/UE4Editor-ProceduralMeshComponentEditor.dll (API version 3944462).
LogModuleManager: Display: Found up-to-date module file ../../../Engine/Plugins/Runtime/RuntimePhysXCooking/Binaries/Win64/UE4Editor-RuntimePhysXCooking.dll (API version 3944462).
LogModuleManager: Display: Found up-to-date module file ../../../Engine/Plugins/Runtime/Steam/SteamVR/Binaries/Win64/UE4Editor-SteamVR.dll (API version 3944462).
LogModuleManager: Display: Found up-to-date module file ../../../Engine/Plugins/Runtime/Steam/SteamVR/Binaries/Win64/UE4Editor-SteamVRController.dll (API version 3944462).
LogModuleManager: Display: Found up-to-date module file ../../../Engine/Plugins/Runtime/WindowsMoviePlayer/Binaries/Win64/UE4Editor-WindowsMoviePlayer.dll (API version 3944462).
LogInit: Using libcurl 7.47.1
LogInit:  - built for x86_64-pc-win32
LogInit:  - supports SSL with OpenSSL/1.0.2g
LogInit:  - supports HTTP deflate (compression) using libz 1.2.8
LogInit:  - other features:
LogInit:      CURL_VERSION_SSL
LogInit:      CURL_VERSION_LIBZ
LogInit:      CURL_VERSION_IPV6
LogInit:      CURL_VERSION_ASYNCHDNS
LogInit:      CURL_VERSION_LARGEFILE
LogInit:      CURL_VERSION_IDN
LogInit:  CurlRequestOptions (configurable via config and command line):
LogInit:  - bVerifyPeer = false  - Libcurl will NOT verify peer certificate
LogInit:  - bUseHttpProxy = false  - Libcurl will NOT use HTTP proxy
LogInit:  - bDontReuseConnections = false  - Libcurl will reuse connections
LogInit:  - CertBundlePath = nullptr  - Libcurl will use whatever was configured at build time.
LogInit:  - MaxHostConnections = 16  - Libcurl will limit the number of connections to a host
LogInit:  - LocalHostAddr = Default
LogInit: WinSock: version 1.1 (2.2), MaxSocks=32767, MaxUdp=65467
LogInit: WinSock: I am DESKTOP-2UPP01C (192.168.0.74:0)
LogInit: Build: ++UE4+Release-4.19-CL-4033788
LogInit: Engine Version: 4.19.2-4033788+++UE4+Release-4.19
LogInit: Compatible Engine Version: 4.19.0-3944462+++UE4+Release-4.19
LogInit: Net CL: 3944462
LogDevObjectVersion: Number of dev versions registered: 18
LogDevObjectVersion:   Dev-Blueprints (B0D832E4-1F89-4F0D-ACCF-7EB736FD4AA2): 10
LogDevObjectVersion:   Dev-Build (E1C64328-A22C-4D53-A36C-8E866417BD8C): 0
LogDevObjectVersion:   Dev-Core (375EC13C-06E4-48FB-B500-84F0262A717E): 2
LogDevObjectVersion:   Dev-Editor (E4B068ED-F494-42E9-A231-DA0B2E46BB41): 23
LogDevObjectVersion:   Dev-Framework (CFFC743F-43B0-4480-9391-14DF171D2073): 33
LogDevObjectVersion:   Dev-Mobile (B02B49B5-BB20-44E9-A304-32B752E40360): 2
LogDevObjectVersion:   Dev-Networking (A4E4105C-59A1-49B5-A7C5-40C4547EDFEE): 0
LogDevObjectVersion:   Dev-Online (39C831C9-5AE6-47DC-9A44-9C173E1C8E7C): 0
LogDevObjectVersion:   Dev-Physics (78F01B33-EBEA-4F98-B9B4-84EACCB95AA2): 0
LogDevObjectVersion:   Dev-Platform (6631380F-2D4D-43E0-8009-CF276956A95A): 0
LogDevObjectVersion:   Dev-Rendering (12F88B9F-8875-4AFC-A67C-D90C383ABD29): 25
LogDevObjectVersion:   Dev-Sequencer (7B5AE74C-D270-4C10-A958-57980B212A5A): 6
LogDevObjectVersion:   Dev-VR (D7296918-1DD6-4BDD-9DE2-64A83CC13884): 1
LogDevObjectVersion:   Dev-LoadTimes (C2A15278-BFE7-4AFE-6C17-90FF531DF755): 1
LogDevObjectVersion:   Private-Geometry (6EACA3D4-40EC-4CC1-B786-8BED09428FC5): 2
LogDevObjectVersion:   Dev-AnimPhys (29E575DD-E0A3-4627-9D10-D276232CDCEA): 16
LogDevObjectVersion:   Dev-ReflectionCapture (6B266CEC-1EC7-4B8F-A30B-E4D90942FC07): 1
LogDevObjectVersion:   Dev-Automation (0DF73D61-A23F-47EA-B727-89E90C41499A): 1
LogInit: Compiled (64-bit): Apr 27 2018 02:06:57
LogInit: Compiled with Visual C++: 19.00.24215.01
LogInit: Build Configuration: Development
LogInit: Branch Name: ++UE4+Release-4.19
LogInit: Command Line: 
LogInit: Base Directory: C:/Program Files/Epic Games/UE_4.19/Engine/Binaries/Win64/
LogInit: Installed Engine Build: 1
LogStreaming: Display: Took  0.009s to delete old logs.
LogInit: Presizing for max 8388607 objects, including 0 objects not considered by GC, pre-allocating 0 bytes for permanent pool.
LogInit: Object subsystem initialized
[2020.03.05-09.00.31:106][  0]LogInit: Selected Device Profile: [Windows]
[2020.03.05-09.00.31:106][  0]LogInit: Applying CVar settings loaded from the selected device profile: [Windows]
[2020.03.05-09.00.31:118][  0]LogInit: Computer: DESKTOP-2UPP01C
[2020.03.05-09.00.31:118][  0]LogInit: User: pth08
[2020.03.05-09.00.31:118][  0]LogInit: CPU Page size=4096, Cores=4
[2020.03.05-09.00.31:118][  0]LogInit: High frequency timer resolution =10.000000 MHz
[2020.03.05-09.00.31:118][  0]LogMemory: Memory total: Physical=15.9GB (16GB approx)
[2020.03.05-09.00.31:118][  0]LogMemory: Platform Memory Stats for Windows
[2020.03.05-09.00.31:118][  0]LogMemory: Process Physical Memory: 277.70 MB used, 277.70 MB peak
[2020.03.05-09.00.31:118][  0]LogMemory: Process Virtual Memory: 264.67 MB used, 264.67 MB peak
[2020.03.05-09.00.31:118][  0]LogMemory: Physical Memory: 6970.27 MB used,  9329.03 MB free, 16299.29 MB total
[2020.03.05-09.00.31:119][  0]LogMemory: Virtual Memory: 4779.41 MB used,  9329.03 MB free, 134217728.00 MB total
[2020.03.05-09.00.31:161][  0]LogInit: Using OS detected language (ko-KR).
[2020.03.05-09.00.31:161][  0]LogInit: Using OS detected locale (ko-KR).
[2020.03.05-09.00.31:166][  0]LogTextLocalizationManager: No specific localization for 'ko-KR' exists, so the 'ko' localization will be used.
[2020.03.05-09.00.31:816][  0]LogStreaming: Display: Took  0.655s to EndInitTextLocalization.
[2020.03.05-09.00.31:817][  0]LogInit: Setting process to per monitor DPI aware
[2020.03.05-09.00.31:957][  0]LogSlate: New Slate User Created.  User Index 0, Is Virtual User: 0
[2020.03.05-09.00.31:957][  0]LogSlate: Slate User Registered.  User Index 0, Is Virtual User: 0
[2020.03.05-09.00.32:431][  0]LogD3D11RHI: D3D11 adapters:
[2020.03.05-09.00.32:451][  0]LogD3D11RHI:    0. 'Intel(R) UHD Graphics 620' (Feature Level 11_0)
[2020.03.05-09.00.32:451][  0]LogD3D11RHI:       128/0/8149 MB DedicatedVideo/DedicatedSystem/SharedSystem, Outputs:1, VendorId:0x8086
[2020.03.05-09.00.32:501][  0]LogD3D11RHI:    1. 'Radeon(TM) 540 Graphics' (Feature Level 11_0)
[2020.03.05-09.00.32:501][  0]LogD3D11RHI:       1995/0/8149 MB DedicatedVideo/DedicatedSystem/SharedSystem, Outputs:0, VendorId:0x1002
[2020.03.05-09.00.32:506][  0]LogD3D11RHI:    2. 'Microsoft Basic Render Driver' (Feature Level 11_0)
[2020.03.05-09.00.32:506][  0]LogD3D11RHI:       0/0/8149 MB DedicatedVideo/DedicatedSystem/SharedSystem, Outputs:0, VendorId:0x1414
[2020.03.05-09.00.32:506][  0]LogD3D11RHI: Chosen D3D11 Adapter: 1
[2020.03.05-09.00.32:520][  0]LogD3D11RHI: Creating new Direct3DDevice
[2020.03.05-09.00.32:520][  0]LogD3D11RHI:     GPU DeviceId: 0x699f (for the marketing name, search the web for "GPU Device Id")
[2020.03.05-09.00.32:520][  0]LogWindows: EnumDisplayDevices:
[2020.03.05-09.00.32:521][  0]LogWindows:    0. 'Intel(R) UHD Graphics 620' (P:1 D:1)
[2020.03.05-09.00.32:522][  0]LogWindows:    1. 'Intel(R) UHD Graphics 620' (P:0 D:0)
[2020.03.05-09.00.32:523][  0]LogWindows:    2. 'Intel(R) UHD Graphics 620' (P:0 D:0)
[2020.03.05-09.00.32:524][  0]LogWindows:    3. 'Radeon(TM) 540 Graphics' (P:0 D:0)
[2020.03.05-09.00.32:525][  0]LogWindows:    4. 'Radeon(TM) 540 Graphics' (P:0 D:0)
[2020.03.05-09.00.32:526][  0]LogWindows:    5. 'Radeon(TM) 540 Graphics' (P:0 D:0)
[2020.03.05-09.00.32:527][  0]LogWindows:    6. 'Radeon(TM) 540 Graphics' (P:0 D:0)
[2020.03.05-09.00.32:528][  0]LogWindows:    7. 'Radeon(TM) 540 Graphics' (P:0 D:0)
[2020.03.05-09.00.32:529][  0]LogWindows:    8. 'Radeon(TM) 540 Graphics' (P:0 D:0)
[2020.03.05-09.00.32:530][  0]LogWindows:    9. 'Radeon(TM) 540 Graphics' (P:0 D:0)
[2020.03.05-09.00.32:531][  0]LogWindows:    10. 'Radeon(TM) 540 Graphics' (P:0 D:0)
[2020.03.05-09.00.32:532][  0]LogWindows:    11. 'Radeon(TM) 540 Graphics' (P:0 D:0)
[2020.03.05-09.00.32:533][  0]LogWindows:    12. 'Radeon(TM) 540 Graphics' (P:0 D:0)
[2020.03.05-09.00.32:534][  0]LogWindows:    13. 'Radeon(TM) 540 Graphics' (P:0 D:0)
[2020.03.05-09.00.32:535][  0]LogWindows:    14. 'Radeon(TM) 540 Graphics' (P:0 D:0)
[2020.03.05-09.00.32:536][  0]LogWindows:    15. 'Radeon(TM) 540 Graphics' (P:0 D:0)
[2020.03.05-09.00.32:537][  0]LogWindows:    16. 'Radeon(TM) 540 Graphics' (P:0 D:0)
[2020.03.05-09.00.32:539][  0]LogWindows:    17. 'Radeon(TM) 540 Graphics' (P:0 D:0)
[2020.03.05-09.00.32:540][  0]LogWindows:    18. 'Radeon(TM) 540 Graphics' (P:0 D:0)
[2020.03.05-09.00.32:541][  0]LogWindows: DebugString: GetVideoDriverDetailsInvalid PrimaryIsNotTheChoosenAdapter GetVideoDriverDetailsInvalid PrimaryIsNotTheChoosenAdapter GetVideoDriverDetailsInvalid PrimaryIsNotTheChoosenAdapter GetVideoDriverDetailsInvalid PrimaryIsNotTheChoosenAdapter GetVideoDriverDetailsInvalid PrimaryIsNotTheChoosenAdapter GetVideoDriverDetailsInvalid PrimaryIsNotTheChoosenAdapter GetVideoDriverDetailsInvalid PrimaryIsNotTheChoosenAdapter GetVideoDriverDetailsInvalid PrimaryIsNotTheChoosenAdapter GetVideoDriverDetailsInvalid PrimaryIsNotTheChoosenAdapter GetVideoDriverDetailsInvalid PrimaryIsNotTheChoosenAdapter GetVideoDriverDetailsInvalid PrimaryIsNotTheChoosenAdapter GetVideoDriverDetailsInvalid PrimaryIsNotTheChoosenAdapter GetVideoDriverDetailsInvalid PrimaryIsNotTheChoosenAdapter GetVideoDriverDetailsInvalid PrimaryIsNotTheChoosenAdapter GetVideoDriverDetailsInvalid PrimaryIsNotTheChoosenAdapter GetVideoDriverDetailsInvalid PrimaryIsNotTheChoosenAdapter GetVideoDriverDetailsInvalid PrimaryIsNotTheChoosenAdapter GetVideoDriverDetailsInvalid PrimaryIsNotTheChoosenAdapter GetVideoDriverDetailsInvalid PrimaryIsNotTheChoosenAdapter FoundDriverCount:0 
[2020.03.05-09.00.32:541][  0]LogD3D11RHI:     Adapter Name: Radeon(TM) 540 Graphics
[2020.03.05-09.00.32:541][  0]LogD3D11RHI:   Driver Version: Unknown (internal:Unknown, unified:Unknown)
[2020.03.05-09.00.32:541][  0]LogD3D11RHI:      Driver Date: Unknown
[2020.03.05-09.00.32:541][  0]LogRHI: Texture pool is 1396 MB (70% of 1995 MB)
[2020.03.05-09.00.34:422][  0]LogD3D11RHI: Async texture creation enabled
[2020.03.05-09.00.34:438][  0]LogD3D11RHI: GPU Timing Frequency: 25.000000 (Debug: 2 1)
[2020.03.05-09.00.34:440][  0]LogShaderCompilers: Guid format shader working directory is 12 characters bigger than the processId version (../../../../../../dev/ArenaBattle/Intermediate/Shaders/WorkingDirectory/34104/).
[2020.03.05-09.00.34:441][  0]LogShaderCompilers: Cleaned the shader compiler working directory 'C:/Users/pth08/AppData/Local/Temp/UnrealShaderWorkingDir/7F5380934052DBE973775B9BAAFF4CA4/'.
[2020.03.05-09.00.35:040][  0]LogTemp: Display: Loaded TP AllDesktopTargetPlatform
[2020.03.05-09.00.35:080][  0]LogTemp: Display: Loaded TP MacClientTargetPlatform
[2020.03.05-09.00.35:121][  0]LogTemp: Display: Loaded TP MacNoEditorTargetPlatform
[2020.03.05-09.00.35:164][  0]LogTemp: Display: Loaded TP MacServerTargetPlatform
[2020.03.05-09.00.35:204][  0]LogTemp: Display: Loaded TP MacTargetPlatform
[2020.03.05-09.00.35:245][  0]LogTemp: Display: Loaded TP WindowsClientTargetPlatform
[2020.03.05-09.00.35:287][  0]LogTemp: Display: Loaded TP WindowsNoEditorTargetPlatform
[2020.03.05-09.00.35:326][  0]LogTemp: Display: Loaded TP WindowsServerTargetPlatform
[2020.03.05-09.00.35:350][  0]LogTemp: Display: Loaded TP WindowsTargetPlatform
[2020.03.05-09.00.35:400][  0]LogTemp: Display: Loaded TP Android_ASTCTargetPlatform
[2020.03.05-09.00.35:441][  0]LogTemp: Display: Loaded TP Android_ATCTargetPlatform
[2020.03.05-09.00.35:482][  0]LogTemp: Display: Loaded TP Android_DXTTargetPlatform
[2020.03.05-09.00.35:524][  0]LogTemp: Display: Loaded TP Android_ETC1aTargetPlatform
[2020.03.05-09.00.35:569][  0]LogTemp: Display: Loaded TP Android_ETC1TargetPlatform
[2020.03.05-09.00.35:611][  0]LogTemp: Display: Loaded TP Android_ETC2TargetPlatform
[2020.03.05-09.00.35:694][  0]LogTemp: Display: Loaded TP Android_MultiTargetPlatform
[2020.03.05-09.00.35:695][  0]LogTemp: Display: Loaded TP Android_PVRTCTargetPlatform
[2020.03.05-09.00.35:736][  0]LogTemp: Display: Loaded TP AndroidTargetPlatform
[2020.03.05-09.00.35:741][  0]LogTemp: Display: Loaded TP HTML5TargetPlatform
[2020.03.05-09.00.35:812][  0]LogTemp: Display: Loaded TP IOSTargetPlatform
[2020.03.05-09.00.35:846][  0]LogTemp: Display: Loaded TP TVOSTargetPlatform
[2020.03.05-09.00.35:879][  0]LogTemp: Display: Loaded TP LinuxClientTargetPlatform
[2020.03.05-09.00.35:909][  0]LogTemp: Display: Loaded TP LinuxNoEditorTargetPlatform
[2020.03.05-09.00.35:943][  0]LogTemp: Display: Loaded TP LinuxServerTargetPlatform
[2020.03.05-09.00.35:982][  0]LogTemp: Display: Loaded TP LinuxTargetPlatform
[2020.03.05-09.00.35:982][  0]LogTargetPlatformManager: Display: Building Assets For Windows
[2020.03.05-09.00.36:364][  0]LogXGEController: Cannot use XGE Controller as Incredibuild is not installed on this machine.
[2020.03.05-09.00.36:365][  0]LogShaderCompilers: Cannot use XGE Shader Compiler as Incredibuild is not installed on this machine.
[2020.03.05-09.00.36:365][  0]LogShaderCompilers: Display: Using Local Shader Compiler.
[2020.03.05-09.00.38:454][  0]LogDerivedDataCache: Display: Max Cache Size: 512 MB
[2020.03.05-09.00.38:551][  0]LogDerivedDataCache: Loaded boot cache 0.10s 74MB C:/Users/pth08/AppData/Local/UnrealEngine/4.19/DerivedDataCache/Boot.ddc.
[2020.03.05-09.00.38:551][  0]LogDerivedDataCache: Display: Loaded Boot cache: C:/Users/pth08/AppData/Local/UnrealEngine/4.19/DerivedDataCache/Boot.ddc
[2020.03.05-09.00.38:551][  0]LogDerivedDataCache: FDerivedDataBackendGraph:  Pak pak cache file ../../../../../../dev/ArenaBattle/DerivedDataCache/DDC.ddp not found, will not use a pak cache.
[2020.03.05-09.00.38:551][  0]LogDerivedDataCache: Unable to find inner node Pak for hierarchical cache Hierarchy.
[2020.03.05-09.00.38:551][  0]LogDerivedDataCache: FDerivedDataBackendGraph:  CompressedPak pak cache file ../../../../../../dev/ArenaBattle/DerivedDataCache/Compressed.ddp not found, will not use a pak cache.
[2020.03.05-09.00.38:551][  0]LogDerivedDataCache: Unable to find inner node CompressedPak for hierarchical cache Hierarchy.
[2020.03.05-09.00.38:594][  0]LogDerivedDataCache: Display: Pak cache opened for reading ../../../Engine/DerivedDataCache/Compressed.ddp.
[2020.03.05-09.00.38:607][  0]LogDerivedDataCache: Using Local data cache path C:/Users/pth08/AppData/Local/UnrealEngine/Common/DerivedDataCache: Writable
[2020.03.05-09.00.38:607][  0]LogDerivedDataCache: Shared data cache path not found in *engine.ini, will not use an Shared cache.
[2020.03.05-09.00.38:607][  0]LogDerivedDataCache: Unable to find inner node Shared for hierarchical cache Hierarchy.
[2020.03.05-09.00.38:630][  0]LogMaterial: Verifying Global Shaders for PCD3D_SM5
[2020.03.05-09.00.38:631][  0]LogSlate: Using Freetype 2.6.0
[2020.03.05-09.00.38:631][  0]LogSlate: SlateFontCache - WITH_FREETYPE: 1, WITH_HARFBUZZ: 1
[2020.03.05-09.00.38:631][  0]LogSlate: SlateFontCache - WITH_FREETYPE: 1, WITH_HARFBUZZ: 1
[2020.03.05-09.00.38:892][  0]LogAssetRegistry: FAssetRegistry took 0.0320 seconds to start up
[2020.03.05-09.00.39:729][  0]LogInit: Selected Device Profile: [Windows]
[2020.03.05-09.00.39:896][  0]LogSimplygon: Simplygon DLL not present - disabling.
[2020.03.05-09.00.39:903][  0]LogMeshReduction: Using SimplygonSwarm for distributed automatic mesh merging
[2020.03.05-09.00.39:903][  0]LogMeshReduction: Using QuadricMeshReduction for automatic static mesh reduction
[2020.03.05-09.00.39:903][  0]LogMeshReduction: No automatic skeletal mesh reduction module available
[2020.03.05-09.00.39:903][  0]LogMeshReduction: No automatic mesh merging module available
[2020.03.05-09.00.39:903][  0]LogMeshMerging: No automatic mesh merging module available
[2020.03.05-09.00.40:164][  0]LogNetVersion: ArenaBattle , NetCL: 3944462, EngineNetVer: 2, GameNetVer: 0 (Checksum: 3555152549)
[2020.03.05-09.00.41:070][  0]LogPackageLocalizationCache: Processed 9 localized package path(s) for 2 prioritized culture(s) in 0.114719 seconds
[2020.03.05-09.00.41:083][  0]LogUObjectArray: 36728 objects as part of root set at end of initial load.
[2020.03.05-09.00.41:083][  0]LogUObjectAllocator: 7314312 out of 0 bytes used by permanent object pool.
[2020.03.05-09.00.41:083][  0]LogUObjectArray: CloseDisregardForGC: 0/0 objects in disregard for GC pool
[2020.03.05-09.00.44:463][  0]LogTcpMessaging: Initializing TcpMessaging bridge
[2020.03.05-09.00.44:524][  0]LogUdpMessaging: Initializing bridge on interface 0.0.0.0:0 to multicast group 230.0.0.1:6666.
[2020.03.05-09.00.45:060][  0]LogSkeletalMesh: Skeletal Mesh found in DDC [0.628000ms] /Game/InfinityBladeWarriors/Character/CompleteCharacters/SK_CharM_Cardboard.SK_CharM_Cardboard
[2020.03.05-09.00.45:082][  0]LogUObjectGlobals: Created PersistentFrame Addr=0x0000016cf1e2a3b0, Size=24, Default__WarriorAnimBlueprint_C Function /Game/Book/Animations/WarriorAnimBlueprint.WarriorAnimBlueprint_C:ExecuteUbergraph_WarriorAnimBlueprint
[2020.03.05-09.00.45:091][  0]LogUObjectGlobals: Destroyed PersistentFrame Addr=0x0000016cf1e2a3b0, Size=24
[2020.03.05-09.00.45:092][  0]LogUObjectGlobals: Created PersistentFrame Addr=0x0000016cf1e583a0, Size=24, Default__WarriorAnimBlueprint_C Function /Engine/Transient.REINST_WarriorAnimBlueprint_C_0:ExecuteUbergraph_WarriorAnimBlueprint
[2020.03.05-09.00.45:102][  0]LogUObjectGlobals: Created PersistentFrame Addr=0x0000016cf1e598d0, Size=24, Default__WarriorAnimBlueprint_C Function /Game/Book/Animations/WarriorAnimBlueprint.WarriorAnimBlueprint_C:ExecuteUbergraph_WarriorAnimBlueprint
[2020.03.05-09.00.45:442][  0]SourceControl: 소스 콘트롤이 꺼졌습니다.
[2020.03.05-09.00.45:442][  0]SourceControl: 소스 콘트롤이 꺼졌습니다.
[2020.03.05-09.00.45:491][  0]SourceControl: 소스 콘트롤이 꺼졌습니다.
[2020.03.05-09.00.45:534][  0]SourceControl: 소스 콘트롤이 꺼졌습니다.
[2020.03.05-09.00.46:596][  0]LogAndroidPermission: UAndroidPermissionCallbackProxy::GetInstance
[2020.03.05-09.00.47:444][  0]LogOcInput: OculusInput pre-init called
[2020.03.05-09.00.47:656][  0]LogEngine: Initializing Engine...
[2020.03.05-09.00.47:660][  0]LogHMD: Failed to initialize OpenVR with code 110
[2020.03.05-09.00.47:663][  0]LogStats: UGameplayTagsManager::ConstructGameplayTagTree: Construct from data asset -  0.000 s
[2020.03.05-09.00.47:663][  0]LogStats: UGameplayTagsManager::ConstructGameplayTagTree: GameplayTagTreeChangedEvent.Broadcast -  0.000 s
[2020.03.05-09.00.48:030][  0]LogAIModule: Creating AISystem for world Untitled
[2020.03.05-09.00.48:373][  0]LogInit: XAudio2 using '스피커(Realtek(R) Audio)' : 2 channels at 48 kHz using 16 bits per sample (channel mask 0x3)
[2020.03.05-09.00.48:771][  0]LogInit: FAudioDevice initialized.
[2020.03.05-09.00.48:841][  0]LogDerivedDataCache: Saved boot cache 0.07s 74MB C:/Users/pth08/AppData/Local/UnrealEngine/4.19/DerivedDataCache/Boot.ddc.
[2020.03.05-09.00.48:856][  0]LogInit: Texture streaming: Enabled
[2020.03.05-09.00.48:905][  0]LogEngineSessionManager: EngineSessionManager initialized
[2020.03.05-09.00.48:935][  0]LogInit: Transaction tracking system initialized
[2020.03.05-09.00.49:005][  0]BlueprintLog: New page: 에디터 로드
[2020.03.05-09.00.49:195][  0]LocalizationService: 현지화 서비스가 비활성화되었습니다.
[2020.03.05-09.00.49:377][  0]LogConsoleResponse: Display: 
[2020.03.05-09.00.49:665][  0]LogCook: Display: Max memory allowance for cook 16384mb min free memory 0mb
[2020.03.05-09.00.49:665][  0]LogCook: Display: Mobile HDR setting 1
[2020.03.05-09.00.49:665][  0]LogGameplayTags: Display: UGameplayTagsManager::DoneAddingNativeTags. DelegateIsBound: 0
[2020.03.05-09.00.49:665][  0]LogStats: UGameplayTagsManager::ConstructGameplayTagTree: Construct from data asset -  0.000 s
[2020.03.05-09.00.49:666][  0]LogStats: UGameplayTagsManager::ConstructGameplayTagTree: GameplayTagTreeChangedEvent.Broadcast -  0.000 s
[2020.03.05-09.00.50:016][  0]LogFileCache: Scanning file cache for directory 'C:/dev/ArenaBattle/Content/' took 0.03s
[2020.03.05-09.00.50:526][  0]SourceControl: 소스 콘트롤이 꺼졌습니다.
[2020.03.05-09.00.50:526][  0]Cmd: MAP LOAD FILE="../../../../../../dev/ArenaBattle/Content/Book/Maps/Step2.umap" TEMPLATE=0 SHOWPROGRESS=1 FEATURELEVEL=3
[2020.03.05-09.00.50:527][  0]LightingResults: New page: 라이팅 빌드
[2020.03.05-09.00.50:534][  0]MapCheck: New page: 맵 체크
[2020.03.05-09.00.50:534][  0]LightingResults: New page: 라이팅 빌드
[2020.03.05-09.00.50:549][  0]LogUObjectGlobals: Destroyed PersistentFrame Addr=0x0000016cf1e583a0, Size=24
[2020.03.05-09.00.50:622][  0]LogUObjectGlobals: Created PersistentFrame Addr=0x0000016ce43bedc0, Size=64, Default__ThirdPerson_AnimBP_C Function /Game/Mannequin/Animations/ThirdPerson_AnimBP.ThirdPerson_AnimBP_C:ExecuteUbergraph_ThirdPerson_AnimBP
[2020.03.05-09.00.50:641][  0]LogUObjectGlobals: Destroyed PersistentFrame Addr=0x0000016ce43bedc0, Size=64
[2020.03.05-09.00.50:642][  0]LogUObjectGlobals: Created PersistentFrame Addr=0x0000016ce43bee80, Size=64, Default__ThirdPerson_AnimBP_C Function /Engine/Transient.REINST_ThirdPerson_AnimBP_C_1:ExecuteUbergraph_ThirdPerson_AnimBP
[2020.03.05-09.00.50:654][  0]LogUObjectGlobals: Created PersistentFrame Addr=0x0000016ce4312ed0, Size=72, Default__ThirdPerson_AnimBP_C Function /Game/Mannequin/Animations/ThirdPerson_AnimBP.ThirdPerson_AnimBP_C:ExecuteUbergraph_ThirdPerson_AnimBP
[2020.03.05-09.00.50:726][  0]LogUObjectGlobals: Created PersistentFrame Addr=0x0000016ce42af240, Size=296, Default__ThirdPersonCharacter_C Function /Game/ThirdPersonBP/Blueprints/ThirdPersonCharacter.ThirdPersonCharacter_C:ExecuteUbergraph_ThirdPersonCharacter
[2020.03.05-09.00.50:737][  0]LogUObjectGlobals: Destroyed PersistentFrame Addr=0x0000016ce42af240, Size=296
[2020.03.05-09.00.50:737][  0]LogUObjectGlobals: Created PersistentFrame Addr=0x0000016ce42af240, Size=296, Default__ThirdPersonCharacter_C Function /Engine/Transient.REINST_ThirdPersonCharacter_C_5:ExecuteUbergraph_ThirdPersonCharacter
[2020.03.05-09.00.50:745][  0]LogUObjectGlobals: Created PersistentFrame Addr=0x0000016ce42ace00, Size=296, Default__ThirdPersonCharacter_C Function /Game/ThirdPersonBP/Blueprints/ThirdPersonCharacter.ThirdPersonCharacter_C:ExecuteUbergraph_ThirdPersonCharacter
[2020.03.05-09.00.51:122][  0]LogSkeletalMesh: Skeletal Mesh found in DDC [19.381800ms] /Game/Mannequin/Character/Mesh/SK_Mannequin.SK_Mannequin
[2020.03.05-09.00.51:149][  0]LogSkeletalMesh: Skeletal Mesh found in DDC [0.950100ms] /Game/InfinityBladeWarriors/Character/CompleteCharacters/SK_CharM_Barbarous.SK_CharM_Barbarous
[2020.03.05-09.00.51:258][  0]LogSkeletalMesh: Skeletal Mesh found in DDC [0.874400ms] /Game/InfinityBladeWarriors/Character/CompleteCharacters/SK_CharM_Golden.SK_CharM_Golden
[2020.03.05-09.00.51:344][  0]LogAIModule: Creating AISystem for world Step2
[2020.03.05-09.00.51:363][  0]LogEditorServer: Finished looking for orphan Actors (0.000 secs)
[2020.03.05-09.00.51:380][  0]LogUObjectGlobals: Destroyed PersistentFrame Addr=0x0000016ce43bee80, Size=64
[2020.03.05-09.00.51:380][  0]LogUObjectGlobals: Destroyed PersistentFrame Addr=0x0000016ce42af240, Size=296
[2020.03.05-09.00.51:381][  0]Cmd: MAP CHECKDEP NOCLEARLOG
[2020.03.05-09.00.51:528][  0]MapCheck: 맵 체크 완료: 오류 0 회, 경고 0 회, 소요 시간 146.02ms.
[2020.03.05-09.00.51:528][  0]LogFileHelpers: Loading map 'Step2' took 1.002
[2020.03.05-09.00.51:857][  0]LogCollectionManager: Loaded 0 collections in 0.006658 seconds
[2020.03.05-09.00.51:923][  0]LogFileCache: Scanning file cache for directory 'C:/dev/ArenaBattle/Saved/Collections/' took 0.01s
[2020.03.05-09.00.51:923][  0]LogFileCache: Scanning file cache for directory 'C:/dev/ArenaBattle/Content/Developers/pth08/Collections/' took 0.01s
[2020.03.05-09.00.51:923][  0]LogFileCache: Scanning file cache for directory 'C:/dev/ArenaBattle/Content/Collections/' took 0.01s
[2020.03.05-09.00.51:923][  0]LogCollectionManager: Rebuilt the GUID cache for 0 collections in 0.000000 seconds
[2020.03.05-09.00.51:939][  0]LogContentBrowser: Native class hierarchy populated in 0.0158 seconds. Added 2457 classes and 560 folders.
[2020.03.05-09.00.51:960][  0]LogContentBrowser: Native class hierarchy updated for 'WidgetCarousel' in 0.0011 seconds. Added 0 classes and 0 folders.
[2020.03.05-09.00.52:045][  0]LogContentBrowser: Native class hierarchy updated for 'AddContentDialog' in 0.0011 seconds. Added 0 classes and 0 folders.
[2020.03.05-09.00.52:061][  0]LogContentBrowser: Native class hierarchy updated for 'SceneOutliner' in 0.0017 seconds. Added 1 classes and 2 folders.
[2020.03.05-09.00.52:179][  0]LogSlate: Took 0.000287 seconds to synchronously load lazily loaded font '../../../Engine/Content/Slate/Fonts/Roboto-Regular.ttf' (155K)
[2020.03.05-09.00.52:186][  0]LogSlate: Took 0.004465 seconds to synchronously load lazily loaded font '../../../Engine/Content/Editor/Slate/Fonts/NanumGothic.ttf' (4243K)
[2020.03.05-09.00.52:193][  0]LogSlate: Took 0.004715 seconds to synchronously load lazily loaded font '../../../Engine/Content/Editor/Slate/Fonts/NanumGothicBold.ttf' (4188K)
[2020.03.05-09.00.52:193][  0]LogSlate: Took 0.000362 seconds to synchronously load lazily loaded font '../../../Engine/Content/Slate/Fonts/Roboto-Bold.ttf' (160K)
[2020.03.05-09.00.52:207][  0]LogSlate: Took 0.000373 seconds to synchronously load lazily loaded font '../../../Engine/Content/Editor/Slate/Fonts/FontAwesome.ttf' (139K)
[2020.03.05-09.00.52:417][  0]LogRenderer: Reallocating scene render targets to support 1208x576 Format 10 NumSamples 1 (Frame:1).
[2020.03.05-09.00.52:741][  0]LogContentBrowser: Native class hierarchy updated for 'HierarchicalLODOutliner' in 0.0010 seconds. Added 0 classes and 0 folders.
[2020.03.05-09.00.52:741][  0]LogLoad: (Engine Initialization) Total time: 27.95 seconds
[2020.03.05-09.00.52:741][  0]LogLoad: (Engine Initialization) Total Blueprint compile time: 0.00 seconds
[2020.03.05-09.00.52:775][  0]LogContentStreaming: Texture pool size now 1000 MB
[2020.03.05-09.00.52:851][  0]LogSlate: Took 0.000185 seconds to synchronously load lazily loaded font '../../../Engine/Content/Slate/Fonts/Roboto-Light.ttf' (167K)
[2020.03.05-09.00.53:151][  2]LogAssetRegistry: Asset discovery search completed in 14.2806 seconds
[2020.03.05-09.00.53:154][  2]LogCollectionManager: Rebuilt the object cache for 0 collections in 0.000000 seconds (found 0 objects)
[2020.03.05-09.00.53:154][  2]LogCollectionManager: Fixed up redirectors for 0 collections in 0.000088 seconds (updated 0 objects)
[2020.03.05-09.00.53:825][ 29]LogSlate: Took 0.000266 seconds to synchronously load lazily loaded font '../../../Engine/Content/Slate/Fonts/Roboto-Light.ttf' (167K)
[2020.03.05-09.00.59:614][180]LogSlate: FSceneViewport::OnFocusLost() reason 0
[2020.03.05-09.00.59:805][187]LogContentBrowser: Native class hierarchy updated for 'SkeletonEditor' in 0.0015 seconds. Added 1 classes and 2 folders.
[2020.03.05-09.01.00:131][187]LogActorComponent: RegisterComponentWithWorld: (/Engine/Transient.World_2:PersistentLevel.Actor_0.DebugSkelMeshComponent_0) Already registered. Aborting.
[2020.03.05-09.01.00:141][187]LogContentBrowser: Native class hierarchy updated for 'PinnedCommandList' in 0.0012 seconds. Added 1 classes and 0 folders.
[2020.03.05-09.01.01:061][187]LogContentBrowser: Native class hierarchy updated for 'ClothingSystemEditorInterface' in 0.0016 seconds. Added 1 classes and 0 folders.
[2020.03.05-09.01.01:081][187]LogContentBrowser: Verbose: The majority of assets in the view are of type: AnimSequence
[2020.03.05-09.01.05:111][317]LogSlate: Window 'SK_Mannequin_Skeleton_Montage' being destroyed
[2020.03.05-09.01.06:195][375]LogSlate: FSceneViewport::OnFocusLost() reason 0
[2020.03.05-09.01.20:139][826]ArenaBattle: Warning: AABPawn::PostInitializeComponents(88)
[2020.03.05-09.01.23:891][ 16]LogD3D11RHI: Error: Result failed 
 at D:\Build\++UE4+Release-4.19+Compile\Sync\Engine\Source\Runtime\Windows\D3D11RHI\Private\D3D11Viewport.cpp:303 
 with error E_INVALIDARG
[2020.03.05-09.01.23:891][ 16]LogWindows: Windows GetLastError: 작업을 완료했습니다. (0)
[2020.03.05-09.01.37:600][ 16]LogWindows: Windows GetLastError: 작업을 완료했습니다. (0)
[2020.03.05-09.01.37:600][ 16]LogWindows: Error: === Critical error: ===
[2020.03.05-09.01.37:600][ 16]LogWindows: Error: 
[2020.03.05-09.01.37:600][ 16]LogWindows: Error: Fatal error: [File:D:\Build\++UE4+Release-4.19+Compile\Sync\Engine\Source\Runtime\RenderCore\Private\RenderingThread.cpp] [Line: 819] 
[2020.03.05-09.01.37:600][ 16]LogWindows: Error: Rendering thread exception:
[2020.03.05-09.01.37:600][ 16]LogWindows: Error: Fatal error: [File:D:\Build\++UE4+Release-4.19+Compile\Sync\Engine\Source\Runtime\Windows\D3D11RHI\Private\D3D11Util.cpp] [Line: 233] 
[2020.03.05-09.01.37:600][ 16]LogWindows: Error: Result failed 
[2020.03.05-09.01.37:600][ 16]LogWindows: Error:  at D:\Build\++UE4+Release-4.19+Compile\Sync\Engine\Source\Runtime\Windows\D3D11RHI\Private\D3D11Viewport.cpp:303 
[2020.03.05-09.01.37:600][ 16]LogWindows: Error:  with error E_INVALIDARG
[2020.03.05-09.01.37:600][ 16]LogWindows: Error: 
[2020.03.05-09.01.37:600][ 16]LogWindows: Error: 
[2020.03.05-09.01.37:600][ 16]LogWindows: Error: [Callstack] 0x000000002B7FA839 KERNELBASE.dll!UnknownFunction []
[2020.03.05-09.01.37:600][ 16]LogWindows: Error: [Callstack] 0x00000000FCC17884 UE4Editor-ApplicationCore.dll!FWindowsErrorOutputDevice::Serialize() [d:\build\++ue4+release-4.19+compile\sync\engine\source\runtime\applicationcore\private\windows\windowserroroutputdevice.cpp:65]
[2020.03.05-09.01.37:600][ 16]LogWindows: Error: [Callstack] 0x00000000F12A6D9B UE4Editor-Core.dll!FOutputDevice::LogfImpl() [d:\build\++ue4+release-4.19+compile\sync\engine\source\runtime\core\private\misc\outputdevice.cpp:70]
[2020.03.05-09.01.37:600][ 16]LogWindows: Error: [Callstack] 0x00000000F11E1949 UE4Editor-Core.dll!FDebug::AssertFailed() [d:\build\++ue4+release-4.19+compile\sync\engine\source\runtime\core\private\misc\assertionmacros.cpp:419]
[2020.03.05-09.01.37:600][ 16]LogWindows: Error: [Callstack] 0x00000000DF1EE796 UE4Editor-D3D11RHI.dll!VerifyD3D11Result() [d:\build\++ue4+release-4.19+compile\sync\engine\source\runtime\windows\d3d11rhi\private\d3d11util.cpp:233]
[2020.03.05-09.01.37:600][ 16]LogWindows: Error: [Callstack] 0x00000000DF1CD62A UE4Editor-D3D11RHI.dll!FD3D11Viewport::PresentChecked() [d:\build\++ue4+release-4.19+compile\sync\engine\source\runtime\windows\d3d11rhi\private\d3d11viewport.cpp:303]
[2020.03.05-09.01.37:600][ 16]LogWindows: Error: [Callstack] 0x00000000DF1CD58C UE4Editor-D3D11RHI.dll!FD3D11Viewport::Present() [d:\build\++ue4+release-4.19+compile\sync\engine\source\runtime\windows\d3d11rhi\private\d3d11viewport.cpp:486]
[2020.03.05-09.01.37:600][ 16]LogWindows: Error: [Callstack] 0x00000000DF1DAADF UE4Editor-D3D11RHI.dll!FD3D11DynamicRHI::RHIEndDrawingViewport() [d:\build\++ue4+release-4.19+compile\sync\engine\source\runtime\windows\d3d11rhi\private\d3d11viewport.cpp:607]
[2020.03.05-09.01.37:600][ 16]LogWindows: Error: [Callstack] 0x00000000FCC9F0B6 UE4Editor-RHI.dll!FRHICommandList::EndDrawingViewport() [d:\build\++ue4+release-4.19+compile\sync\engine\source\runtime\rhi\private\rhicommandlist.cpp:1638]
[2020.03.05-09.01.37:601][ 16]LogWindows: Error: [Callstack] 0x00000000DEFB1FF8 UE4Editor-SlateRHIRenderer.dll!FSlateRHIRenderer::DrawWindow_RenderThread() [d:\build\++ue4+release-4.19+compile\sync\engine\source\runtime\slaterhirenderer\private\slaterhirenderer.cpp:898]
[2020.03.05-09.01.37:601][ 16]LogWindows: Error: [Callstack] 0x00000000DEFB7C4C UE4Editor-SlateRHIRenderer.dll!TGraphTask<TEnqueueUniqueRenderCommandType<`FSlateRHIRenderer::DrawWindows_Private'::`29'::SlateDrawWindowsCommandName,<lambda_43e86ee7c51f39979e9a39d40b280024> > >::ExecuteTask() [d:\build\++ue4+release-4.19+compile\sync\engine\source\runtime\core\public\async\taskgraphinterfaces.h:829]
[2020.03.05-09.01.37:601][ 16]LogWindows: Error: [Callstack] 0x00000000F10BB713 UE4Editor-Core.dll!FNamedTaskThread::ProcessTasksNamedThread() [d:\build\++ue4+release-4.19+compile\sync\engine\source\runtime\core\private\async\taskgraph.cpp:665]
[2020.03.05-09.01.37:601][ 16]LogWindows: Error: [Callstack] 0x00000000F10BBD3A UE4Editor-Core.dll!FNamedTaskThread::ProcessTasksUntilQuit() [d:\build\++ue4+release-4.19+compile\sync\engine\source\runtime\core\private\async\taskgraph.cpp:574]
[2020.03.05-09.01.37:601][ 16]LogWindows: Error: [Callstack] 0x00000000FDE93CC9 UE4Editor-RenderCore.dll!RenderingThreadMain() [d:\build\++ue4+release-4.19+compile\sync\engine\source\runtime\rendercore\private\renderingthread.cpp:331]
[2020.03.05-09.01.37:601][ 16]LogWindows: Error: [Callstack] 0x00000000FDE94CF6 UE4Editor-RenderCore.dll!FRenderingThread::Run() [d:\build\++ue4+release-4.19+compile\sync\engine\source\runtime\rendercore\private\renderingthread.cpp:465]
[2020.03.05-09.01.37:601][ 16]LogWindows: Error: [Callstack] 0x00000000F1489FFC UE4Editor-Core.dll!FRunnableThreadWin::Run() [d:\build\++ue4+release-4.19+compile\sync\engine\source\runtime\core\private\windows\windowsrunnablethread.cpp:76]
[2020.03.05-09.01.37:601][ 16]LogWindows: Error: [Callstack] 0x00000000F147ED63 UE4Editor-Core.dll!FRunnableThreadWin::GuardedRun() [d:\build\++ue4+release-4.19+compile\sync\engine\source\runtime\core\private\windows\windowsrunnablethread.cpp:33]
[2020.03.05-09.01.37:601][ 16]LogWindows: Error: [Callstack] 0x000000002BE07BD4 KERNEL32.DLL!UnknownFunction []
[2020.03.05-09.01.37:601][ 16]LogWindows: Error: [Callstack] 0x000000002DBACED1 ntdll.dll!UnknownFunction []
[2020.03.05-09.01.37:601][ 16]LogWindows: Error: [Callstack] 0x000000002DBACED1 ntdll.dll!UnknownFunction []
[2020.03.05-09.01.37:601][ 16]LogWindows: Error: 
[2020.03.05-09.01.37:601][ 16]LogWindows: Error: 
[2020.03.05-09.01.37:601][ 16]LogWindows: Error: 
[2020.03.05-09.01.37:601][ 16]LogWindows: Error: 
[2020.03.05-09.01.37:619][ 16]LogExit: Executing StaticShutdownAfterError
[2020.03.05-09.01.37:625][ 16]LogWindows: FPlatformMisc::RequestExit(1)
[2020.03.05-09.01.37:625][ 16]Log file closed, 03/05/20 18:01:37
